<?xml version="1.0" encoding="UTF-8"?><testrun name="TestAllPtidej" project="All Ptidej Tests" tests="806" started="806" failures="0" errors="13" ignored="0">
  <testsuite name="All Ptidej" incomplete="true">
    <testsuite name="Test all creators" incomplete="true">
      <testsuite name="TestSuite with 2 tests [example: padl.creator.aolfile.test.Test1]" time="0.182">
        <testsuite name="padl.creator.aolfile.test.Test1" time="0.152">
          <testcase name="testClasses" classname="padl.creator.aolfile.test.Test1" time="0.152"/>
        </testsuite>
        <testsuite name="padl.creator.aolfile.test.Test2" time="0.03">
          <testcase name="testClasses" classname="padl.creator.aolfile.test.Test2" time="0.03"/>
        </testsuite>
      </testsuite>
      <testsuite name="TestSuite with 7 tests [example: padl.creator.aspectj.test.TestOO]" time="6.001">
        <testsuite name="padl.creator.aspectj.test.TestOO" time="1.114">
          <testcase name="testConstituentCreation" classname="padl.creator.aspectj.test.TestOO" time="1.064"/>
          <testcase name="testCreation" classname="padl.creator.aspectj.test.TestOO" time="0.05"/>
        </testsuite>
        <testsuite name="padl.creator.aspectj.test.TestAO" time="4.08">
          <testcase name="testConstituentCreation" classname="padl.creator.aspectj.test.TestAO" time="2.646"/>
          <testcase name="testImportCreation" classname="padl.creator.aspectj.test.TestAO" time="0.828"/>
          <testcase name="testLstExist" classname="padl.creator.aspectj.test.TestAO" time="0.605"/>
        </testsuite>
        <testsuite name="padl.creator.aspectj.test.TestModelCreation" time="0.695">
          <testcase name="testCreation" classname="padl.creator.aspectj.test.TestModelCreation" time="0.695"/>
        </testsuite>
        <testsuite name="ptidej.ui.kernel.builder.test.TestBuilder" time="0.112">
          <testcase name="testTypematching" classname="ptidej.ui.kernel.builder.test.TestBuilder" time="0.112"/>
        </testsuite>
      </testsuite>
      <testsuite name="padl.creator.test.csharpfile.v1.TestCreatorCSharpV1" time="1.011">
        <testcase name="testParser" classname="padl.creator.test.csharpfile.v1.TestCreatorCSharpV1" time="1.011"/>
      </testsuite>
      <testsuite name="padl.creator.test.csharpfile.v2.TestCreatorCSharpv2" time="0.441">
        <testcase name="testParser" classname="padl.creator.test.csharpfile.v2.TestCreatorCSharpv2" time="0.441"/>
      </testsuite>
      <testsuite name="TestSuite with 4 tests [example: padl.creator.cppfile.eclipse.test.simple.TestSimple]" time="102.111">
        <testsuite name="padl.creator.cppfile.eclipse.test.simple.TestSimple" time="6.018">
          <testcase name="test1" classname="padl.creator.cppfile.eclipse.test.simple.TestSimple" time="6.018"/>
        </testsuite>
        <testsuite name="padl.creator.cppfile.eclipse.test.simple.TestSimple2" time="4.445">
          <testcase name="test1" classname="padl.creator.cppfile.eclipse.test.simple.TestSimple2" time="4.445"/>
        </testsuite>
        <testsuite name="padl.creator.cppfile.eclipse.test.big.TestQMake" time="20.285">
          <testcase name="test1" classname="padl.creator.cppfile.eclipse.test.big.TestQMake" time="20.285"/>
        </testsuite>
        <testsuite name="padl.creator.cppfile.eclipse.test.big.TestChrome" time="71.363">
          <testcase name="test1" classname="padl.creator.cppfile.eclipse.test.big.TestChrome" time="71.363"/>
        </testsuite>
      </testsuite>
      <testsuite name="TestSuite with 214 tests [example: padl.creator.classfile.test.example.TestClassFileCompleteCreator@20b9b80d]" time="65.404">
        <testsuite name="TestSuite with 180 tests [example: padl.creator.classfile.test.example.Aggregation1]" time="0.757">
          <testsuite name="padl.creator.classfile.test.example.Aggregation1" time="0.01">
            <testcase name="testField" classname="padl.creator.classfile.test.example.Aggregation1" time="0.01"/>
            <testcase name="testAddMethod" classname="padl.creator.classfile.test.example.Aggregation1" time="0.0"/>
            <testcase name="testAssociation" classname="padl.creator.classfile.test.example.Aggregation1" time="0.0"/>
            <testcase name="testConstructor" classname="padl.creator.classfile.test.example.Aggregation1" time="0.0"/>
            <testcase name="testContainerAggregation" classname="padl.creator.classfile.test.example.Aggregation1" time="0.0"/>
            <testcase name="testGetUseRelationship" classname="padl.creator.classfile.test.example.Aggregation1" time="0.0"/>
            <testcase name="testMainEntityName" classname="padl.creator.classfile.test.example.Aggregation1" time="0.0"/>
            <testcase name="testNumberOfElements" classname="padl.creator.classfile.test.example.Aggregation1" time="0.0"/>
            <testcase name="testNumberOfEntities" classname="padl.creator.classfile.test.example.Aggregation1" time="0.0"/>
            <testcase name="testRemoveMethod" classname="padl.creator.classfile.test.example.Aggregation1" time="0.0"/>
          </testsuite>
          <testsuite name="padl.creator.classfile.test.example.Aggregation10" time="0.011">
            <testcase name="testConstructor" classname="padl.creator.classfile.test.example.Aggregation10" time="0.011"/>
            <testcase name="testMainEntityName" classname="padl.creator.classfile.test.example.Aggregation10" time="0.0"/>
            <testcase name="testNumberOfElements" classname="padl.creator.classfile.test.example.Aggregation10" time="0.0"/>
            <testcase name="testNumberOfEntities" classname="padl.creator.classfile.test.example.Aggregation10" time="0.0"/>
            <testcase name="testAggregation" classname="padl.creator.classfile.test.example.Aggregation10" time="0.0"/>
            <testcase name="testAddAMethod" classname="padl.creator.classfile.test.example.Aggregation10" time="0.0"/>
            <testcase name="testAssociationLink" classname="padl.creator.classfile.test.example.Aggregation10" time="0.0"/>
            <testcase name="testConstructorAssociation" classname="padl.creator.classfile.test.example.Aggregation10" time="0.0"/>
            <testcase name="testUseRelationship" classname="padl.creator.classfile.test.example.Aggregation10" time="0.0"/>
            <testcase name="testRemoveAMethod" classname="padl.creator.classfile.test.example.Aggregation10" time="0.0"/>
            <testcase name="testStaticField" classname="padl.creator.classfile.test.example.Aggregation10" time="0.0"/>
          </testsuite>
          <testsuite name="padl.creator.classfile.test.example.Aggregation11" time="0.02">
            <testcase name="testConstructor" classname="padl.creator.classfile.test.example.Aggregation11" time="0.01"/>
            <testcase name="testContainerAggregation" classname="padl.creator.classfile.test.example.Aggregation11" time="0.0"/>
            <testcase name="testMainEntityName" classname="padl.creator.classfile.test.example.Aggregation11" time="0.0"/>
            <testcase name="testNumberOfElements" classname="padl.creator.classfile.test.example.Aggregation11" time="0.0"/>
            <testcase name="testNumberOfEntities" classname="padl.creator.classfile.test.example.Aggregation11" time="0.0"/>
            <testcase name="testAddAMethod" classname="padl.creator.classfile.test.example.Aggregation11" time="0.01"/>
            <testcase name="testConstructorAssociation" classname="padl.creator.classfile.test.example.Aggregation11" time="0.0"/>
            <testcase name="testRemoveAMethod" classname="padl.creator.classfile.test.example.Aggregation11" time="0.0"/>
            <testcase name="testStaticField" classname="padl.creator.classfile.test.example.Aggregation11" time="0.0"/>
            <testcase name="testAssociation1" classname="padl.creator.classfile.test.example.Aggregation11" time="0.0"/>
            <testcase name="testAddUseRelationship" classname="padl.creator.classfile.test.example.Aggregation11" time="0.0"/>
            <testcase name="testAddAggregation" classname="padl.creator.classfile.test.example.Aggregation11" time="0.0"/>
          </testsuite>
          <testsuite name="padl.creator.classfile.test.example.Aggregation13" time="0.01">
            <testcase name="testConstructor" classname="padl.creator.classfile.test.example.Aggregation13" time="0.01"/>
            <testcase name="testMainEntityName" classname="padl.creator.classfile.test.example.Aggregation13" time="0.0"/>
            <testcase name="testNumberOfElements" classname="padl.creator.classfile.test.example.Aggregation13" time="0.0"/>
            <testcase name="testNumberOfEntities" classname="padl.creator.classfile.test.example.Aggregation13" time="0.0"/>
            <testcase name="testAddAMethod" classname="padl.creator.classfile.test.example.Aggregation13" time="0.0"/>
            <testcase name="testConstructorAssociation" classname="padl.creator.classfile.test.example.Aggregation13" time="0.0"/>
            <testcase name="testRemoveAMethod" classname="padl.creator.classfile.test.example.Aggregation13" time="0.0"/>
            <testcase name="testContainerAggregation0" classname="padl.creator.classfile.test.example.Aggregation13" time="0.0"/>
            <testcase name="testContainerAggregation1" classname="padl.creator.classfile.test.example.Aggregation13" time="0.0"/>
            <testcase name="testAddAnotherA" classname="padl.creator.classfile.test.example.Aggregation13" time="0.0"/>
            <testcase name="testAddAAggregation" classname="padl.creator.classfile.test.example.Aggregation13" time="0.0"/>
            <testcase name="testGetAMethod" classname="padl.creator.classfile.test.example.Aggregation13" time="0.0"/>
            <testcase name="testGetAnotherAMethod" classname="padl.creator.classfile.test.example.Aggregation13" time="0.0"/>
            <testcase name="testInstanceField" classname="padl.creator.classfile.test.example.Aggregation13" time="0.0"/>
            <testcase name="testRemoveAnotherAMethod" classname="padl.creator.classfile.test.example.Aggregation13" time="0.0"/>
          </testsuite>
          <testsuite name="padl.creator.classfile.test.example.Aggregations" time="0.08">
            <testcase name="testEntity3" classname="padl.creator.classfile.test.example.Aggregations" time="0.07"/>
            <testcase name="testEntity2" classname="padl.creator.classfile.test.example.Aggregations" time="0.0"/>
            <testcase name="testEntity1" classname="padl.creator.classfile.test.example.Aggregations" time="0.0"/>
            <testcase name="testNumberOfEntities" classname="padl.creator.classfile.test.example.Aggregations" time="0.01"/>
            <testcase name="testAggregation3" classname="padl.creator.classfile.test.example.Aggregations" time="0.0"/>
            <testcase name="testAggregation2" classname="padl.creator.classfile.test.example.Aggregations" time="0.0"/>
            <testcase name="testAggregation12" classname="padl.creator.classfile.test.example.Aggregations" time="0.0"/>
            <testcase name="testAggregation4" classname="padl.creator.classfile.test.example.Aggregations" time="0.0"/>
            <testcase name="testAggregation5" classname="padl.creator.classfile.test.example.Aggregations" time="0.0"/>
            <testcase name="testAggregation6" classname="padl.creator.classfile.test.example.Aggregations" time="0.0"/>
            <testcase name="testAggregation7" classname="padl.creator.classfile.test.example.Aggregations" time="0.0"/>
            <testcase name="testAggregation8" classname="padl.creator.classfile.test.example.Aggregations" time="0.0"/>
            <testcase name="testAggregation9" classname="padl.creator.classfile.test.example.Aggregations" time="0.0"/>
          </testsuite>
          <testsuite name="padl.creator.classfile.test.example.Aggregation_CLASS_INSTANCE_FROM_FIELD_1" time="0.015">
            <testcase name="testAssociation" classname="padl.creator.classfile.test.example.Aggregation_CLASS_INSTANCE_FROM_FIELD_1" time="0.012"/>
            <testcase name="testConstructor" classname="padl.creator.classfile.test.example.Aggregation_CLASS_INSTANCE_FROM_FIELD_1" time="0.001"/>
            <testcase name="testMainEntityName" classname="padl.creator.classfile.test.example.Aggregation_CLASS_INSTANCE_FROM_FIELD_1" time="0.0"/>
            <testcase name="testNumberOfElements" classname="padl.creator.classfile.test.example.Aggregation_CLASS_INSTANCE_FROM_FIELD_1" time="0.0"/>
            <testcase name="testNumberOfEntities" classname="padl.creator.classfile.test.example.Aggregation_CLASS_INSTANCE_FROM_FIELD_1" time="0.0"/>
            <testcase name="testAggregation" classname="padl.creator.classfile.test.example.Aggregation_CLASS_INSTANCE_FROM_FIELD_1" time="0.001"/>
            <testcase name="testUseRelationship" classname="padl.creator.classfile.test.example.Aggregation_CLASS_INSTANCE_FROM_FIELD_1" time="0.0"/>
            <testcase name="testStaticField" classname="padl.creator.classfile.test.example.Aggregation_CLASS_INSTANCE_FROM_FIELD_1" time="0.0"/>
            <testcase name="testFooAssociation" classname="padl.creator.classfile.test.example.Aggregation_CLASS_INSTANCE_FROM_FIELD_1" time="0.001"/>
            <testcase name="testMethod" classname="padl.creator.classfile.test.example.Aggregation_CLASS_INSTANCE_FROM_FIELD_1" time="0.0"/>
          </testsuite>
          <testsuite name="padl.creator.classfile.test.example.Association_INSTANCE_INSTANCE_2" time="0.009">
            <testcase name="testAssociation" classname="padl.creator.classfile.test.example.Association_INSTANCE_INSTANCE_2" time="0.007"/>
            <testcase name="testConstructor" classname="padl.creator.classfile.test.example.Association_INSTANCE_INSTANCE_2" time="0.0"/>
            <testcase name="testMainEntityName" classname="padl.creator.classfile.test.example.Association_INSTANCE_INSTANCE_2" time="0.0"/>
            <testcase name="testNumberOfElements" classname="padl.creator.classfile.test.example.Association_INSTANCE_INSTANCE_2" time="0.001"/>
            <testcase name="testNumberOfEntities" classname="padl.creator.classfile.test.example.Association_INSTANCE_INSTANCE_2" time="0.0"/>
            <testcase name="testConstructorAssociation" classname="padl.creator.classfile.test.example.Association_INSTANCE_INSTANCE_2" time="0.0"/>
            <testcase name="testUseRelationship" classname="padl.creator.classfile.test.example.Association_INSTANCE_INSTANCE_2" time="0.001"/>
            <testcase name="testFooAssociation" classname="padl.creator.classfile.test.example.Association_INSTANCE_INSTANCE_2" time="0.0"/>
            <testcase name="testMethod" classname="padl.creator.classfile.test.example.Association_INSTANCE_INSTANCE_2" time="0.0"/>
          </testsuite>
          <testsuite name="padl.creator.classfile.test.example.ChainOfMessages" time="0.008">
            <testcase name="testConstructor" classname="padl.creator.classfile.test.example.ChainOfMessages" time="0.006"/>
            <testcase name="testNumberOfElements" classname="padl.creator.classfile.test.example.ChainOfMessages" time="0.001"/>
            <testcase name="testNumberOfEntities" classname="padl.creator.classfile.test.example.ChainOfMessages" time="0.0"/>
            <testcase name="testAssociation1" classname="padl.creator.classfile.test.example.ChainOfMessages" time="0.0"/>
            <testcase name="testAssociation2" classname="padl.creator.classfile.test.example.ChainOfMessages" time="0.001"/>
            <testcase name="testAssociation0" classname="padl.creator.classfile.test.example.ChainOfMessages" time="0.0"/>
            <testcase name="testMethod" classname="padl.creator.classfile.test.example.ChainOfMessages" time="0.0"/>
          </testsuite>
          <testsuite name="padl.creator.classfile.test.example.Composite1" time="0.041">
            <testcase name="testElement" classname="padl.creator.classfile.test.example.Composite1" time="0.04"/>
            <testcase name="testGhosts" classname="padl.creator.classfile.test.example.Composite1" time="0.001"/>
            <testcase name="testTitle" classname="padl.creator.classfile.test.example.Composite1" time="0.0"/>
            <testcase name="testMain" classname="padl.creator.classfile.test.example.Composite1" time="0.0"/>
            <testcase name="testDocument" classname="padl.creator.classfile.test.example.Composite1" time="0.0"/>
            <testcase name="testNumberOfEntities" classname="padl.creator.classfile.test.example.Composite1" time="0.0"/>
            <testcase name="testIndentedParagraph" classname="padl.creator.classfile.test.example.Composite1" time="0.0"/>
            <testcase name="testParagraph" classname="padl.creator.classfile.test.example.Composite1" time="0.0"/>
            <testcase name="testAbstractDocument" classname="padl.creator.classfile.test.example.Composite1" time="0.0"/>
          </testsuite>
          <testsuite name="padl.creator.classfile.test.example.Composite4AbstractDocument" time="0.01">
            <testcase name="testConstructor" classname="padl.creator.classfile.test.example.Composite4AbstractDocument" time="0.01"/>
            <testcase name="testNumberOfElements" classname="padl.creator.classfile.test.example.Composite4AbstractDocument" time="0.0"/>
            <testcase name="testNumberOfEntities" classname="padl.creator.classfile.test.example.Composite4AbstractDocument" time="0.0"/>
            <testcase name="testAssociation1" classname="padl.creator.classfile.test.example.Composite4AbstractDocument" time="0.0"/>
            <testcase name="testAssociation2" classname="padl.creator.classfile.test.example.Composite4AbstractDocument" time="0.0"/>
            <testcase name="testMethod" classname="padl.creator.classfile.test.example.Composite4AbstractDocument" time="0.0"/>
            <testcase name="testUseRelationship2" classname="padl.creator.classfile.test.example.Composite4AbstractDocument" time="0.0"/>
            <testcase name="testUseRelationship1" classname="padl.creator.classfile.test.example.Composite4AbstractDocument" time="0.0"/>
          </testsuite>
          <testsuite name="padl.creator.classfile.test.example.CreationLink_INSTANCE_CREATION_1" time="0.01">
            <testcase name="testAssociation" classname="padl.creator.classfile.test.example.CreationLink_INSTANCE_CREATION_1" time="0.01"/>
            <testcase name="testConstructor" classname="padl.creator.classfile.test.example.CreationLink_INSTANCE_CREATION_1" time="0.0"/>
            <testcase name="testMainEntityName" classname="padl.creator.classfile.test.example.CreationLink_INSTANCE_CREATION_1" time="0.0"/>
            <testcase name="testNumberOfElements" classname="padl.creator.classfile.test.example.CreationLink_INSTANCE_CREATION_1" time="0.0"/>
            <testcase name="testNumberOfEntities" classname="padl.creator.classfile.test.example.CreationLink_INSTANCE_CREATION_1" time="0.0"/>
            <testcase name="testMethod" classname="padl.creator.classfile.test.example.CreationLink_INSTANCE_CREATION_1" time="0.0"/>
            <testcase name="testCreationLink" classname="padl.creator.classfile.test.example.CreationLink_INSTANCE_CREATION_1" time="0.0"/>
          </testsuite>
          <testsuite name="padl.creator.classfile.test.example.CreationLink_INSTANCE_CREATION_3" time="0.0">
            <testcase name="testConstructor" classname="padl.creator.classfile.test.example.CreationLink_INSTANCE_CREATION_3" time="0.0"/>
            <testcase name="testMainEntityName" classname="padl.creator.classfile.test.example.CreationLink_INSTANCE_CREATION_3" time="0.0"/>
            <testcase name="testNumberOfElements" classname="padl.creator.classfile.test.example.CreationLink_INSTANCE_CREATION_3" time="0.0"/>
            <testcase name="testNumberOfEntities" classname="padl.creator.classfile.test.example.CreationLink_INSTANCE_CREATION_3" time="0.0"/>
            <testcase name="testAssociation1" classname="padl.creator.classfile.test.example.CreationLink_INSTANCE_CREATION_3" time="0.0"/>
            <testcase name="testAssociation2" classname="padl.creator.classfile.test.example.CreationLink_INSTANCE_CREATION_3" time="0.0"/>
            <testcase name="testMethod" classname="padl.creator.classfile.test.example.CreationLink_INSTANCE_CREATION_3" time="0.0"/>
            <testcase name="testUseRelationship2" classname="padl.creator.classfile.test.example.CreationLink_INSTANCE_CREATION_3" time="0.0"/>
            <testcase name="testUseRelationship1" classname="padl.creator.classfile.test.example.CreationLink_INSTANCE_CREATION_3" time="0.0"/>
            <testcase name="testCreationLink" classname="padl.creator.classfile.test.example.CreationLink_INSTANCE_CREATION_3" time="0.0"/>
          </testsuite>
          <testsuite name="padl.creator.classfile.test.example.Interfaces" time="0.01">
            <testcase name="testElement" classname="padl.creator.classfile.test.example.Interfaces" time="0.01"/>
            <testcase name="testSimple" classname="padl.creator.classfile.test.example.Interfaces" time="0.0"/>
            <testcase name="testNumberOfEntities" classname="padl.creator.classfile.test.example.Interfaces" time="0.0"/>
            <testcase name="testAbstractDocument" classname="padl.creator.classfile.test.example.Interfaces" time="0.0"/>
            <testcase name="testIAdaptable" classname="padl.creator.classfile.test.example.Interfaces" time="0.0"/>
            <testcase name="testIJavaElement" classname="padl.creator.classfile.test.example.Interfaces" time="0.0"/>
          </testsuite>
          <testsuite name="padl.creator.classfile.test.example.UseRelationship_CLASS_CLASS_1" time="0.0">
            <testcase name="testConstructor" classname="padl.creator.classfile.test.example.UseRelationship_CLASS_CLASS_1" time="0.0"/>
            <testcase name="testMainEntityName" classname="padl.creator.classfile.test.example.UseRelationship_CLASS_CLASS_1" time="0.0"/>
            <testcase name="testNumberOfElements" classname="padl.creator.classfile.test.example.UseRelationship_CLASS_CLASS_1" time="0.0"/>
            <testcase name="testNumberOfEntities" classname="padl.creator.classfile.test.example.UseRelationship_CLASS_CLASS_1" time="0.0"/>
            <testcase name="testUseRelationship" classname="padl.creator.classfile.test.example.UseRelationship_CLASS_CLASS_1" time="0.0"/>
            <testcase name="testAssociation1" classname="padl.creator.classfile.test.example.UseRelationship_CLASS_CLASS_1" time="0.0"/>
            <testcase name="testAssociation2" classname="padl.creator.classfile.test.example.UseRelationship_CLASS_CLASS_1" time="0.0"/>
            <testcase name="testMethod" classname="padl.creator.classfile.test.example.UseRelationship_CLASS_CLASS_1" time="0.0"/>
          </testsuite>
          <testsuite name="padl.creator.classfile.test.example.UseRelationship_CLASS_CLASS_3" time="0.01">
            <testcase name="testAssociation" classname="padl.creator.classfile.test.example.UseRelationship_CLASS_CLASS_3" time="0.01"/>
            <testcase name="testConstructor" classname="padl.creator.classfile.test.example.UseRelationship_CLASS_CLASS_3" time="0.0"/>
            <testcase name="testMainEntityName" classname="padl.creator.classfile.test.example.UseRelationship_CLASS_CLASS_3" time="0.0"/>
            <testcase name="testNumberOfElements" classname="padl.creator.classfile.test.example.UseRelationship_CLASS_CLASS_3" time="0.0"/>
            <testcase name="testNumberOfEntities" classname="padl.creator.classfile.test.example.UseRelationship_CLASS_CLASS_3" time="0.0"/>
            <testcase name="testUseRelationship" classname="padl.creator.classfile.test.example.UseRelationship_CLASS_CLASS_3" time="0.0"/>
            <testcase name="testMethod" classname="padl.creator.classfile.test.example.UseRelationship_CLASS_CLASS_3" time="0.0"/>
          </testsuite>
          <testsuite name="padl.creator.classfile.test.example.Relationships" time="0.08">
            <testcase name="testEntity3" classname="padl.creator.classfile.test.example.Relationships" time="0.07"/>
            <testcase name="testEntity7" classname="padl.creator.classfile.test.example.Relationships" time="0.0"/>
            <testcase name="testEntity1" classname="padl.creator.classfile.test.example.Relationships" time="0.0"/>
            <testcase name="testEntity6" classname="padl.creator.classfile.test.example.Relationships" time="0.01"/>
            <testcase name="testEntity5" classname="padl.creator.classfile.test.example.Relationships" time="0.0"/>
            <testcase name="testEntity4" classname="padl.creator.classfile.test.example.Relationships" time="0.0"/>
            <testcase name="testEntity8" classname="padl.creator.classfile.test.example.Relationships" time="0.0"/>
            <testcase name="testEntity9" classname="padl.creator.classfile.test.example.Relationships" time="0.0"/>
            <testcase name="testJavaLangObject" classname="padl.creator.classfile.test.example.Relationships" time="0.0"/>
            <testcase name="testCreationLink_INSTANCE_CREATION_2" classname="padl.creator.classfile.test.example.Relationships" time="0.0"/>
            <testcase name="testUseRelationship_CLASS_CLASS_2" classname="padl.creator.classfile.test.example.Relationships" time="0.0"/>
            <testcase name="testUseRelationship_INSTANCE_CLASS_1" classname="padl.creator.classfile.test.example.Relationships" time="0.0"/>
            <testcase name="testUseRelationship_INSTANCE_CLASS_2" classname="padl.creator.classfile.test.example.Relationships" time="0.0"/>
            <testcase name="testUseRelationship_INSTANCE_CLASS_3" classname="padl.creator.classfile.test.example.Relationships" time="0.0"/>
          </testsuite>
          <testsuite name="padl.creator.classfile.test.example.SuperEntitiesConnection" time="0.02">
            <testcase name="testElement" classname="padl.creator.classfile.test.example.SuperEntitiesConnection" time="0.01"/>
            <testcase name="testTitle" classname="padl.creator.classfile.test.example.SuperEntitiesConnection" time="0.01"/>
            <testcase name="testMain" classname="padl.creator.classfile.test.example.SuperEntitiesConnection" time="0.0"/>
            <testcase name="testDocument" classname="padl.creator.classfile.test.example.SuperEntitiesConnection" time="0.0"/>
            <testcase name="testString" classname="padl.creator.classfile.test.example.SuperEntitiesConnection" time="0.0"/>
            <testcase name="testVector" classname="padl.creator.classfile.test.example.SuperEntitiesConnection" time="0.0"/>
            <testcase name="testObject" classname="padl.creator.classfile.test.example.SuperEntitiesConnection" time="0.0"/>
            <testcase name="testNumberOfEntities" classname="padl.creator.classfile.test.example.SuperEntitiesConnection" time="0.0"/>
            <testcase name="testIndentedParagraph" classname="padl.creator.classfile.test.example.SuperEntitiesConnection" time="0.0"/>
            <testcase name="testParagraph" classname="padl.creator.classfile.test.example.SuperEntitiesConnection" time="0.0"/>
            <testcase name="testAbstractDocument" classname="padl.creator.classfile.test.example.SuperEntitiesConnection" time="0.0"/>
            <testcase name="testEnumeration" classname="padl.creator.classfile.test.example.SuperEntitiesConnection" time="0.0"/>
          </testsuite>
          <testsuite name="padl.creator.classfile.test.example.Ghost" time="0.01">
            <testcase name="testGhost" classname="padl.creator.classfile.test.example.Ghost" time="0.01"/>
          </testsuite>
          <testsuite name="padl.creator.classfile.test.example.TestDup" time="0.374">
            <testcase name="testDetectOperators" classname="padl.creator.classfile.test.example.TestDup" time="0.03"/>
            <testcase name="testControlIfWhileForSwitch" classname="padl.creator.classfile.test.example.TestDup" time="0.04"/>
            <testcase name="testAnalyzeDup" classname="padl.creator.classfile.test.example.TestDup" time="0.04"/>
            <testcase name="testDynamicMethod" classname="padl.creator.classfile.test.example.TestDup" time="0.04"/>
            <testcase name="testInstanceOf" classname="padl.creator.classfile.test.example.TestDup" time="0.042"/>
            <testcase name="testLoadAndStoreInArray" classname="padl.creator.classfile.test.example.TestDup" time="0.042"/>
            <testcase name="testMethod3aryOperator" classname="padl.creator.classfile.test.example.TestDup" time="0.035"/>
            <testcase name="testMethodPrintln" classname="padl.creator.classfile.test.example.TestDup" time="0.034"/>
            <testcase name="testStaticInvocations" classname="padl.creator.classfile.test.example.TestDup" time="0.032"/>
            <testcase name="testStoreToField" classname="padl.creator.classfile.test.example.TestDup" time="0.039"/>
          </testsuite>
          <testsuite name="padl.creator.classfile.test.example.TestNew" time="0.018">
            <testcase name="testFooDup" classname="padl.creator.classfile.test.example.TestNew" time="0.018"/>
          </testsuite>
        </testsuite>
        <testsuite name="TestSuite with 1 tests [example: padl.creator.classfile.test.visitor.Composite1]" time="0.024">
          <testsuite name="padl.creator.classfile.test.visitor.Composite1" time="0.024">
            <testcase name="testVisitor" classname="padl.creator.classfile.test.visitor.Composite1" time="0.024"/>
          </testsuite>
        </testsuite>
        <testsuite name="TestSuite with 10 tests [example: padl.creator.classfile.test.innerclasses.TestInnerClasses]" time="7.375">
          <testsuite name="padl.creator.classfile.test.innerclasses.TestInnerClasses" time="0.2">
            <testcase name="testMemberClass" classname="padl.creator.classfile.test.innerclasses.TestInnerClasses" time="0.2"/>
          </testsuite>
          <testsuite name="padl.creator.classfile.test.innerclasses.TestMemberClasses" time="0.012">
            <testcase name="testClasses" classname="padl.creator.classfile.test.innerclasses.TestMemberClasses" time="0.012"/>
            <testcase name="testMemberClass" classname="padl.creator.classfile.test.innerclasses.TestMemberClasses" time="0.0"/>
          </testsuite>
          <testsuite name="padl.creator.classfile.test.innerclasses.TestMemberClasses2" time="7.019">
            <testcase name="testMemberEntities" classname="padl.creator.classfile.test.innerclasses.TestMemberClasses2" time="7.019"/>
          </testsuite>
          <testsuite name="padl.creator.classfile.test.innerclasses.TestMemberClasses3" time="0.112">
            <testcase name="testMemberEntities" classname="padl.creator.classfile.test.innerclasses.TestMemberClasses3" time="0.112"/>
            <testcase name="testMemberEntitiesInheritance" classname="padl.creator.classfile.test.innerclasses.TestMemberClasses3" time="0.0"/>
          </testsuite>
          <testsuite name="padl.creator.classfile.test.innerclasses.TestMemberClasses4" time="0.0">
            <testcase name="testMemberEntities" classname="padl.creator.classfile.test.innerclasses.TestMemberClasses4" time="0.0"/>
          </testsuite>
          <testsuite name="padl.creator.classfile.test.innerclasses.TestMemberClasses5" time="0.0">
            <testcase name="testMemberEntities" classname="padl.creator.classfile.test.innerclasses.TestMemberClasses5" time="0.0"/>
          </testsuite>
          <testsuite name="padl.creator.classfile.test.innerclasses.TestMemberEntities" time="0.02">
            <testcase name="testMemberEntities" classname="padl.creator.classfile.test.innerclasses.TestMemberEntities" time="0.02"/>
          </testsuite>
          <testsuite name="padl.creator.classfile.test.innerclasses.TestMemberInterfaces" time="0.01">
            <testcase name="testClasses" classname="padl.creator.classfile.test.innerclasses.TestMemberInterfaces" time="0.01"/>
          </testsuite>
        </testsuite>
        <testsuite name="padl.creator.classfile.test.method.TestMethodInclusion" time="0.046">
          <testcase name="testInclusionCompiledIn1p3" classname="padl.creator.classfile.test.method.TestMethodInclusion" time="0.02"/>
          <testcase name="testInclusionCompiledIn1p4" classname="padl.creator.classfile.test.method.TestMethodInclusion" time="0.0"/>
          <testcase name="testInclusionCompiledIn1p4with1p1classfile" classname="padl.creator.classfile.test.method.TestMethodInclusion" time="0.0"/>
          <testcase name="testInclusionCompiledIn1p4with1p2classfile" classname="padl.creator.classfile.test.method.TestMethodInclusion" time="0.01"/>
          <testcase name="testInclusionCompiledIn1p4with1p3classfile" classname="padl.creator.classfile.test.method.TestMethodInclusion" time="0.016"/>
        </testsuite>
        <testsuite name="TestSuite with 1 tests [example: padl.creator.classfile.test.inheritance.Inheritance]" time="1.682">
          <testsuite name="padl.creator.classfile.test.inheritance.Inheritance" time="1.682">
            <testcase name="testFieldAccess" classname="padl.creator.classfile.test.inheritance.Inheritance" time="1.682"/>
          </testsuite>
        </testsuite>
        <testsuite name="padl.creator.classfile.test.method.TestPrivateConstructor" time="0.01">
          <testcase name="testNumberOfEntities" classname="padl.creator.classfile.test.method.TestPrivateConstructor" time="0.01"/>
          <testcase name="testElementsOfRestrictedCreation" classname="padl.creator.classfile.test.method.TestPrivateConstructor" time="0.0"/>
        </testsuite>
        <testsuite name="TestSuite with 8 tests [example: padl.creator.classfile.test.path.TestPathArgoUML]" time="5.613">
          <testsuite name="padl.creator.classfile.test.path.TestPathArgoUML" time="5.613">
            <testcase name="testPath1" classname="padl.creator.classfile.test.path.TestPathArgoUML" time="5.613"/>
            <testcase name="testPath6" classname="padl.creator.classfile.test.path.TestPathArgoUML" time="0.0"/>
            <testcase name="testPath2" classname="padl.creator.classfile.test.path.TestPathArgoUML" time="0.0"/>
            <testcase name="testPath8" classname="padl.creator.classfile.test.path.TestPathArgoUML" time="0.0"/>
            <testcase name="testPath4" classname="padl.creator.classfile.test.path.TestPathArgoUML" time="0.0"/>
            <testcase name="testPath3" classname="padl.creator.classfile.test.path.TestPathArgoUML" time="0.0"/>
            <testcase name="testPath5" classname="padl.creator.classfile.test.path.TestPathArgoUML" time="0.0"/>
            <testcase name="testPath7" classname="padl.creator.classfile.test.path.TestPathArgoUML" time="0.0"/>
          </testsuite>
        </testsuite>
        <testsuite name="padl.creator.classfile.test.methodInvocation.MethodInvocationMissingtest" time="0.132">
          <testcase name="testMethodInvocationMissingConfig3" classname="padl.creator.classfile.test.methodInvocation.MethodInvocationMissingtest" time="0.021"/>
          <testcase name="testMethodInvocationMissingConfig4" classname="padl.creator.classfile.test.methodInvocation.MethodInvocationMissingtest" time="0.0"/>
          <testcase name="testMethodInvocationMissingConfig2" classname="padl.creator.classfile.test.methodInvocation.MethodInvocationMissingtest" time="0.061"/>
          <testcase name="testMethodInvocationMissingConfig1" classname="padl.creator.classfile.test.methodInvocation.MethodInvocationMissingtest" time="0.05"/>
        </testsuite>
        <testsuite name="padl.creator.classfile.test.topLevelEntity.TopLevelEntityTest" time="49.765">
          <testcase name="testClassMemberIsTopLevelEntity2" classname="padl.creator.classfile.test.topLevelEntity.TopLevelEntityTest" time="35.59"/>
          <testcase name="testClassMemberIsTopLevelEntity1" classname="padl.creator.classfile.test.topLevelEntity.TopLevelEntityTest" time="7.933"/>
          <testcase name="testClassMemberInAnonymousIsTopLevelEntity" classname="padl.creator.classfile.test.topLevelEntity.TopLevelEntityTest" time="6.242"/>
        </testsuite>
      </testsuite>
      <testsuite name="TestSuite with 40 tests [example: padl.creator.javafile.eclipse.test.javafile.ClassTest]" time="28.26">
        <testsuite name="padl.creator.javafile.eclipse.test.javafile.ClassTest" time="4.173">
          <testcase name="testGhosts" classname="padl.creator.javafile.eclipse.test.javafile.ClassTest" time="1.526"/>
          <testcase name="testFields" classname="padl.creator.javafile.eclipse.test.javafile.ClassTest" time="0.341"/>
          <testcase name="testmethods" classname="padl.creator.javafile.eclipse.test.javafile.ClassTest" time="0.27"/>
          <testcase name="testClasses" classname="padl.creator.javafile.eclipse.test.javafile.ClassTest" time="0.311"/>
          <testcase name="testClassMembers" classname="padl.creator.javafile.eclipse.test.javafile.ClassTest" time="0.27"/>
          <testcase name="testConstructors" classname="padl.creator.javafile.eclipse.test.javafile.ClassTest" time="0.311"/>
          <testcase name="testDefaultPackages" classname="padl.creator.javafile.eclipse.test.javafile.ClassTest" time="0.511"/>
          <testcase name="testmethodParameters" classname="padl.creator.javafile.eclipse.test.javafile.ClassTest" time="0.352"/>
          <testcase name="testDefaultConstructorAddedAutomatically" classname="padl.creator.javafile.eclipse.test.javafile.ClassTest" time="0.281"/>
        </testsuite>
        <testsuite name="padl.creator.javafile.eclipse.test.javafile.InterfaceTest" time="0.671">
          <testcase name="testInterface1" classname="padl.creator.javafile.eclipse.test.javafile.InterfaceTest" time="0.341"/>
          <testcase name="testInterfaceNoDefaultConstructor" classname="padl.creator.javafile.eclipse.test.javafile.InterfaceTest" time="0.33"/>
        </testsuite>
        <testsuite name="padl.creator.javafile.eclipse.test.javafile.LightModelCreatorTest" time="11.681">
          <testcase name="testCreateModelFromJavaFilesList" classname="padl.creator.javafile.eclipse.test.javafile.LightModelCreatorTest" time="0.53"/>
          <testcase name="testCreateModelFromJavaSourceCode" classname="padl.creator.javafile.eclipse.test.javafile.LightModelCreatorTest" time="11.151"/>
        </testsuite>
        <testsuite name="padl.creator.javafile.eclipse.test.javafile.MemberGhostTest" time="3.296">
          <testcase name="testGhostMember2" classname="padl.creator.javafile.eclipse.test.javafile.MemberGhostTest" time="0.221"/>
          <testcase name="testGhostMember1" classname="padl.creator.javafile.eclipse.test.javafile.MemberGhostTest" time="0.11"/>
          <testcase name="testGhostMember2bis" classname="padl.creator.javafile.eclipse.test.javafile.MemberGhostTest" time="0.12"/>
          <testcase name="testGhostMember3" classname="padl.creator.javafile.eclipse.test.javafile.MemberGhostTest" time="0.21"/>
          <testcase name="testGhostMember4" classname="padl.creator.javafile.eclipse.test.javafile.MemberGhostTest" time="0.12"/>
          <testcase name="testGhostMember5" classname="padl.creator.javafile.eclipse.test.javafile.MemberGhostTest" time="0.321"/>
          <testcase name="testGhostMember5bis" classname="padl.creator.javafile.eclipse.test.javafile.MemberGhostTest" time="0.111"/>
          <testcase name="testInheritanceGhost1" classname="padl.creator.javafile.eclipse.test.javafile.MemberGhostTest" time="0.11"/>
          <testcase name="testInheritanceGhost10" classname="padl.creator.javafile.eclipse.test.javafile.MemberGhostTest" time="0.11"/>
          <testcase name="testInheritanceGhost10bis" classname="padl.creator.javafile.eclipse.test.javafile.MemberGhostTest" time="0.2"/>
          <testcase name="testInheritanceGhost2" classname="padl.creator.javafile.eclipse.test.javafile.MemberGhostTest" time="0.11"/>
          <testcase name="testInheritanceGhost3" classname="padl.creator.javafile.eclipse.test.javafile.MemberGhostTest" time="0.22"/>
          <testcase name="testInheritanceGhost3bis" classname="padl.creator.javafile.eclipse.test.javafile.MemberGhostTest" time="0.101"/>
          <testcase name="testInheritanceGhost4" classname="padl.creator.javafile.eclipse.test.javafile.MemberGhostTest" time="0.24"/>
          <testcase name="testInheritanceGhost4bis" classname="padl.creator.javafile.eclipse.test.javafile.MemberGhostTest" time="0.111"/>
          <testcase name="testInheritanceGhost5" classname="padl.creator.javafile.eclipse.test.javafile.MemberGhostTest" time="0.1"/>
          <testcase name="testInheritanceGhost6" classname="padl.creator.javafile.eclipse.test.javafile.MemberGhostTest" time="0.11"/>
          <testcase name="testInheritanceGhost7" classname="padl.creator.javafile.eclipse.test.javafile.MemberGhostTest" time="0.12"/>
          <testcase name="testInheritanceGhost8" classname="padl.creator.javafile.eclipse.test.javafile.MemberGhostTest" time="0.22"/>
          <testcase name="testInheritanceGhost9" classname="padl.creator.javafile.eclipse.test.javafile.MemberGhostTest" time="0.231"/>
          <testcase name="testInheritanceGhost9bis" classname="padl.creator.javafile.eclipse.test.javafile.MemberGhostTest" time="0.1"/>
        </testsuite>
        <testsuite name="padl.creator.javafile.eclipse.test.javafile.ManyClassesInOneFileTest" time="0.13">
          <testcase name="testManyClassesInOneFile" classname="padl.creator.javafile.eclipse.test.javafile.ManyClassesInOneFileTest" time="0.13"/>
        </testsuite>
        <testsuite name="padl.creator.javafile.eclipse.test.javafile.PackagesTest" time="0.581">
          <testcase name="testDefaultPackages" classname="padl.creator.javafile.eclipse.test.javafile.PackagesTest" time="0.211"/>
          <testcase name="testPackageIncludedInAnotherPackage1" classname="padl.creator.javafile.eclipse.test.javafile.PackagesTest" time="0.37"/>
        </testsuite>
        <testsuite name="padl.creator.javafile.eclipse.test.javafile.ParametrizedTypesTest" time="0.111">
          <testcase name="testParametrizedType" classname="padl.creator.javafile.eclipse.test.javafile.ParametrizedTypesTest" time="0.111"/>
        </testsuite>
        <testsuite name="padl.creator.javafile.eclipse.test.javafile.TestIndirectSourcePath" time="7.617">
          <testcase name="testSourcePathIndirect" classname="padl.creator.javafile.eclipse.test.javafile.TestIndirectSourcePath" time="7.295"/>
          <testcase name="testSourcePathIndirect1" classname="padl.creator.javafile.eclipse.test.javafile.TestIndirectSourcePath" time="0.322"/>
        </testsuite>
      </testsuite>
      <testsuite name="TestSuite with 3 tests [example: padl.creator.javafile.javac.test.simple.Test1]" time="4.64">
        <testsuite name="padl.creator.javafile.javac.test.simple.Test1" time="4.64">
          <testcase name="testB" classname="padl.creator.javafile.javac.test.simple.Test1" time="4.638"/>
          <testcase name="testC" classname="padl.creator.javafile.javac.test.simple.Test1" time="0.001"/>
          <testcase name="testA" classname="padl.creator.javafile.javac.test.simple.Test1" time="0.001"/>
        </testsuite>
      </testsuite>
      <testsuite name="TestSuite with 3 tests [example: padl.creator.test.comparison.jct.Composite1]" time="6.187">
        <testsuite name="padl.creator.test.comparison.jct.Composite1" time="1.796">
          <testcase name="testCompare" classname="padl.creator.test.comparison.jct.Composite1" time="1.796"/>
        </testsuite>
        <testsuite name="padl.creator.test.comparison.eclipse.Composite1" time="1.674">
          <testcase name="testCompare" classname="padl.creator.test.comparison.eclipse.Composite1" time="1.674"/>
        </testsuite>
        <testsuite name="padl.creator.test.relationships.RelationshipsTest" time="2.717">
          <testcase name="testRelationships" classname="padl.creator.test.relationships.RelationshipsTest" time="2.717"/>
        </testsuite>
      </testsuite>
      <testsuite name="TestSuite with 9 tests [example: jct.test.JCTFactoryInitializer]" incomplete="true">
        <testsuite name="jct.test.JCTFactoryInitializer" incomplete="true">
          <testcase name="testFactoryInitializer" classname="jct.test.JCTFactoryInitializer" incomplete="true"/>
          <testcase name="testFactoryInitializerWithPath" classname="jct.test.JCTFactoryInitializer" incomplete="true"/>
        </testsuite>
        <testsuite name="jct.test.JCTTComments" incomplete="true">
          <testcase name="testComments" classname="jct.test.JCTTComments" incomplete="true"/>
        </testsuite>
        <testsuite name="jct.test.JCTDTMisc" incomplete="true">
          <testcase name="testArrayLiterals" classname="jct.test.JCTDTMisc" incomplete="true"/>
          <testcase name="testAnnonymousClasses" classname="jct.test.JCTDTMisc" incomplete="true"/>
          <testcase name="testSelectors" classname="jct.test.JCTDTMisc" incomplete="true"/>
        </testsuite>
        <testsuite name="jct.test.JCTDTUsingSnpSht" incomplete="true">
          <testcase name="testCreatorAndPrettyPrinter" classname="jct.test.JCTDTUsingSnpSht" incomplete="true"/>
          <testcase name="testPADLCreatorFromJCT" classname="jct.test.JCTDTUsingSnpSht" incomplete="true"/>
        </testsuite>
        <testsuite name="jct.test.JCTDTUsingJCT" incomplete="true">
          <testcase name="testCreatorAndPrettyPrinter" classname="jct.test.JCTDTUsingJCT" incomplete="true"/>
        </testsuite>
      </testsuite>
      <testsuite name="TestSuite with 12 tests [example: jct.test.JCTDTUsingJCT]" incomplete="true">
        <testsuite name="jct.test.JCTDTUsingJCT" incomplete="true">
          <testcase name="testCreatorAndPrettyPrinter" classname="jct.test.JCTDTUsingJCT" incomplete="true"/>
        </testsuite>
        <testsuite name="jct.test.JCTFactoryInitializer" incomplete="true">
          <testcase name="testFactoryInitializer" classname="jct.test.JCTFactoryInitializer" incomplete="true"/>
          <testcase name="testFactoryInitializerWithPath" classname="jct.test.JCTFactoryInitializer" incomplete="true"/>
        </testsuite>
        <testsuite name="jct.test.JCTTComments" incomplete="true">
          <testcase name="testComments" classname="jct.test.JCTTComments" incomplete="true"/>
        </testsuite>
        <testsuite name="jct.test.JCTCFSCSTMisc" incomplete="true">
          <testcase name="testArrayLiterals" classname="jct.test.JCTCFSCSTMisc" incomplete="true"/>
          <testcase name="testAnnonymousClasses" classname="jct.test.JCTCFSCSTMisc" incomplete="true"/>
          <testcase name="testSelectors" classname="jct.test.JCTCFSCSTMisc" incomplete="true"/>
        </testsuite>
        <testsuite name="jct.test.JCTDTMisc" incomplete="true">
          <testcase name="testArrayLiterals" classname="jct.test.JCTDTMisc" incomplete="true"/>
          <testcase name="testAnnonymousClasses" classname="jct.test.JCTDTMisc" incomplete="true"/>
          <testcase name="testSelectors" classname="jct.test.JCTDTMisc" incomplete="true"/>
        </testsuite>
        <testsuite name="jct.test.JCTDTUsingSnpSht" incomplete="true">
          <testcase name="testCreatorAndPrettyPrinter" classname="jct.test.JCTDTUsingSnpSht" incomplete="true"/>
          <testcase name="testPADLCreatorFromJCT" classname="jct.test.JCTDTUsingSnpSht" incomplete="true"/>
        </testsuite>
      </testsuite>
      <testsuite name="TestSuite with 48 tests [example: padl.kernel.impl.AbstractContainerTest]" incomplete="true">
        <testsuite name="padl.kernel.impl.AbstractContainerTest" incomplete="true">
          <testcase name="testAddEqualEntity2" classname="padl.kernel.impl.AbstractContainerTest" incomplete="true"/>
          <testcase name="testAddEqualEntity" classname="padl.kernel.impl.AbstractContainerTest" incomplete="true"/>
          <testcase name="testAddEntitySameType" classname="padl.kernel.impl.AbstractContainerTest" incomplete="true"/>
          <testcase name="testAddEntity" classname="padl.kernel.impl.AbstractContainerTest" incomplete="true"/>
          <testcase name="testAddEqualEntity3" classname="padl.kernel.impl.AbstractContainerTest" incomplete="true"/>
          <testcase name="testGetIteratorOnEntities" classname="padl.kernel.impl.AbstractContainerTest" incomplete="true"/>
          <testcase name="testRemoveAllEntities" classname="padl.kernel.impl.AbstractContainerTest" incomplete="true"/>
          <testcase name="testRemoveAllEntities2" classname="padl.kernel.impl.AbstractContainerTest" incomplete="true"/>
          <testcase name="testRemoveEntityFromID" classname="padl.kernel.impl.AbstractContainerTest" incomplete="true"/>
          <testcase name="testRemoveEntityFromID2" classname="padl.kernel.impl.AbstractContainerTest" incomplete="true"/>
          <testcase name="testResetListOfEntities" classname="padl.kernel.impl.AbstractContainerTest" incomplete="true"/>
          <testcase name="testGetIteratorOnEntitiesClass" classname="padl.kernel.impl.AbstractContainerTest" incomplete="true"/>
        </testsuite>
        <testsuite name="padl.kernel.impl.MethodInvocationTest" incomplete="true">
          <testcase name="testEqualsIMethodInvocation" classname="padl.kernel.impl.MethodInvocationTest" incomplete="true"/>
        </testsuite>
        <testsuite name="TestSuite with 9 tests [example: padl.test.clone.Clone]" incomplete="true">
          <testsuite name="padl.test.clone.Clone" incomplete="true">
            <testcase name="testEntities" classname="padl.test.clone.Clone" incomplete="true"/>
            <testcase name="testPatterns" classname="padl.test.clone.Clone" incomplete="true"/>
            <testcase name="testElements" classname="padl.test.clone.Clone" incomplete="true"/>
            <testcase name="testInheritance" classname="padl.test.clone.Clone" incomplete="true"/>
          </testsuite>
          <testsuite name="padl.test.clone.CopyIn" incomplete="true">
            <testcase name="testEntities" classname="padl.test.clone.CopyIn" incomplete="true"/>
            <testcase name="testElements" classname="padl.test.clone.CopyIn" incomplete="true"/>
            <testcase name="testInheritance" classname="padl.test.clone.CopyIn" incomplete="true"/>
            <testcase name="testModelIdentities" classname="padl.test.clone.CopyIn" incomplete="true"/>
          </testsuite>
          <testsuite name="padl.test.clone.Remove" incomplete="true">
            <testcase name="test1" classname="padl.test.clone.Remove" incomplete="true"/>
          </testsuite>
        </testsuite>
        <testsuite name="TestSuite with 7 tests [example: padl.test.remove.Remove]" incomplete="true">
          <testsuite name="padl.test.remove.Remove" incomplete="true">
            <testcase name="test1" classname="padl.test.remove.Remove" incomplete="true"/>
            <testcase name="test2" classname="padl.test.remove.Remove" incomplete="true"/>
          </testsuite>
          <testsuite name="padl.test.remove.ConstituentRemove" incomplete="true">
            <testcase name="testRemoveTopLevelClass3" classname="padl.test.remove.ConstituentRemove" incomplete="true"/>
            <testcase name="testRemoveTopLevelClass1" classname="padl.test.remove.ConstituentRemove" incomplete="true"/>
            <testcase name="testRemoveTopLevelClass2" classname="padl.test.remove.ConstituentRemove" incomplete="true"/>
            <testcase name="testRemoveConstitiuent" classname="padl.test.remove.ConstituentRemove" incomplete="true"/>
            <testcase name="testRemoveClassFromPackage" classname="padl.test.remove.ConstituentRemove" incomplete="true"/>
          </testsuite>
        </testsuite>
        <testsuite name="TestSuite with 6 tests [example: padl.test.setter.TestSetter]" incomplete="true">
          <testsuite name="padl.test.setter.TestSetter" incomplete="true">
            <testcase name="testClass" classname="padl.test.setter.TestSetter" incomplete="true"/>
            <testcase name="testMethods" classname="padl.test.setter.TestSetter" incomplete="true"/>
            <testcase name="testParameters" classname="padl.test.setter.TestSetter" incomplete="true"/>
          </testsuite>
          <testsuite name="padl.test.setter.TestGetter" incomplete="true">
            <testcase name="testClass" classname="padl.test.setter.TestGetter" incomplete="true"/>
            <testcase name="testMethods" classname="padl.test.setter.TestGetter" incomplete="true"/>
            <testcase name="testParameters" classname="padl.test.setter.TestGetter" incomplete="true"/>
          </testsuite>
        </testsuite>
        <testsuite name="padl.test.path.TestPath" incomplete="true">
          <testcase name="testClass" classname="padl.test.path.TestPath" incomplete="true"/>
          <testcase name="testPath" classname="padl.test.path.TestPath" incomplete="true"/>
          <testcase name="testMethods" classname="padl.test.path.TestPath" incomplete="true"/>
          <testcase name="testRemoveAddContainerAggregation" classname="padl.test.path.TestPath" incomplete="true"/>
          <testcase name="testParameters" classname="padl.test.path.TestPath" incomplete="true"/>
          <testcase name="testRemoveAddParameter" classname="padl.test.path.TestPath" incomplete="true"/>
          <testcase name="testRemoveAddMethod" classname="padl.test.path.TestPath" incomplete="true"/>
          <testcase name="testAddRemoveClass2" classname="padl.test.path.TestPath" incomplete="true"/>
          <testcase name="testAddRemoveClass1" classname="padl.test.path.TestPath" incomplete="true"/>
          <testcase name="testPathOfMethods" classname="padl.test.path.TestPath" incomplete="true"/>
        </testsuite>
        <testsuite name="padl.test.defaultpackage.TestDefaultPackage" incomplete="true">
          <testcase name="testRetrieveDefaultPackageByName" classname="padl.test.defaultpackage.TestDefaultPackage" incomplete="true"/>
          <testcase name="testRetrieveDefaultPackageByID" classname="padl.test.defaultpackage.TestDefaultPackage" incomplete="true"/>
          <testcase name="testCreationOfDefaultPackage" classname="padl.test.defaultpackage.TestDefaultPackage" incomplete="true"/>
        </testsuite>
      </testsuite>
    </testsuite>
    <testsuite name="All Ptidej but its creators">
      <testsuite name="TestSuite with 9 tests [example: jct.test.JCTFactoryInitializer]" incomplete="true">
        <testsuite name="jct.test.JCTFactoryInitializer" incomplete="true">
          <testcase name="testFactoryInitializer" classname="jct.test.JCTFactoryInitializer" incomplete="true"/>
          <testcase name="testFactoryInitializerWithPath" classname="jct.test.JCTFactoryInitializer" incomplete="true"/>
        </testsuite>
        <testsuite name="jct.test.JCTTComments" incomplete="true">
          <testcase name="testComments" classname="jct.test.JCTTComments" incomplete="true"/>
        </testsuite>
        <testsuite name="jct.test.JCTDTMisc" incomplete="true">
          <testcase name="testArrayLiterals" classname="jct.test.JCTDTMisc" incomplete="true"/>
          <testcase name="testAnnonymousClasses" classname="jct.test.JCTDTMisc" incomplete="true"/>
          <testcase name="testSelectors" classname="jct.test.JCTDTMisc" incomplete="true"/>
        </testsuite>
        <testsuite name="jct.test.JCTDTUsingSnpSht" incomplete="true">
          <testcase name="testCreatorAndPrettyPrinter" classname="jct.test.JCTDTUsingSnpSht" incomplete="true"/>
          <testcase name="testPADLCreatorFromJCT" classname="jct.test.JCTDTUsingSnpSht" incomplete="true"/>
        </testsuite>
        <testsuite name="jct.test.JCTDTUsingJCT" incomplete="true">
          <testcase name="testCreatorAndPrettyPrinter" classname="jct.test.JCTDTUsingJCT" incomplete="true"/>
        </testsuite>
      </testsuite>
      <testsuite name="TestSuite with 12 tests [example: jct.test.JCTDTUsingJCT]" time="3.74">
        <testsuite name="jct.test.JCTDTUsingJCT" time="3.74">
          <testcase name="testCreatorAndPrettyPrinter" classname="jct.test.JCTDTUsingJCT" time="3.642"/>
        </testsuite>
        <testsuite name="jct.test.JCTFactoryInitializer" time="0.01">
          <testcase name="testFactoryInitializer" classname="jct.test.JCTFactoryInitializer" time="0.0"/>
          <testcase name="testFactoryInitializerWithPath" classname="jct.test.JCTFactoryInitializer" time="0.0"/>
        </testsuite>
        <testsuite name="jct.test.JCTTComments" time="0.24">
          <testcase name="testComments" classname="jct.test.JCTTComments" time="0.212"/>
        </testsuite>
        <testsuite name="jct.test.JCTCFSCSTMisc" time="3.65">
          <testcase name="testArrayLiterals" classname="jct.test.JCTCFSCSTMisc" time="0.99"/>
          <testcase name="testAnnonymousClasses" classname="jct.test.JCTCFSCSTMisc" time="1.031"/>
          <testcase name="testSelectors" classname="jct.test.JCTCFSCSTMisc" time="1.021"/>
        </testsuite>
        <testsuite name="jct.test.JCTDTMisc" time="3.63">
          <testcase name="testArrayLiterals" classname="jct.test.JCTDTMisc" time="1.042"/>
          <testcase name="testAnnonymousClasses" classname="jct.test.JCTDTMisc" time="0.98"/>
          <testcase name="testSelectors" classname="jct.test.JCTDTMisc" time="1.02"/>
        </testsuite>
        <testsuite name="jct.test.JCTDTUsingSnpSht" time="8.436">
          <testcase name="testCreatorAndPrettyPrinter" classname="jct.test.JCTDTUsingSnpSht" time="4.832"/>
          <testcase name="testPADLCreatorFromJCT" classname="jct.test.JCTDTUsingSnpSht" time="4.137"/>
        </testsuite>
      </testsuite>
      <testsuite name="parser.test.suite.JavaParserTestSuiteV4" time="4.223">
        <testsuite name="parser.client.test.VerboseParseTest" time="1.958">
          <testcase name="testParse" classname="parser.client.test.VerboseParseTest" time="1.958"/>
        </testsuite>
        <testsuite name="parser.client.test.ConciseParseTest" time="1.922">
          <testcase name="testParse" classname="parser.client.test.ConciseParseTest" time="1.922"/>
        </testsuite>
        <testsuite name="parser.parser.test.JavaParserTest" time="0.173">
          <testcase name="testParse" classname="parser.parser.test.JavaParserTest" time="0.173"/>
        </testsuite>
        <testsuite name="parser.parser.test.FileListJavaProjectTest" time="0.08">
          <testcase name="testParse" classname="parser.parser.test.FileListJavaProjectTest" time="0.08"/>
        </testsuite>
        <testsuite name="parser.parser.test.JavaParserLineAndBlockCommentTest" time="0.09">
          <testcase name="testParse" classname="parser.parser.test.JavaParserLineAndBlockCommentTest" time="0.09"/>
        </testsuite>
      </testsuite>
      <testsuite name="TestSuite with 20 tests [example: caffeine.test.aggregation3.CaffeineLauncher]" time="248.723">
        <testsuite name="caffeine.test.aggregation3.CaffeineLauncher" time="16.587">
          <testcase name="test" classname="caffeine.test.aggregation3.CaffeineLauncher" time="16.587"/>
        </testsuite>
        <testsuite name="caffeine.test.array.CaffeineLauncher" time="10.161">
          <testcase name="test" classname="caffeine.test.array.CaffeineLauncher" time="10.161"/>
        </testsuite>
        <testsuite name="caffeine.test.association1.CaffeineLauncher" time="15.154">
          <testcase name="test" classname="caffeine.test.association1.CaffeineLauncher" time="15.154"/>
        </testsuite>
        <testsuite name="caffeine.test.association2.CaffeineLauncher" time="15.154">
          <testcase name="test" classname="caffeine.test.association2.CaffeineLauncher" time="15.154"/>
        </testsuite>
        <testsuite name="caffeine.test.collection.CaffeineLauncher" time="11.162">
          <testcase name="test" classname="caffeine.test.collection.CaffeineLauncher" time="11.162">
            <error>java.lang.RuntimeException: java.lang.ArrayIndexOutOfBoundsException: 1&#13;
	at caffeine.test.Primitive.tearDown(Primitive.java:252)&#13;
	at junit.framework.TestCase.runBare(TestCase.java:145)&#13;
	at junit.framework.TestResult$1.protect(TestResult.java:106)&#13;
	at junit.framework.TestResult.runProtected(TestResult.java:124)&#13;
	at junit.framework.TestResult.run(TestResult.java:109)&#13;
	at junit.framework.TestCase.run(TestCase.java:133)&#13;
	at junit.framework.TestSuite.runTest(TestSuite.java:176)&#13;
	at junit.framework.TestSuite.run(TestSuite.java:171)&#13;
	at junit.framework.TestSuite.runTest(TestSuite.java:176)&#13;
	at junit.framework.TestSuite.run(TestSuite.java:171)&#13;
	at junit.framework.TestSuite.runTest(TestSuite.java:176)&#13;
	at junit.framework.TestSuite.run(TestSuite.java:171)&#13;
	at junit.framework.TestSuite.runTest(TestSuite.java:176)&#13;
	at junit.framework.TestSuite.run(TestSuite.java:171)&#13;
	at org.junit.internal.runners.JUnit38ClassRunner.run(JUnit38ClassRunner.java:83)&#13;
	at org.eclipse.jdt.internal.junit4.runner.JUnit4TestReference.run(JUnit4TestReference.java:50)&#13;
	at org.eclipse.jdt.internal.junit.runner.TestExecution.run(TestExecution.java:38)&#13;
	at org.eclipse.jdt.internal.junit.runner.RemoteTestRunner.runTests(RemoteTestRunner.java:467)&#13;
	at org.eclipse.jdt.internal.junit.runner.RemoteTestRunner.runTests(RemoteTestRunner.java:683)&#13;
	at org.eclipse.jdt.internal.junit.runner.RemoteTestRunner.run(RemoteTestRunner.java:390)&#13;
	at org.eclipse.jdt.internal.junit.runner.RemoteTestRunner.main(RemoteTestRunner.java:197)&#13;
Caused by: java.lang.ArrayIndexOutOfBoundsException: 1&#13;
	at caffeine.logic.Event.fromTraceData(Event.java:72)&#13;
	at caffeine.test.Primitive$1.eventEmitted(Primitive.java:142)&#13;
	at caffeine.logic.EventManager.getOutput(EventManager.java:1437)&#13;
	at JIP.engine.cr.null(Unknown Source)&#13;
	at JIP.engine.cr.if(Unknown Source)&#13;
	at JIP.engine.y.a(Unknown Source)&#13;
	at JIP.engine.cm.if(Unknown Source)&#13;
	at JIP.engine.ap.a(Unknown Source)&#13;
	at JIP.engine.ap.hasMoreElements(Unknown Source)&#13;
	at a.a.a.a(Unknown Source)&#13;
	at a.a.a.a(Unknown Source)&#13;
	at a.a.a.a(Unknown Source)&#13;
	at a.a.a.a(Unknown Source)&#13;
	at a.a.a.a(Unknown Source)&#13;
	at a.a.a.run(Unknown Source)&#13;
	at java.lang.Thread.run(Unknown Source)&#13;
&#13;
</error>
          </testcase>
        </testsuite>
        <testsuite name="caffeine.test.composition1.CaffeineLauncher" time="12.164">
          <testcase name="test" classname="caffeine.test.composition1.CaffeineLauncher" time="12.164">
            <error>java.lang.RuntimeException: junit.framework.AssertionFailedError: Line 9 expected:&lt;
	caffeine.test.composition1.B
&gt; but was:&lt;
	caffeine.test.composition1.A
&gt;&#13;
	at caffeine.test.Primitive.tearDown(Primitive.java:252)&#13;
	at junit.framework.TestCase.runBare(TestCase.java:145)&#13;
	at junit.framework.TestResult$1.protect(TestResult.java:106)&#13;
	at junit.framework.TestResult.runProtected(TestResult.java:124)&#13;
	at junit.framework.TestResult.run(TestResult.java:109)&#13;
	at junit.framework.TestCase.run(TestCase.java:133)&#13;
	at junit.framework.TestSuite.runTest(TestSuite.java:176)&#13;
	at junit.framework.TestSuite.run(TestSuite.java:171)&#13;
	at junit.framework.TestSuite.runTest(TestSuite.java:176)&#13;
	at junit.framework.TestSuite.run(TestSuite.java:171)&#13;
	at junit.framework.TestSuite.runTest(TestSuite.java:176)&#13;
	at junit.framework.TestSuite.run(TestSuite.java:171)&#13;
	at junit.framework.TestSuite.runTest(TestSuite.java:176)&#13;
	at junit.framework.TestSuite.run(TestSuite.java:171)&#13;
	at org.junit.internal.runners.JUnit38ClassRunner.run(JUnit38ClassRunner.java:83)&#13;
	at org.eclipse.jdt.internal.junit4.runner.JUnit4TestReference.run(JUnit4TestReference.java:50)&#13;
	at org.eclipse.jdt.internal.junit.runner.TestExecution.run(TestExecution.java:38)&#13;
	at org.eclipse.jdt.internal.junit.runner.RemoteTestRunner.runTests(RemoteTestRunner.java:467)&#13;
	at org.eclipse.jdt.internal.junit.runner.RemoteTestRunner.runTests(RemoteTestRunner.java:683)&#13;
	at org.eclipse.jdt.internal.junit.runner.RemoteTestRunner.run(RemoteTestRunner.java:390)&#13;
	at org.eclipse.jdt.internal.junit.runner.RemoteTestRunner.main(RemoteTestRunner.java:197)&#13;
Caused by: junit.framework.AssertionFailedError: Line 9 expected:&lt;
	caffeine.test.composition1.B
&gt; but was:&lt;
	caffeine.test.composition1.A
&gt;&#13;
	at junit.framework.Assert.fail(Assert.java:51)&#13;
	at junit.framework.Assert.failNotEquals(Assert.java:234)&#13;
	at junit.framework.Assert.assertEquals(Assert.java:68)&#13;
	at caffeine.test.Primitive$1.eventEmitted(Primitive.java:170)&#13;
	at caffeine.logic.EventManager.getOutput(EventManager.java:1437)&#13;
	at JIP.engine.cr.null(Unknown Source)&#13;
	at JIP.engine.cr.if(Unknown Source)&#13;
	at JIP.engine.y.a(Unknown Source)&#13;
	at JIP.engine.cm.if(Unknown Source)&#13;
	at JIP.engine.ap.a(Unknown Source)&#13;
	at JIP.engine.ap.hasMoreElements(Unknown Source)&#13;
	at a.a.a.a(Unknown Source)&#13;
	at a.a.a.a(Unknown Source)&#13;
	at a.a.a.a(Unknown Source)&#13;
	at a.a.a.a(Unknown Source)&#13;
	at a.a.a.a(Unknown Source)&#13;
	at a.a.a.a(Unknown Source)&#13;
	at a.a.a.a(Unknown Source)&#13;
	at a.a.a.a(Unknown Source)&#13;
	at a.a.a.a(Unknown Source)&#13;
	at a.a.a.a(Unknown Source)&#13;
	at a.a.a.a(Unknown Source)&#13;
	at a.a.a.a(Unknown Source)&#13;
	at a.a.a.a(Unknown Source)&#13;
	at a.a.a.a(Unknown Source)&#13;
	at a.a.a.a(Unknown Source)&#13;
	at a.a.a.a(Unknown Source)&#13;
	at a.a.a.a(Unknown Source)&#13;
	at a.a.a.a(Unknown Source)&#13;
	at a.a.a.a(Unknown Source)&#13;
	at a.a.a.a(Unknown Source)&#13;
	at a.a.a.a(Unknown Source)&#13;
	at a.a.a.a(Unknown Source)&#13;
	at a.a.a.a(Unknown Source)&#13;
	at a.a.a.a(Unknown Source)&#13;
	at a.a.a.a(Unknown Source)&#13;
	at a.a.a.a(Unknown Source)&#13;
	at a.a.a.a(Unknown Source)&#13;
	at a.a.a.a(Unknown Source)&#13;
	at a.a.a.a(Unknown Source)&#13;
	at a.a.a.a(Unknown Source)&#13;
	at a.a.a.a(Unknown Source)&#13;
	at a.a.a.a(Unknown Source)&#13;
	at a.a.a.a(Unknown Source)&#13;
	at a.a.a.a(Unknown Source)&#13;
	at a.a.a.a(Unknown Source)&#13;
	at a.a.a.a(Unknown Source)&#13;
	at a.a.a.a(Unknown Source)&#13;
	at a.a.a.a(Unknown Source)&#13;
	at a.a.a.a(Unknown Source)&#13;
	at a.a.a.a(Unknown Source)&#13;
	at a.a.a.a(Unknown Source)&#13;
	at a.a.a.a(Unknown Source)&#13;
	at a.a.a.a(Unknown Source)&#13;
	at a.a.a.a(Unknown Source)&#13;
	at a.a.a.a(Unknown Source)&#13;
	at a.a.a.a(Unknown Source)&#13;
	at a.a.a.a(Unknown Source)&#13;
	at a.a.a.a(Unknown Source)&#13;
	at a.a.a.run(Unknown Source)&#13;
	at java.lang.Thread.run(Unknown Source)&#13;
&#13;
</error>
          </testcase>
        </testsuite>
        <testsuite name="caffeine.test.composition2.CaffeineLauncher" time="13.225">
          <testcase name="test" classname="caffeine.test.composition2.CaffeineLauncher" time="13.225">
            <error>java.lang.RuntimeException: junit.framework.AssertionFailedError: Line 30 expected:&lt;
	1007
&gt; but was:&lt;
	1001
&gt;&#13;
	at caffeine.test.Primitive.tearDown(Primitive.java:252)&#13;
	at junit.framework.TestCase.runBare(TestCase.java:145)&#13;
	at junit.framework.TestResult$1.protect(TestResult.java:106)&#13;
	at junit.framework.TestResult.runProtected(TestResult.java:124)&#13;
	at junit.framework.TestResult.run(TestResult.java:109)&#13;
	at junit.framework.TestCase.run(TestCase.java:133)&#13;
	at junit.framework.TestSuite.runTest(TestSuite.java:176)&#13;
	at junit.framework.TestSuite.run(TestSuite.java:171)&#13;
	at junit.framework.TestSuite.runTest(TestSuite.java:176)&#13;
	at junit.framework.TestSuite.run(TestSuite.java:171)&#13;
	at junit.framework.TestSuite.runTest(TestSuite.java:176)&#13;
	at junit.framework.TestSuite.run(TestSuite.java:171)&#13;
	at junit.framework.TestSuite.runTest(TestSuite.java:176)&#13;
	at junit.framework.TestSuite.run(TestSuite.java:171)&#13;
	at org.junit.internal.runners.JUnit38ClassRunner.run(JUnit38ClassRunner.java:83)&#13;
	at org.eclipse.jdt.internal.junit4.runner.JUnit4TestReference.run(JUnit4TestReference.java:50)&#13;
	at org.eclipse.jdt.internal.junit.runner.TestExecution.run(TestExecution.java:38)&#13;
	at org.eclipse.jdt.internal.junit.runner.RemoteTestRunner.runTests(RemoteTestRunner.java:467)&#13;
	at org.eclipse.jdt.internal.junit.runner.RemoteTestRunner.runTests(RemoteTestRunner.java:683)&#13;
	at org.eclipse.jdt.internal.junit.runner.RemoteTestRunner.run(RemoteTestRunner.java:390)&#13;
	at org.eclipse.jdt.internal.junit.runner.RemoteTestRunner.main(RemoteTestRunner.java:197)&#13;
Caused by: junit.framework.AssertionFailedError: Line 30 expected:&lt;
	1007
&gt; but was:&lt;
	1001
&gt;&#13;
	at junit.framework.Assert.fail(Assert.java:51)&#13;
	at junit.framework.Assert.failNotEquals(Assert.java:234)&#13;
	at junit.framework.Assert.assertEquals(Assert.java:68)&#13;
	at caffeine.test.Primitive$1.eventEmitted(Primitive.java:176)&#13;
	at caffeine.logic.EventManager.getOutput(EventManager.java:1437)&#13;
	at JIP.engine.cr.null(Unknown Source)&#13;
	at JIP.engine.cr.if(Unknown Source)&#13;
	at JIP.engine.y.a(Unknown Source)&#13;
	at JIP.engine.cm.if(Unknown Source)&#13;
	at JIP.engine.ap.a(Unknown Source)&#13;
	at JIP.engine.ap.hasMoreElements(Unknown Source)&#13;
	at a.a.a.a(Unknown Source)&#13;
	at a.a.a.a(Unknown Source)&#13;
	at a.a.a.a(Unknown Source)&#13;
	at a.a.a.a(Unknown Source)&#13;
	at a.a.a.a(Unknown Source)&#13;
	at a.a.a.a(Unknown Source)&#13;
	at a.a.a.a(Unknown Source)&#13;
	at a.a.a.a(Unknown Source)&#13;
	at a.a.a.a(Unknown Source)&#13;
	at a.a.a.a(Unknown Source)&#13;
	at a.a.a.a(Unknown Source)&#13;
	at a.a.a.a(Unknown Source)&#13;
	at a.a.a.a(Unknown Source)&#13;
	at a.a.a.a(Unknown Source)&#13;
	at a.a.a.a(Unknown Source)&#13;
	at a.a.a.a(Unknown Source)&#13;
	at a.a.a.a(Unknown Source)&#13;
	at a.a.a.a(Unknown Source)&#13;
	at a.a.a.a(Unknown Source)&#13;
	at a.a.a.a(Unknown Source)&#13;
	at a.a.a.a(Unknown Source)&#13;
	at a.a.a.a(Unknown Source)&#13;
	at a.a.a.a(Unknown Source)&#13;
	at a.a.a.a(Unknown Source)&#13;
	at a.a.a.a(Unknown Source)&#13;
	at a.a.a.a(Unknown Source)&#13;
	at a.a.a.a(Unknown Source)&#13;
	at a.a.a.a(Unknown Source)&#13;
	at a.a.a.a(Unknown Source)&#13;
	at a.a.a.a(Unknown Source)&#13;
	at a.a.a.a(Unknown Source)&#13;
	at a.a.a.a(Unknown Source)&#13;
	at a.a.a.a(Unknown Source)&#13;
	at a.a.a.a(Unknown Source)&#13;
	at a.a.a.a(Unknown Source)&#13;
	at a.a.a.a(Unknown Source)&#13;
	at a.a.a.a(Unknown Source)&#13;
	at a.a.a.a(Unknown Source)&#13;
	at a.a.a.a(Unknown Source)&#13;
	at a.a.a.a(Unknown Source)&#13;
	at a.a.a.a(Unknown Source)&#13;
	at a.a.a.a(Unknown Source)&#13;
	at a.a.a.a(Unknown Source)&#13;
	at a.a.a.a(Unknown Source)&#13;
	at a.a.a.a(Unknown Source)&#13;
	at a.a.a.a(Unknown Source)&#13;
	at a.a.a.a(Unknown Source)&#13;
	at a.a.a.a(Unknown Source)&#13;
	at a.a.a.a(Unknown Source)&#13;
	at a.a.a.a(Unknown Source)&#13;
	at a.a.a.a(Unknown Source)&#13;
	at a.a.a.a(Unknown Source)&#13;
	at a.a.a.a(Unknown Source)&#13;
	at a.a.a.a(Unknown Source)&#13;
	at a.a.a.a(Unknown Source)&#13;
	at a.a.a.a(Unknown Source)&#13;
	at a.a.a.a(Unknown Source)&#13;
	at a.a.a.a(Unknown Source)&#13;
	at a.a.a.a(Unknown Source)&#13;
	at a.a.a.a(Unknown Source)&#13;
	at a.a.a.a(Unknown Source)&#13;
	at a.a.a.a(Unknown Source)&#13;
	at a.a.a.a(Unknown Source)&#13;
	at a.a.a.a(Unknown Source)&#13;
	at a.a.a.a(Unknown Source)&#13;
	at a.a.a.a(Unknown Source)&#13;
	at a.a.a.a(Unknown Source)&#13;
	at a.a.a.a(Unknown Source)&#13;
	at a.a.a.a(Unknown Source)&#13;
	at a.a.a.a(Unknown Source)&#13;
	at a.a.a.a(Unknown Source)&#13;
	at a.a.a.a(Unknown Source)&#13;
	at a.a.a.a(Unknown Source)&#13;
	at a.a.a.a(Unknown Source)&#13;
	at a.a.a.a(Unknown Source)&#13;
	at a.a.a.a(Unknown Source)&#13;
	at a.a.a.a(Unknown Source)&#13;
	at a.a.a.a(Unknown Source)&#13;
	at a.a.a.a(Unknown Source)&#13;
	at a.a.a.a(Unknown Source)&#13;
	at a.a.a.a(Unknown Source)&#13;
	at a.a.a.a(Unknown Source)&#13;
	at a.a.a.a(Unknown Source)&#13;
	at a.a.a.a(Unknown Source)&#13;
	at a.a.a.a(Unknown Source)&#13;
	at a.a.a.a(Unknown Source)&#13;
	at a.a.a.a(Unknown Source)&#13;
	at a.a.a.a(Unknown Source)&#13;
	at a.a.a.a(Unknown Source)&#13;
	at a.a.a.a(Unknown Source)&#13;
	at a.a.a.a(Unknown Source)&#13;
	at a.a.a.a(Unknown Source)&#13;
	at a.a.a.a(Unknown Source)&#13;
	at a.a.a.a(Unknown Source)&#13;
	at a.a.a.a(Unknown Source)&#13;
	at a.a.a.a(Unknown Source)&#13;
	at a.a.a.a(Unknown Source)&#13;
	at a.a.a.a(Unknown Source)&#13;
	at a.a.a.a(Unknown Source)&#13;
	at a.a.a.a(Unknown Source)&#13;
	at a.a.a.a(Unknown Source)&#13;
	at a.a.a.a(Unknown Source)&#13;
	at a.a.a.a(Unknown Source)&#13;
	at a.a.a.a(Unknown Source)&#13;
	at a.a.a.a(Unknown Source)&#13;
	at a.a.a.a(Unknown Source)&#13;
	at a.a.a.a(Unknown Source)&#13;
	at a.a.a.a(Unknown Source)&#13;
	at a.a.a.a(Unknown Source)&#13;
	at a.a.a.a(Unknown Source)&#13;
	at a.a.a.a(Unknown Source)&#13;
	at a.a.a.a(Unknown Source)&#13;
	at a.a.a.a(Unknown Source)&#13;
	at a.a.a.a(Unknown Source)&#13;
	at a.a.a.a(Unknown Source)&#13;
	at a.a.a.a(Unknown Source)&#13;
	at a.a.a.a(Unknown Source)&#13;
	at a.a.a.a(Unknown Source)&#13;
	at a.a.a.a(Unknown Source)&#13;
	at a.a.a.a(Unknown Source)&#13;
	at a.a.a.a(Unknown Source)&#13;
	at a.a.a.a(Unknown Source)&#13;
	at a.a.a.a(Unknown Source)&#13;
	at a.a.a.a(Unknown Source)&#13;
	at a.a.a.a(Unknown Source)&#13;
	at a.a.a.a(Unknown Source)&#13;
	at a.a.a.a(Unknown Source)&#13;
	at a.a.a.a(Unknown Source)&#13;
	at a.a.a.a(Unknown Source)&#13;
	at a.a.a.a(Unknown Source)&#13;
	at a.a.a.a(Unknown Source)&#13;
	at a.a.a.a(Unknown Source)&#13;
	at a.a.a.a(Unknown Source)&#13;
	at a.a.a.a(Unknown Source)&#13;
	at a.a.a.a(Unknown Source)&#13;
	at a.a.a.a(Unknown Source)&#13;
	at a.a.a.a(Unknown Source)&#13;
	at a.a.a.a(Unknown Source)&#13;
	at a.a.a.a(Unknown Source)&#13;
	at a.a.a.a(Unknown Source)&#13;
	at a.a.a.a(Unknown Source)&#13;
	at a.a.a.a(Unknown Source)&#13;
	at a.a.a.a(Unknown Source)&#13;
	at a.a.a.a(Unknown Source)&#13;
	at a.a.a.a(Unknown Source)&#13;
	at a.a.a.a(Unknown Source)&#13;
	at a.a.a.a(Unknown Source)&#13;
	at a.a.a.a(Unknown Source)&#13;
	at a.a.a.a(Unknown Source)&#13;
	at a.a.a.a(Unknown Source)&#13;
	at a.a.a.a(Unknown Source)&#13;
	at a.a.a.a(Unknown Source)&#13;
	at a.a.a.a(Unknown Source)&#13;
	at a.a.a.a(Unknown Source)&#13;
	at a.a.a.a(Unknown Source)&#13;
	at a.a.a.a(Unknown Source)&#13;
	at a.a.a.a(Unknown Source)&#13;
	at a.a.a.a(Unknown Source)&#13;
	at a.a.a.a(Unknown Source)&#13;
	at a.a.a.a(Unknown Source)&#13;
	at a.a.a.a(Unknown Source)&#13;
	at a.a.a.a(Unknown Source)&#13;
	at a.a.a.a(Unknown Source)&#13;
	at a.a.a.a(Unknown Source)&#13;
	at a.a.a.a(Unknown Source)&#13;
	at a.a.a.a(Unknown Source)&#13;
	at a.a.a.a(Unknown Source)&#13;
	at a.a.a.a(Unknown Source)&#13;
	at a.a.a.a(Unknown Source)&#13;
	at a.a.a.a(Unknown Source)&#13;
	at a.a.a.a(Unknown Source)&#13;
	at a.a.a.a(Unknown Source)&#13;
	at a.a.a.a(Unknown Source)&#13;
	at a.a.a.a(Unknown Source)&#13;
	at a.a.a.a(Unknown Source)&#13;
	at a.a.a.a(Unknown Source)&#13;
	at a.a.a.a(Unknown Source)&#13;
	at a.a.a.a(Unknown Source)&#13;
	at a.a.a.a(Unknown Source)&#13;
	at a.a.a.a(Unknown Source)&#13;
	at a.a.a.a(Unknown Source)&#13;
	at a.a.a.a(Unknown Source)&#13;
	at a.a.a.a(Unknown Source)&#13;
	at a.a.a.a(Unknown Source)&#13;
	at a.a.a.a(Unknown Source)&#13;
	at a.a.a.a(Unknown Source)&#13;
	at a.a.a.a(Unknown Source)&#13;
	at a.a.a.a(Unknown Source)&#13;
	at a.a.a.a(Unknown Source)&#13;
	at a.a.a.a(Unknown Source)&#13;
	at a.a.a.a(Unknown Source)&#13;
	at a.a.a.a(Unknown Source)&#13;
	at a.a.a.a(Unknown Source)&#13;
	at a.a.a.a(Unknown Source)&#13;
	at a.a.a.a(Unknown Source)&#13;
	at a.a.a.a(Unknown Source)&#13;
	at a.a.a.a(Unknown Source)&#13;
	at a.a.a.a(Unknown Source)&#13;
	at a.a.a.a(Unknown Source)&#13;
	at a.a.a.a(Unknown Source)&#13;
	at a.a.a.a(Unknown Source)&#13;
	at a.a.a.a(Unknown Source)&#13;
	at a.a.a.a(Unknown Source)&#13;
	at a.a.a.a(Unknown Source)&#13;
	at a.a.a.a(Unknown Source)&#13;
	at a.a.a.a(Unknown Source)&#13;
	at a.a.a.a(Unknown Source)&#13;
	at a.a.a.a(Unknown Source)&#13;
	at a.a.a.a(Unknown Source)&#13;
	at a.a.a.a(Unknown Source)&#13;
	at a.a.a.run(Unknown Source)&#13;
	at java.lang.Thread.run(Unknown Source)&#13;
&#13;
</error>
          </testcase>
        </testsuite>
        <testsuite name="caffeine.test.composition3.CaffeineLauncher" time="12.153">
          <testcase name="test" classname="caffeine.test.composition3.CaffeineLauncher" time="12.153">
            <error>java.lang.RuntimeException: junit.framework.AssertionFailedError: Line 30 expected:&lt;
	caffeine.test.composition3.B
&gt; but was:&lt;
	caffeine.test.composition3.A
&gt;&#13;
	at caffeine.test.Primitive.tearDown(Primitive.java:252)&#13;
	at junit.framework.TestCase.runBare(TestCase.java:145)&#13;
	at junit.framework.TestResult$1.protect(TestResult.java:106)&#13;
	at junit.framework.TestResult.runProtected(TestResult.java:124)&#13;
	at junit.framework.TestResult.run(TestResult.java:109)&#13;
	at junit.framework.TestCase.run(TestCase.java:133)&#13;
	at junit.framework.TestSuite.runTest(TestSuite.java:176)&#13;
	at junit.framework.TestSuite.run(TestSuite.java:171)&#13;
	at junit.framework.TestSuite.runTest(TestSuite.java:176)&#13;
	at junit.framework.TestSuite.run(TestSuite.java:171)&#13;
	at junit.framework.TestSuite.runTest(TestSuite.java:176)&#13;
	at junit.framework.TestSuite.run(TestSuite.java:171)&#13;
	at junit.framework.TestSuite.runTest(TestSuite.java:176)&#13;
	at junit.framework.TestSuite.run(TestSuite.java:171)&#13;
	at org.junit.internal.runners.JUnit38ClassRunner.run(JUnit38ClassRunner.java:83)&#13;
	at org.eclipse.jdt.internal.junit4.runner.JUnit4TestReference.run(JUnit4TestReference.java:50)&#13;
	at org.eclipse.jdt.internal.junit.runner.TestExecution.run(TestExecution.java:38)&#13;
	at org.eclipse.jdt.internal.junit.runner.RemoteTestRunner.runTests(RemoteTestRunner.java:467)&#13;
	at org.eclipse.jdt.internal.junit.runner.RemoteTestRunner.runTests(RemoteTestRunner.java:683)&#13;
	at org.eclipse.jdt.internal.junit.runner.RemoteTestRunner.run(RemoteTestRunner.java:390)&#13;
	at org.eclipse.jdt.internal.junit.runner.RemoteTestRunner.main(RemoteTestRunner.java:197)&#13;
Caused by: junit.framework.AssertionFailedError: Line 30 expected:&lt;
	caffeine.test.composition3.B
&gt; but was:&lt;
	caffeine.test.composition3.A
&gt;&#13;
	at junit.framework.Assert.fail(Assert.java:51)&#13;
	at junit.framework.Assert.failNotEquals(Assert.java:234)&#13;
	at junit.framework.Assert.assertEquals(Assert.java:68)&#13;
	at caffeine.test.Primitive$1.eventEmitted(Primitive.java:170)&#13;
	at caffeine.logic.EventManager.getOutput(EventManager.java:1437)&#13;
	at JIP.engine.cr.null(Unknown Source)&#13;
	at JIP.engine.cr.if(Unknown Source)&#13;
	at JIP.engine.y.a(Unknown Source)&#13;
	at JIP.engine.cm.if(Unknown Source)&#13;
	at JIP.engine.ap.a(Unknown Source)&#13;
	at JIP.engine.ap.hasMoreElements(Unknown Source)&#13;
	at a.a.a.a(Unknown Source)&#13;
	at a.a.a.a(Unknown Source)&#13;
	at a.a.a.a(Unknown Source)&#13;
	at a.a.a.a(Unknown Source)&#13;
	at a.a.a.a(Unknown Source)&#13;
	at a.a.a.a(Unknown Source)&#13;
	at a.a.a.a(Unknown Source)&#13;
	at a.a.a.a(Unknown Source)&#13;
	at a.a.a.a(Unknown Source)&#13;
	at a.a.a.a(Unknown Source)&#13;
	at a.a.a.a(Unknown Source)&#13;
	at a.a.a.a(Unknown Source)&#13;
	at a.a.a.a(Unknown Source)&#13;
	at a.a.a.a(Unknown Source)&#13;
	at a.a.a.a(Unknown Source)&#13;
	at a.a.a.a(Unknown Source)&#13;
	at a.a.a.a(Unknown Source)&#13;
	at a.a.a.a(Unknown Source)&#13;
	at a.a.a.a(Unknown Source)&#13;
	at a.a.a.a(Unknown Source)&#13;
	at a.a.a.a(Unknown Source)&#13;
	at a.a.a.a(Unknown Source)&#13;
	at a.a.a.a(Unknown Source)&#13;
	at a.a.a.a(Unknown Source)&#13;
	at a.a.a.a(Unknown Source)&#13;
	at a.a.a.a(Unknown Source)&#13;
	at a.a.a.a(Unknown Source)&#13;
	at a.a.a.a(Unknown Source)&#13;
	at a.a.a.a(Unknown Source)&#13;
	at a.a.a.a(Unknown Source)&#13;
	at a.a.a.a(Unknown Source)&#13;
	at a.a.a.a(Unknown Source)&#13;
	at a.a.a.a(Unknown Source)&#13;
	at a.a.a.a(Unknown Source)&#13;
	at a.a.a.a(Unknown Source)&#13;
	at a.a.a.a(Unknown Source)&#13;
	at a.a.a.a(Unknown Source)&#13;
	at a.a.a.a(Unknown Source)&#13;
	at a.a.a.a(Unknown Source)&#13;
	at a.a.a.a(Unknown Source)&#13;
	at a.a.a.a(Unknown Source)&#13;
	at a.a.a.a(Unknown Source)&#13;
	at a.a.a.a(Unknown Source)&#13;
	at a.a.a.a(Unknown Source)&#13;
	at a.a.a.a(Unknown Source)&#13;
	at a.a.a.a(Unknown Source)&#13;
	at a.a.a.a(Unknown Source)&#13;
	at a.a.a.a(Unknown Source)&#13;
	at a.a.a.a(Unknown Source)&#13;
	at a.a.a.a(Unknown Source)&#13;
	at a.a.a.a(Unknown Source)&#13;
	at a.a.a.a(Unknown Source)&#13;
	at a.a.a.a(Unknown Source)&#13;
	at a.a.a.a(Unknown Source)&#13;
	at a.a.a.a(Unknown Source)&#13;
	at a.a.a.a(Unknown Source)&#13;
	at a.a.a.a(Unknown Source)&#13;
	at a.a.a.a(Unknown Source)&#13;
	at a.a.a.a(Unknown Source)&#13;
	at a.a.a.a(Unknown Source)&#13;
	at a.a.a.a(Unknown Source)&#13;
	at a.a.a.a(Unknown Source)&#13;
	at a.a.a.a(Unknown Source)&#13;
	at a.a.a.a(Unknown Source)&#13;
	at a.a.a.a(Unknown Source)&#13;
	at a.a.a.a(Unknown Source)&#13;
	at a.a.a.a(Unknown Source)&#13;
	at a.a.a.a(Unknown Source)&#13;
	at a.a.a.a(Unknown Source)&#13;
	at a.a.a.a(Unknown Source)&#13;
	at a.a.a.a(Unknown Source)&#13;
	at a.a.a.a(Unknown Source)&#13;
	at a.a.a.a(Unknown Source)&#13;
	at a.a.a.a(Unknown Source)&#13;
	at a.a.a.a(Unknown Source)&#13;
	at a.a.a.a(Unknown Source)&#13;
	at a.a.a.a(Unknown Source)&#13;
	at a.a.a.a(Unknown Source)&#13;
	at a.a.a.a(Unknown Source)&#13;
	at a.a.a.a(Unknown Source)&#13;
	at a.a.a.a(Unknown Source)&#13;
	at a.a.a.a(Unknown Source)&#13;
	at a.a.a.a(Unknown Source)&#13;
	at a.a.a.a(Unknown Source)&#13;
	at a.a.a.a(Unknown Source)&#13;
	at a.a.a.a(Unknown Source)&#13;
	at a.a.a.a(Unknown Source)&#13;
	at a.a.a.a(Unknown Source)&#13;
	at a.a.a.a(Unknown Source)&#13;
	at a.a.a.a(Unknown Source)&#13;
	at a.a.a.a(Unknown Source)&#13;
	at a.a.a.a(Unknown Source)&#13;
	at a.a.a.a(Unknown Source)&#13;
	at a.a.a.a(Unknown Source)&#13;
	at a.a.a.a(Unknown Source)&#13;
	at a.a.a.a(Unknown Source)&#13;
	at a.a.a.a(Unknown Source)&#13;
	at a.a.a.a(Unknown Source)&#13;
	at a.a.a.a(Unknown Source)&#13;
	at a.a.a.a(Unknown Source)&#13;
	at a.a.a.a(Unknown Source)&#13;
	at a.a.a.a(Unknown Source)&#13;
	at a.a.a.a(Unknown Source)&#13;
	at a.a.a.a(Unknown Source)&#13;
	at a.a.a.a(Unknown Source)&#13;
	at a.a.a.a(Unknown Source)&#13;
	at a.a.a.a(Unknown Source)&#13;
	at a.a.a.a(Unknown Source)&#13;
	at a.a.a.a(Unknown Source)&#13;
	at a.a.a.a(Unknown Source)&#13;
	at a.a.a.a(Unknown Source)&#13;
	at a.a.a.a(Unknown Source)&#13;
	at a.a.a.a(Unknown Source)&#13;
	at a.a.a.a(Unknown Source)&#13;
	at a.a.a.a(Unknown Source)&#13;
	at a.a.a.a(Unknown Source)&#13;
	at a.a.a.a(Unknown Source)&#13;
	at a.a.a.a(Unknown Source)&#13;
	at a.a.a.a(Unknown Source)&#13;
	at a.a.a.a(Unknown Source)&#13;
	at a.a.a.a(Unknown Source)&#13;
	at a.a.a.a(Unknown Source)&#13;
	at a.a.a.a(Unknown Source)&#13;
	at a.a.a.a(Unknown Source)&#13;
	at a.a.a.a(Unknown Source)&#13;
	at a.a.a.a(Unknown Source)&#13;
	at a.a.a.a(Unknown Source)&#13;
	at a.a.a.a(Unknown Source)&#13;
	at a.a.a.a(Unknown Source)&#13;
	at a.a.a.a(Unknown Source)&#13;
	at a.a.a.a(Unknown Source)&#13;
	at a.a.a.a(Unknown Source)&#13;
	at a.a.a.a(Unknown Source)&#13;
	at a.a.a.a(Unknown Source)&#13;
	at a.a.a.a(Unknown Source)&#13;
	at a.a.a.a(Unknown Source)&#13;
	at a.a.a.a(Unknown Source)&#13;
	at a.a.a.a(Unknown Source)&#13;
	at a.a.a.a(Unknown Source)&#13;
	at a.a.a.a(Unknown Source)&#13;
	at a.a.a.a(Unknown Source)&#13;
	at a.a.a.a(Unknown Source)&#13;
	at a.a.a.a(Unknown Source)&#13;
	at a.a.a.a(Unknown Source)&#13;
	at a.a.a.a(Unknown Source)&#13;
	at a.a.a.a(Unknown Source)&#13;
	at a.a.a.a(Unknown Source)&#13;
	at a.a.a.a(Unknown Source)&#13;
	at a.a.a.a(Unknown Source)&#13;
	at a.a.a.a(Unknown Source)&#13;
	at a.a.a.a(Unknown Source)&#13;
	at a.a.a.a(Unknown Source)&#13;
	at a.a.a.a(Unknown Source)&#13;
	at a.a.a.a(Unknown Source)&#13;
	at a.a.a.a(Unknown Source)&#13;
	at a.a.a.a(Unknown Source)&#13;
	at a.a.a.a(Unknown Source)&#13;
	at a.a.a.a(Unknown Source)&#13;
	at a.a.a.a(Unknown Source)&#13;
	at a.a.a.a(Unknown Source)&#13;
	at a.a.a.a(Unknown Source)&#13;
	at a.a.a.a(Unknown Source)&#13;
	at a.a.a.a(Unknown Source)&#13;
	at a.a.a.a(Unknown Source)&#13;
	at a.a.a.a(Unknown Source)&#13;
	at a.a.a.a(Unknown Source)&#13;
	at a.a.a.a(Unknown Source)&#13;
	at a.a.a.a(Unknown Source)&#13;
	at a.a.a.a(Unknown Source)&#13;
	at a.a.a.a(Unknown Source)&#13;
	at a.a.a.a(Unknown Source)&#13;
	at a.a.a.a(Unknown Source)&#13;
	at a.a.a.a(Unknown Source)&#13;
	at a.a.a.a(Unknown Source)&#13;
	at a.a.a.a(Unknown Source)&#13;
	at a.a.a.a(Unknown Source)&#13;
	at a.a.a.a(Unknown Source)&#13;
	at a.a.a.a(Unknown Source)&#13;
	at a.a.a.a(Unknown Source)&#13;
	at a.a.a.a(Unknown Source)&#13;
	at a.a.a.a(Unknown Source)&#13;
	at a.a.a.a(Unknown Source)&#13;
	at a.a.a.a(Unknown Source)&#13;
	at a.a.a.a(Unknown Source)&#13;
	at a.a.a.a(Unknown Source)&#13;
	at a.a.a.a(Unknown Source)&#13;
	at a.a.a.a(Unknown Source)&#13;
	at a.a.a.a(Unknown Source)&#13;
	at a.a.a.a(Unknown Source)&#13;
	at a.a.a.a(Unknown Source)&#13;
	at a.a.a.a(Unknown Source)&#13;
	at a.a.a.a(Unknown Source)&#13;
	at a.a.a.a(Unknown Source)&#13;
	at a.a.a.a(Unknown Source)&#13;
	at a.a.a.a(Unknown Source)&#13;
	at a.a.a.a(Unknown Source)&#13;
	at a.a.a.a(Unknown Source)&#13;
	at a.a.a.a(Unknown Source)&#13;
	at a.a.a.a(Unknown Source)&#13;
	at a.a.a.a(Unknown Source)&#13;
	at a.a.a.a(Unknown Source)&#13;
	at a.a.a.a(Unknown Source)&#13;
	at a.a.a.a(Unknown Source)&#13;
	at a.a.a.a(Unknown Source)&#13;
	at a.a.a.a(Unknown Source)&#13;
	at a.a.a.a(Unknown Source)&#13;
	at a.a.a.run(Unknown Source)&#13;
	at java.lang.Thread.run(Unknown Source)&#13;
&#13;
</error>
          </testcase>
        </testsuite>
        <testsuite name="caffeine.test.composition4.CaffeineLauncher" time="12.163">
          <testcase name="test" classname="caffeine.test.composition4.CaffeineLauncher" time="12.163">
            <error>java.lang.RuntimeException: junit.framework.AssertionFailedError: Line 9 expected:&lt;
	caffeine.test.composition4.B
&gt; but was:&lt;
	caffeine.test.composition4.A
&gt;&#13;
	at caffeine.test.Primitive.tearDown(Primitive.java:252)&#13;
	at junit.framework.TestCase.runBare(TestCase.java:145)&#13;
	at junit.framework.TestResult$1.protect(TestResult.java:106)&#13;
	at junit.framework.TestResult.runProtected(TestResult.java:124)&#13;
	at junit.framework.TestResult.run(TestResult.java:109)&#13;
	at junit.framework.TestCase.run(TestCase.java:133)&#13;
	at junit.framework.TestSuite.runTest(TestSuite.java:176)&#13;
	at junit.framework.TestSuite.run(TestSuite.java:171)&#13;
	at junit.framework.TestSuite.runTest(TestSuite.java:176)&#13;
	at junit.framework.TestSuite.run(TestSuite.java:171)&#13;
	at junit.framework.TestSuite.runTest(TestSuite.java:176)&#13;
	at junit.framework.TestSuite.run(TestSuite.java:171)&#13;
	at junit.framework.TestSuite.runTest(TestSuite.java:176)&#13;
	at junit.framework.TestSuite.run(TestSuite.java:171)&#13;
	at org.junit.internal.runners.JUnit38ClassRunner.run(JUnit38ClassRunner.java:83)&#13;
	at org.eclipse.jdt.internal.junit4.runner.JUnit4TestReference.run(JUnit4TestReference.java:50)&#13;
	at org.eclipse.jdt.internal.junit.runner.TestExecution.run(TestExecution.java:38)&#13;
	at org.eclipse.jdt.internal.junit.runner.RemoteTestRunner.runTests(RemoteTestRunner.java:467)&#13;
	at org.eclipse.jdt.internal.junit.runner.RemoteTestRunner.runTests(RemoteTestRunner.java:683)&#13;
	at org.eclipse.jdt.internal.junit.runner.RemoteTestRunner.run(RemoteTestRunner.java:390)&#13;
	at org.eclipse.jdt.internal.junit.runner.RemoteTestRunner.main(RemoteTestRunner.java:197)&#13;
Caused by: junit.framework.AssertionFailedError: Line 9 expected:&lt;
	caffeine.test.composition4.B
&gt; but was:&lt;
	caffeine.test.composition4.A
&gt;&#13;
	at junit.framework.Assert.fail(Assert.java:51)&#13;
	at junit.framework.Assert.failNotEquals(Assert.java:234)&#13;
	at junit.framework.Assert.assertEquals(Assert.java:68)&#13;
	at caffeine.test.Primitive$1.eventEmitted(Primitive.java:170)&#13;
	at caffeine.logic.EventManager.getOutput(EventManager.java:1437)&#13;
	at JIP.engine.cr.null(Unknown Source)&#13;
	at JIP.engine.cr.if(Unknown Source)&#13;
	at JIP.engine.y.a(Unknown Source)&#13;
	at JIP.engine.cm.if(Unknown Source)&#13;
	at JIP.engine.ap.a(Unknown Source)&#13;
	at JIP.engine.ap.hasMoreElements(Unknown Source)&#13;
	at a.a.a.a(Unknown Source)&#13;
	at a.a.a.a(Unknown Source)&#13;
	at a.a.a.a(Unknown Source)&#13;
	at a.a.a.a(Unknown Source)&#13;
	at a.a.a.a(Unknown Source)&#13;
	at a.a.a.a(Unknown Source)&#13;
	at a.a.a.a(Unknown Source)&#13;
	at a.a.a.a(Unknown Source)&#13;
	at a.a.a.a(Unknown Source)&#13;
	at a.a.a.a(Unknown Source)&#13;
	at a.a.a.a(Unknown Source)&#13;
	at a.a.a.a(Unknown Source)&#13;
	at a.a.a.a(Unknown Source)&#13;
	at a.a.a.a(Unknown Source)&#13;
	at a.a.a.a(Unknown Source)&#13;
	at a.a.a.a(Unknown Source)&#13;
	at a.a.a.a(Unknown Source)&#13;
	at a.a.a.a(Unknown Source)&#13;
	at a.a.a.a(Unknown Source)&#13;
	at a.a.a.a(Unknown Source)&#13;
	at a.a.a.a(Unknown Source)&#13;
	at a.a.a.a(Unknown Source)&#13;
	at a.a.a.a(Unknown Source)&#13;
	at a.a.a.a(Unknown Source)&#13;
	at a.a.a.a(Unknown Source)&#13;
	at a.a.a.a(Unknown Source)&#13;
	at a.a.a.a(Unknown Source)&#13;
	at a.a.a.a(Unknown Source)&#13;
	at a.a.a.a(Unknown Source)&#13;
	at a.a.a.a(Unknown Source)&#13;
	at a.a.a.a(Unknown Source)&#13;
	at a.a.a.a(Unknown Source)&#13;
	at a.a.a.a(Unknown Source)&#13;
	at a.a.a.a(Unknown Source)&#13;
	at a.a.a.a(Unknown Source)&#13;
	at a.a.a.a(Unknown Source)&#13;
	at a.a.a.a(Unknown Source)&#13;
	at a.a.a.a(Unknown Source)&#13;
	at a.a.a.a(Unknown Source)&#13;
	at a.a.a.a(Unknown Source)&#13;
	at a.a.a.a(Unknown Source)&#13;
	at a.a.a.a(Unknown Source)&#13;
	at a.a.a.a(Unknown Source)&#13;
	at a.a.a.a(Unknown Source)&#13;
	at a.a.a.a(Unknown Source)&#13;
	at a.a.a.a(Unknown Source)&#13;
	at a.a.a.a(Unknown Source)&#13;
	at a.a.a.a(Unknown Source)&#13;
	at a.a.a.run(Unknown Source)&#13;
	at java.lang.Thread.run(Unknown Source)&#13;
&#13;
</error>
          </testcase>
        </testsuite>
        <testsuite name="caffeine.test.composition5.CaffeineLauncher" time="12.203">
          <testcase name="test" classname="caffeine.test.composition5.CaffeineLauncher" time="12.203">
            <error>java.lang.RuntimeException: junit.framework.AssertionFailedError: Line 16 expected:&lt;
	caffeine.test.composition5.B
&gt; but was:&lt;
	caffeine.test.composition5.A
&gt;&#13;
	at caffeine.test.Primitive.tearDown(Primitive.java:252)&#13;
	at junit.framework.TestCase.runBare(TestCase.java:145)&#13;
	at junit.framework.TestResult$1.protect(TestResult.java:106)&#13;
	at junit.framework.TestResult.runProtected(TestResult.java:124)&#13;
	at junit.framework.TestResult.run(TestResult.java:109)&#13;
	at junit.framework.TestCase.run(TestCase.java:133)&#13;
	at junit.framework.TestSuite.runTest(TestSuite.java:176)&#13;
	at junit.framework.TestSuite.run(TestSuite.java:171)&#13;
	at junit.framework.TestSuite.runTest(TestSuite.java:176)&#13;
	at junit.framework.TestSuite.run(TestSuite.java:171)&#13;
	at junit.framework.TestSuite.runTest(TestSuite.java:176)&#13;
	at junit.framework.TestSuite.run(TestSuite.java:171)&#13;
	at junit.framework.TestSuite.runTest(TestSuite.java:176)&#13;
	at junit.framework.TestSuite.run(TestSuite.java:171)&#13;
	at org.junit.internal.runners.JUnit38ClassRunner.run(JUnit38ClassRunner.java:83)&#13;
	at org.eclipse.jdt.internal.junit4.runner.JUnit4TestReference.run(JUnit4TestReference.java:50)&#13;
	at org.eclipse.jdt.internal.junit.runner.TestExecution.run(TestExecution.java:38)&#13;
	at org.eclipse.jdt.internal.junit.runner.RemoteTestRunner.runTests(RemoteTestRunner.java:467)&#13;
	at org.eclipse.jdt.internal.junit.runner.RemoteTestRunner.runTests(RemoteTestRunner.java:683)&#13;
	at org.eclipse.jdt.internal.junit.runner.RemoteTestRunner.run(RemoteTestRunner.java:390)&#13;
	at org.eclipse.jdt.internal.junit.runner.RemoteTestRunner.main(RemoteTestRunner.java:197)&#13;
Caused by: junit.framework.AssertionFailedError: Line 16 expected:&lt;
	caffeine.test.composition5.B
&gt; but was:&lt;
	caffeine.test.composition5.A
&gt;&#13;
	at junit.framework.Assert.fail(Assert.java:51)&#13;
	at junit.framework.Assert.failNotEquals(Assert.java:234)&#13;
	at junit.framework.Assert.assertEquals(Assert.java:68)&#13;
	at caffeine.test.Primitive$1.eventEmitted(Primitive.java:170)&#13;
	at caffeine.logic.EventManager.getOutput(EventManager.java:1437)&#13;
	at JIP.engine.cr.null(Unknown Source)&#13;
	at JIP.engine.cr.if(Unknown Source)&#13;
	at JIP.engine.y.a(Unknown Source)&#13;
	at JIP.engine.cm.if(Unknown Source)&#13;
	at JIP.engine.ap.a(Unknown Source)&#13;
	at JIP.engine.ap.hasMoreElements(Unknown Source)&#13;
	at a.a.a.a(Unknown Source)&#13;
	at a.a.a.a(Unknown Source)&#13;
	at a.a.a.a(Unknown Source)&#13;
	at a.a.a.a(Unknown Source)&#13;
	at a.a.a.a(Unknown Source)&#13;
	at a.a.a.a(Unknown Source)&#13;
	at a.a.a.a(Unknown Source)&#13;
	at a.a.a.a(Unknown Source)&#13;
	at a.a.a.a(Unknown Source)&#13;
	at a.a.a.a(Unknown Source)&#13;
	at a.a.a.a(Unknown Source)&#13;
	at a.a.a.a(Unknown Source)&#13;
	at a.a.a.a(Unknown Source)&#13;
	at a.a.a.a(Unknown Source)&#13;
	at a.a.a.a(Unknown Source)&#13;
	at a.a.a.a(Unknown Source)&#13;
	at a.a.a.a(Unknown Source)&#13;
	at a.a.a.a(Unknown Source)&#13;
	at a.a.a.a(Unknown Source)&#13;
	at a.a.a.a(Unknown Source)&#13;
	at a.a.a.a(Unknown Source)&#13;
	at a.a.a.a(Unknown Source)&#13;
	at a.a.a.a(Unknown Source)&#13;
	at a.a.a.a(Unknown Source)&#13;
	at a.a.a.a(Unknown Source)&#13;
	at a.a.a.a(Unknown Source)&#13;
	at a.a.a.a(Unknown Source)&#13;
	at a.a.a.a(Unknown Source)&#13;
	at a.a.a.a(Unknown Source)&#13;
	at a.a.a.a(Unknown Source)&#13;
	at a.a.a.a(Unknown Source)&#13;
	at a.a.a.a(Unknown Source)&#13;
	at a.a.a.a(Unknown Source)&#13;
	at a.a.a.a(Unknown Source)&#13;
	at a.a.a.a(Unknown Source)&#13;
	at a.a.a.a(Unknown Source)&#13;
	at a.a.a.a(Unknown Source)&#13;
	at a.a.a.a(Unknown Source)&#13;
	at a.a.a.a(Unknown Source)&#13;
	at a.a.a.a(Unknown Source)&#13;
	at a.a.a.a(Unknown Source)&#13;
	at a.a.a.a(Unknown Source)&#13;
	at a.a.a.a(Unknown Source)&#13;
	at a.a.a.a(Unknown Source)&#13;
	at a.a.a.a(Unknown Source)&#13;
	at a.a.a.a(Unknown Source)&#13;
	at a.a.a.a(Unknown Source)&#13;
	at a.a.a.a(Unknown Source)&#13;
	at a.a.a.a(Unknown Source)&#13;
	at a.a.a.a(Unknown Source)&#13;
	at a.a.a.a(Unknown Source)&#13;
	at a.a.a.a(Unknown Source)&#13;
	at a.a.a.a(Unknown Source)&#13;
	at a.a.a.a(Unknown Source)&#13;
	at a.a.a.a(Unknown Source)&#13;
	at a.a.a.a(Unknown Source)&#13;
	at a.a.a.a(Unknown Source)&#13;
	at a.a.a.a(Unknown Source)&#13;
	at a.a.a.a(Unknown Source)&#13;
	at a.a.a.a(Unknown Source)&#13;
	at a.a.a.a(Unknown Source)&#13;
	at a.a.a.a(Unknown Source)&#13;
	at a.a.a.a(Unknown Source)&#13;
	at a.a.a.a(Unknown Source)&#13;
	at a.a.a.a(Unknown Source)&#13;
	at a.a.a.a(Unknown Source)&#13;
	at a.a.a.a(Unknown Source)&#13;
	at a.a.a.a(Unknown Source)&#13;
	at a.a.a.a(Unknown Source)&#13;
	at a.a.a.a(Unknown Source)&#13;
	at a.a.a.a(Unknown Source)&#13;
	at a.a.a.a(Unknown Source)&#13;
	at a.a.a.a(Unknown Source)&#13;
	at a.a.a.a(Unknown Source)&#13;
	at a.a.a.a(Unknown Source)&#13;
	at a.a.a.a(Unknown Source)&#13;
	at a.a.a.a(Unknown Source)&#13;
	at a.a.a.a(Unknown Source)&#13;
	at a.a.a.a(Unknown Source)&#13;
	at a.a.a.a(Unknown Source)&#13;
	at a.a.a.a(Unknown Source)&#13;
	at a.a.a.a(Unknown Source)&#13;
	at a.a.a.a(Unknown Source)&#13;
	at a.a.a.a(Unknown Source)&#13;
	at a.a.a.a(Unknown Source)&#13;
	at a.a.a.a(Unknown Source)&#13;
	at a.a.a.a(Unknown Source)&#13;
	at a.a.a.a(Unknown Source)&#13;
	at a.a.a.a(Unknown Source)&#13;
	at a.a.a.a(Unknown Source)&#13;
	at a.a.a.a(Unknown Source)&#13;
	at a.a.a.a(Unknown Source)&#13;
	at a.a.a.a(Unknown Source)&#13;
	at a.a.a.a(Unknown Source)&#13;
	at a.a.a.a(Unknown Source)&#13;
	at a.a.a.run(Unknown Source)&#13;
	at java.lang.Thread.run(Unknown Source)&#13;
&#13;
</error>
          </testcase>
        </testsuite>
        <testsuite name="caffeine.test.composition6.counterexample.CaffeineLauncher" time="15.183">
          <testcase name="test" classname="caffeine.test.composition6.counterexample.CaffeineLauncher" time="15.183"/>
        </testsuite>
        <testsuite name="caffeine.test.composition7.counterexample.CaffeineLauncher" time="15.163">
          <testcase name="test" classname="caffeine.test.composition7.counterexample.CaffeineLauncher" time="15.163"/>
        </testsuite>
        <testsuite name="caffeine.test.composition8.counterexample.CaffeineLauncher" time="15.143">
          <testcase name="test" classname="caffeine.test.composition8.counterexample.CaffeineLauncher" time="15.143"/>
        </testsuite>
        <testsuite name="caffeine.test.composition9.CaffeineLauncher" time="12.193">
          <testcase name="test" classname="caffeine.test.composition9.CaffeineLauncher" time="12.193">
            <error>java.lang.RuntimeException: java.lang.NullPointerException&#13;
	at caffeine.test.Primitive.tearDown(Primitive.java:252)&#13;
	at junit.framework.TestCase.runBare(TestCase.java:145)&#13;
	at junit.framework.TestResult$1.protect(TestResult.java:106)&#13;
	at junit.framework.TestResult.runProtected(TestResult.java:124)&#13;
	at junit.framework.TestResult.run(TestResult.java:109)&#13;
	at junit.framework.TestCase.run(TestCase.java:133)&#13;
	at junit.framework.TestSuite.runTest(TestSuite.java:176)&#13;
	at junit.framework.TestSuite.run(TestSuite.java:171)&#13;
	at junit.framework.TestSuite.runTest(TestSuite.java:176)&#13;
	at junit.framework.TestSuite.run(TestSuite.java:171)&#13;
	at junit.framework.TestSuite.runTest(TestSuite.java:176)&#13;
	at junit.framework.TestSuite.run(TestSuite.java:171)&#13;
	at junit.framework.TestSuite.runTest(TestSuite.java:176)&#13;
	at junit.framework.TestSuite.run(TestSuite.java:171)&#13;
	at org.junit.internal.runners.JUnit38ClassRunner.run(JUnit38ClassRunner.java:83)&#13;
	at org.eclipse.jdt.internal.junit4.runner.JUnit4TestReference.run(JUnit4TestReference.java:50)&#13;
	at org.eclipse.jdt.internal.junit.runner.TestExecution.run(TestExecution.java:38)&#13;
	at org.eclipse.jdt.internal.junit.runner.RemoteTestRunner.runTests(RemoteTestRunner.java:467)&#13;
	at org.eclipse.jdt.internal.junit.runner.RemoteTestRunner.runTests(RemoteTestRunner.java:683)&#13;
	at org.eclipse.jdt.internal.junit.runner.RemoteTestRunner.run(RemoteTestRunner.java:390)&#13;
	at org.eclipse.jdt.internal.junit.runner.RemoteTestRunner.main(RemoteTestRunner.java:197)&#13;
Caused by: java.lang.NullPointerException&#13;
	at caffeine.logic.Event.fromTraceData(Event.java:68)&#13;
	at caffeine.test.Primitive$1.eventEmitted(Primitive.java:142)&#13;
	at caffeine.logic.EventManager.getOutput(EventManager.java:1437)&#13;
	at JIP.engine.cr.null(Unknown Source)&#13;
	at JIP.engine.cr.if(Unknown Source)&#13;
	at JIP.engine.y.a(Unknown Source)&#13;
	at JIP.engine.cm.if(Unknown Source)&#13;
	at JIP.engine.ap.a(Unknown Source)&#13;
	at JIP.engine.ap.hasMoreElements(Unknown Source)&#13;
	at a.a.a.a(Unknown Source)&#13;
	at a.a.a.a(Unknown Source)&#13;
	at a.a.a.a(Unknown Source)&#13;
	at a.a.a.a(Unknown Source)&#13;
	at a.a.a.a(Unknown Source)&#13;
	at a.a.a.a(Unknown Source)&#13;
	at a.a.a.a(Unknown Source)&#13;
	at a.a.a.a(Unknown Source)&#13;
	at a.a.a.a(Unknown Source)&#13;
	at a.a.a.a(Unknown Source)&#13;
	at a.a.a.a(Unknown Source)&#13;
	at a.a.a.a(Unknown Source)&#13;
	at a.a.a.a(Unknown Source)&#13;
	at a.a.a.a(Unknown Source)&#13;
	at a.a.a.a(Unknown Source)&#13;
	at a.a.a.a(Unknown Source)&#13;
	at a.a.a.a(Unknown Source)&#13;
	at a.a.a.a(Unknown Source)&#13;
	at a.a.a.a(Unknown Source)&#13;
	at a.a.a.a(Unknown Source)&#13;
	at a.a.a.a(Unknown Source)&#13;
	at a.a.a.a(Unknown Source)&#13;
	at a.a.a.a(Unknown Source)&#13;
	at a.a.a.a(Unknown Source)&#13;
	at a.a.a.a(Unknown Source)&#13;
	at a.a.a.a(Unknown Source)&#13;
	at a.a.a.a(Unknown Source)&#13;
	at a.a.a.a(Unknown Source)&#13;
	at a.a.a.a(Unknown Source)&#13;
	at a.a.a.a(Unknown Source)&#13;
	at a.a.a.a(Unknown Source)&#13;
	at a.a.a.a(Unknown Source)&#13;
	at a.a.a.a(Unknown Source)&#13;
	at a.a.a.a(Unknown Source)&#13;
	at a.a.a.a(Unknown Source)&#13;
	at a.a.a.a(Unknown Source)&#13;
	at a.a.a.a(Unknown Source)&#13;
	at a.a.a.a(Unknown Source)&#13;
	at a.a.a.a(Unknown Source)&#13;
	at a.a.a.a(Unknown Source)&#13;
	at a.a.a.a(Unknown Source)&#13;
	at a.a.a.a(Unknown Source)&#13;
	at a.a.a.a(Unknown Source)&#13;
	at a.a.a.a(Unknown Source)&#13;
	at a.a.a.a(Unknown Source)&#13;
	at a.a.a.a(Unknown Source)&#13;
	at a.a.a.a(Unknown Source)&#13;
	at a.a.a.a(Unknown Source)&#13;
	at a.a.a.a(Unknown Source)&#13;
	at a.a.a.a(Unknown Source)&#13;
	at a.a.a.a(Unknown Source)&#13;
	at a.a.a.a(Unknown Source)&#13;
	at a.a.a.a(Unknown Source)&#13;
	at a.a.a.a(Unknown Source)&#13;
	at a.a.a.a(Unknown Source)&#13;
	at a.a.a.a(Unknown Source)&#13;
	at a.a.a.a(Unknown Source)&#13;
	at a.a.a.a(Unknown Source)&#13;
	at a.a.a.a(Unknown Source)&#13;
	at a.a.a.a(Unknown Source)&#13;
	at a.a.a.a(Unknown Source)&#13;
	at a.a.a.a(Unknown Source)&#13;
	at a.a.a.a(Unknown Source)&#13;
	at a.a.a.a(Unknown Source)&#13;
	at a.a.a.a(Unknown Source)&#13;
	at a.a.a.a(Unknown Source)&#13;
	at a.a.a.a(Unknown Source)&#13;
	at a.a.a.a(Unknown Source)&#13;
	at a.a.a.a(Unknown Source)&#13;
	at a.a.a.a(Unknown Source)&#13;
	at a.a.a.a(Unknown Source)&#13;
	at a.a.a.a(Unknown Source)&#13;
	at a.a.a.a(Unknown Source)&#13;
	at a.a.a.a(Unknown Source)&#13;
	at a.a.a.a(Unknown Source)&#13;
	at a.a.a.a(Unknown Source)&#13;
	at a.a.a.a(Unknown Source)&#13;
	at a.a.a.a(Unknown Source)&#13;
	at a.a.a.a(Unknown Source)&#13;
	at a.a.a.a(Unknown Source)&#13;
	at a.a.a.a(Unknown Source)&#13;
	at a.a.a.a(Unknown Source)&#13;
	at a.a.a.a(Unknown Source)&#13;
	at a.a.a.a(Unknown Source)&#13;
	at a.a.a.a(Unknown Source)&#13;
	at a.a.a.a(Unknown Source)&#13;
	at a.a.a.a(Unknown Source)&#13;
	at a.a.a.a(Unknown Source)&#13;
	at a.a.a.a(Unknown Source)&#13;
	at a.a.a.a(Unknown Source)&#13;
	at a.a.a.a(Unknown Source)&#13;
	at a.a.a.a(Unknown Source)&#13;
	at a.a.a.a(Unknown Source)&#13;
	at a.a.a.a(Unknown Source)&#13;
	at a.a.a.a(Unknown Source)&#13;
	at a.a.a.a(Unknown Source)&#13;
	at a.a.a.run(Unknown Source)&#13;
	at java.lang.Thread.run(Unknown Source)&#13;
&#13;
</error>
          </testcase>
        </testsuite>
        <testsuite name="caffeine.test.interactiondiagram1.CaffeineLauncher" time="10.174">
          <testcase name="test" classname="caffeine.test.interactiondiagram1.CaffeineLauncher" time="10.174"/>
        </testsuite>
        <testsuite name="caffeine.test.interactiondiagram2.CaffeineLauncher" time="10.141">
          <testcase name="test" classname="caffeine.test.interactiondiagram2.CaffeineLauncher" time="10.141"/>
        </testsuite>
        <testsuite name="caffeine.test.multithreading1.CaffeineLauncher" time="10.133">
          <testcase name="test" classname="caffeine.test.multithreading1.CaffeineLauncher" time="10.133">
            <error>java.lang.RuntimeException: junit.framework.AssertionFailedError: Line 10 expected:&lt;
	1000
&gt; but was:&lt;
	-1
&gt;&#13;
	at caffeine.test.Primitive.tearDown(Primitive.java:252)&#13;
	at junit.framework.TestCase.runBare(TestCase.java:145)&#13;
	at junit.framework.TestResult$1.protect(TestResult.java:106)&#13;
	at junit.framework.TestResult.runProtected(TestResult.java:124)&#13;
	at junit.framework.TestResult.run(TestResult.java:109)&#13;
	at junit.framework.TestCase.run(TestCase.java:133)&#13;
	at junit.framework.TestSuite.runTest(TestSuite.java:176)&#13;
	at junit.framework.TestSuite.run(TestSuite.java:171)&#13;
	at junit.framework.TestSuite.runTest(TestSuite.java:176)&#13;
	at junit.framework.TestSuite.run(TestSuite.java:171)&#13;
	at junit.framework.TestSuite.runTest(TestSuite.java:176)&#13;
	at junit.framework.TestSuite.run(TestSuite.java:171)&#13;
	at junit.framework.TestSuite.runTest(TestSuite.java:176)&#13;
	at junit.framework.TestSuite.run(TestSuite.java:171)&#13;
	at org.junit.internal.runners.JUnit38ClassRunner.run(JUnit38ClassRunner.java:83)&#13;
	at org.eclipse.jdt.internal.junit4.runner.JUnit4TestReference.run(JUnit4TestReference.java:50)&#13;
	at org.eclipse.jdt.internal.junit.runner.TestExecution.run(TestExecution.java:38)&#13;
	at org.eclipse.jdt.internal.junit.runner.RemoteTestRunner.runTests(RemoteTestRunner.java:467)&#13;
	at org.eclipse.jdt.internal.junit.runner.RemoteTestRunner.runTests(RemoteTestRunner.java:683)&#13;
	at org.eclipse.jdt.internal.junit.runner.RemoteTestRunner.run(RemoteTestRunner.java:390)&#13;
	at org.eclipse.jdt.internal.junit.runner.RemoteTestRunner.main(RemoteTestRunner.java:197)&#13;
Caused by: junit.framework.AssertionFailedError: Line 10 expected:&lt;
	1000
&gt; but was:&lt;
	-1
&gt;&#13;
	at junit.framework.Assert.fail(Assert.java:51)&#13;
	at junit.framework.Assert.failNotEquals(Assert.java:234)&#13;
	at junit.framework.Assert.assertEquals(Assert.java:68)&#13;
	at caffeine.test.Primitive$1.eventEmitted(Primitive.java:146)&#13;
	at caffeine.logic.EventManager.getOutput(EventManager.java:1437)&#13;
	at JIP.engine.cr.null(Unknown Source)&#13;
	at JIP.engine.cr.if(Unknown Source)&#13;
	at JIP.engine.y.a(Unknown Source)&#13;
	at JIP.engine.cm.if(Unknown Source)&#13;
	at JIP.engine.ap.a(Unknown Source)&#13;
	at JIP.engine.ap.hasMoreElements(Unknown Source)&#13;
	at a.a.a.a(Unknown Source)&#13;
	at a.a.a.a(Unknown Source)&#13;
	at a.a.a.a(Unknown Source)&#13;
	at a.a.a.a(Unknown Source)&#13;
	at a.a.a.a(Unknown Source)&#13;
	at a.a.a.run(Unknown Source)&#13;
	at java.lang.Thread.run(Unknown Source)&#13;
&#13;
</error>
          </testcase>
        </testsuite>
        <testsuite name="caffeine.test.multithreading2.CaffeineLauncher" time="10.192">
          <testcase name="test" classname="caffeine.test.multithreading2.CaffeineLauncher" time="10.192">
            <error>java.lang.RuntimeException: junit.framework.AssertionFailedError: Line 7 expected:&lt;
	1000
&gt; but was:&lt;
	-1
&gt;&#13;
	at caffeine.test.Primitive.tearDown(Primitive.java:252)&#13;
	at junit.framework.TestCase.runBare(TestCase.java:145)&#13;
	at junit.framework.TestResult$1.protect(TestResult.java:106)&#13;
	at junit.framework.TestResult.runProtected(TestResult.java:124)&#13;
	at junit.framework.TestResult.run(TestResult.java:109)&#13;
	at junit.framework.TestCase.run(TestCase.java:133)&#13;
	at junit.framework.TestSuite.runTest(TestSuite.java:176)&#13;
	at junit.framework.TestSuite.run(TestSuite.java:171)&#13;
	at junit.framework.TestSuite.runTest(TestSuite.java:176)&#13;
	at junit.framework.TestSuite.run(TestSuite.java:171)&#13;
	at junit.framework.TestSuite.runTest(TestSuite.java:176)&#13;
	at junit.framework.TestSuite.run(TestSuite.java:171)&#13;
	at junit.framework.TestSuite.runTest(TestSuite.java:176)&#13;
	at junit.framework.TestSuite.run(TestSuite.java:171)&#13;
	at org.junit.internal.runners.JUnit38ClassRunner.run(JUnit38ClassRunner.java:83)&#13;
	at org.eclipse.jdt.internal.junit4.runner.JUnit4TestReference.run(JUnit4TestReference.java:50)&#13;
	at org.eclipse.jdt.internal.junit.runner.TestExecution.run(TestExecution.java:38)&#13;
	at org.eclipse.jdt.internal.junit.runner.RemoteTestRunner.runTests(RemoteTestRunner.java:467)&#13;
	at org.eclipse.jdt.internal.junit.runner.RemoteTestRunner.runTests(RemoteTestRunner.java:683)&#13;
	at org.eclipse.jdt.internal.junit.runner.RemoteTestRunner.run(RemoteTestRunner.java:390)&#13;
	at org.eclipse.jdt.internal.junit.runner.RemoteTestRunner.main(RemoteTestRunner.java:197)&#13;
Caused by: junit.framework.AssertionFailedError: Line 7 expected:&lt;
	1000
&gt; but was:&lt;
	-1
&gt;&#13;
	at junit.framework.Assert.fail(Assert.java:51)&#13;
	at junit.framework.Assert.failNotEquals(Assert.java:234)&#13;
	at junit.framework.Assert.assertEquals(Assert.java:68)&#13;
	at caffeine.test.Primitive$1.eventEmitted(Primitive.java:146)&#13;
	at caffeine.logic.EventManager.getOutput(EventManager.java:1437)&#13;
	at JIP.engine.cr.null(Unknown Source)&#13;
	at JIP.engine.cr.if(Unknown Source)&#13;
	at JIP.engine.y.a(Unknown Source)&#13;
	at JIP.engine.cm.if(Unknown Source)&#13;
	at JIP.engine.ap.a(Unknown Source)&#13;
	at JIP.engine.ap.hasMoreElements(Unknown Source)&#13;
	at a.a.a.a(Unknown Source)&#13;
	at a.a.a.a(Unknown Source)&#13;
	at a.a.a.a(Unknown Source)&#13;
	at a.a.a.a(Unknown Source)&#13;
	at a.a.a.a(Unknown Source)&#13;
	at a.a.a.run(Unknown Source)&#13;
	at java.lang.Thread.run(Unknown Source)&#13;
&#13;
</error>
          </testcase>
        </testsuite>
        <testsuite name="caffeine.test.nextEvent2.CaffeineLauncher" time="9.133">
          <testcase name="test" classname="caffeine.test.nextEvent2.CaffeineLauncher" time="9.133"/>
        </testsuite>
        <testsuite name="caffeine.test.nextEvent3.CaffeineLauncher" time="11.142">
          <testcase name="test" classname="caffeine.test.nextEvent3.CaffeineLauncher" time="11.142"/>
        </testsuite>
      </testsuite>
      <testsuite name="TestSuite with 2 tests [example: epi.test.java.JavaAWTTest]" time="173.574">
        <testsuite name="epi.test.java.JavaAWTTest" time="121.801">
          <testcase name="testNumberOfSolutions" classname="epi.test.java.JavaAWTTest" time="121.801"/>
        </testsuite>
        <testsuite name="epi.test.java.JavaSwingTest" time="51.773">
          <testcase name="testNumberOfSolutions" classname="epi.test.java.JavaSwingTest" time="51.773"/>
        </testsuite>
      </testsuite>
      <testsuite name="TestSuite with 48 tests [example: padl.kernel.impl.AbstractContainerTest]" time="0.079">
        <testsuite name="padl.kernel.impl.AbstractContainerTest" time="0.0">
          <testcase name="testAddEqualEntity2" classname="padl.kernel.impl.AbstractContainerTest" time="0.0"/>
          <testcase name="testAddEqualEntity" classname="padl.kernel.impl.AbstractContainerTest" time="0.0"/>
          <testcase name="testAddEntitySameType" classname="padl.kernel.impl.AbstractContainerTest" time="0.0"/>
          <testcase name="testAddEntity" classname="padl.kernel.impl.AbstractContainerTest" time="0.01"/>
          <testcase name="testAddEqualEntity3" classname="padl.kernel.impl.AbstractContainerTest" time="0.0"/>
          <testcase name="testGetIteratorOnEntities" classname="padl.kernel.impl.AbstractContainerTest" time="0.0"/>
          <testcase name="testRemoveAllEntities" classname="padl.kernel.impl.AbstractContainerTest" time="0.0"/>
          <testcase name="testRemoveAllEntities2" classname="padl.kernel.impl.AbstractContainerTest" time="0.0"/>
          <testcase name="testRemoveEntityFromID" classname="padl.kernel.impl.AbstractContainerTest" time="0.0"/>
          <testcase name="testRemoveEntityFromID2" classname="padl.kernel.impl.AbstractContainerTest" time="0.0"/>
          <testcase name="testResetListOfEntities" classname="padl.kernel.impl.AbstractContainerTest" time="0.0"/>
          <testcase name="testGetIteratorOnEntitiesClass" classname="padl.kernel.impl.AbstractContainerTest" time="0.0"/>
        </testsuite>
        <testsuite name="padl.kernel.impl.MethodInvocationTest" time="0.01">
          <testcase name="testEqualsIMethodInvocation" classname="padl.kernel.impl.MethodInvocationTest" time="0.0"/>
        </testsuite>
        <testsuite name="TestSuite with 9 tests [example: padl.test.clone.Clone]" time="0.04">
          <testsuite name="padl.test.clone.Clone" time="0.02">
            <testcase name="testEntities" classname="padl.test.clone.Clone" time="0.0"/>
            <testcase name="testPatterns" classname="padl.test.clone.Clone" time="0.0"/>
            <testcase name="testElements" classname="padl.test.clone.Clone" time="0.0"/>
            <testcase name="testInheritance" classname="padl.test.clone.Clone" time="0.0"/>
          </testsuite>
          <testsuite name="padl.test.clone.CopyIn" time="0.02">
            <testcase name="testEntities" classname="padl.test.clone.CopyIn" time="0.0"/>
            <testcase name="testElements" classname="padl.test.clone.CopyIn" time="0.0"/>
            <testcase name="testInheritance" classname="padl.test.clone.CopyIn" time="0.0"/>
            <testcase name="testModelIdentities" classname="padl.test.clone.CopyIn" time="0.0"/>
          </testsuite>
          <testsuite name="padl.test.clone.Remove" time="0.0">
            <testcase name="test1" classname="padl.test.clone.Remove" time="0.0"/>
          </testsuite>
        </testsuite>
        <testsuite name="TestSuite with 7 tests [example: padl.test.remove.Remove]" time="0.012">
          <testsuite name="padl.test.remove.Remove" time="0.0">
            <testcase name="test1" classname="padl.test.remove.Remove" time="0.0"/>
            <testcase name="test2" classname="padl.test.remove.Remove" time="0.0"/>
          </testsuite>
          <testsuite name="padl.test.remove.ConstituentRemove" time="0.012">
            <testcase name="testRemoveTopLevelClass3" classname="padl.test.remove.ConstituentRemove" time="0.0"/>
            <testcase name="testRemoveTopLevelClass1" classname="padl.test.remove.ConstituentRemove" time="0.0"/>
            <testcase name="testRemoveTopLevelClass2" classname="padl.test.remove.ConstituentRemove" time="0.0"/>
            <testcase name="testRemoveConstitiuent" classname="padl.test.remove.ConstituentRemove" time="0.0"/>
            <testcase name="testRemoveClassFromPackage" classname="padl.test.remove.ConstituentRemove" time="0.0"/>
          </testsuite>
        </testsuite>
        <testsuite name="TestSuite with 6 tests [example: padl.test.setter.TestSetter]" time="0.004">
          <testsuite name="padl.test.setter.TestSetter" time="0.002">
            <testcase name="testClass" classname="padl.test.setter.TestSetter" time="0.0"/>
            <testcase name="testMethods" classname="padl.test.setter.TestSetter" time="0.0"/>
            <testcase name="testParameters" classname="padl.test.setter.TestSetter" time="0.01"/>
          </testsuite>
          <testsuite name="padl.test.setter.TestGetter" time="0.002">
            <testcase name="testClass" classname="padl.test.setter.TestGetter" time="0.0"/>
            <testcase name="testMethods" classname="padl.test.setter.TestGetter" time="0.0"/>
            <testcase name="testParameters" classname="padl.test.setter.TestGetter" time="0.0"/>
          </testsuite>
        </testsuite>
        <testsuite name="padl.test.path.TestPath" time="0.011">
          <testcase name="testClass" classname="padl.test.path.TestPath" time="0.0"/>
          <testcase name="testPath" classname="padl.test.path.TestPath" time="0.0"/>
          <testcase name="testMethods" classname="padl.test.path.TestPath" time="0.0"/>
          <testcase name="testRemoveAddContainerAggregation" classname="padl.test.path.TestPath" time="0.0"/>
          <testcase name="testParameters" classname="padl.test.path.TestPath" time="0.0"/>
          <testcase name="testRemoveAddParameter" classname="padl.test.path.TestPath" time="0.0"/>
          <testcase name="testRemoveAddMethod" classname="padl.test.path.TestPath" time="0.0"/>
          <testcase name="testAddRemoveClass2" classname="padl.test.path.TestPath" time="0.0"/>
          <testcase name="testAddRemoveClass1" classname="padl.test.path.TestPath" time="0.0"/>
          <testcase name="testPathOfMethods" classname="padl.test.path.TestPath" time="0.0"/>
        </testsuite>
        <testsuite name="padl.test.defaultpackage.TestDefaultPackage" time="0.002">
          <testcase name="testRetrieveDefaultPackageByName" classname="padl.test.defaultpackage.TestDefaultPackage" time="0.0"/>
          <testcase name="testRetrieveDefaultPackageByID" classname="padl.test.defaultpackage.TestDefaultPackage" time="0.0"/>
          <testcase name="testCreationOfDefaultPackage" classname="padl.test.defaultpackage.TestDefaultPackage" time="0.01"/>
        </testsuite>
      </testsuite>
      <testsuite name="TestSuite with 14 tests [example: padl.analysis.aac.test.TestAACAnalyses@e26e44]" time="0.021">
        <testsuite name="TestSuite with 10 tests [example: padl.analysis.aac.test.Aggregation_CLASS_INSTANCE_FROM_FIELD_1]" time="0.0">
          <testsuite name="padl.analysis.aac.test.Aggregation_CLASS_INSTANCE_FROM_FIELD_1" time="0.0">
            <testcase name="testAssociation" classname="padl.analysis.aac.test.Aggregation_CLASS_INSTANCE_FROM_FIELD_1" time="0.0"/>
            <testcase name="testConstructor" classname="padl.analysis.aac.test.Aggregation_CLASS_INSTANCE_FROM_FIELD_1" time="0.0"/>
            <testcase name="testMainEntityName" classname="padl.analysis.aac.test.Aggregation_CLASS_INSTANCE_FROM_FIELD_1" time="0.0"/>
            <testcase name="testNumberOfElements" classname="padl.analysis.aac.test.Aggregation_CLASS_INSTANCE_FROM_FIELD_1" time="0.0"/>
            <testcase name="testNumberOfEntities" classname="padl.analysis.aac.test.Aggregation_CLASS_INSTANCE_FROM_FIELD_1" time="0.0"/>
            <testcase name="testAggregation" classname="padl.analysis.aac.test.Aggregation_CLASS_INSTANCE_FROM_FIELD_1" time="0.0"/>
            <testcase name="testUseRelationship" classname="padl.analysis.aac.test.Aggregation_CLASS_INSTANCE_FROM_FIELD_1" time="0.0"/>
            <testcase name="testStaticField" classname="padl.analysis.aac.test.Aggregation_CLASS_INSTANCE_FROM_FIELD_1" time="0.0"/>
            <testcase name="testFooAssociation" classname="padl.analysis.aac.test.Aggregation_CLASS_INSTANCE_FROM_FIELD_1" time="0.0"/>
            <testcase name="testMethod" classname="padl.analysis.aac.test.Aggregation_CLASS_INSTANCE_FROM_FIELD_1" time="0.0"/>
          </testsuite>
        </testsuite>
        <testsuite name="TestSuite with 4 tests [example: padl.analysis.packagebuilder.test.Test1]" time="0.021">
          <testsuite name="padl.analysis.packagebuilder.test.Test1" time="0.021">
            <testcase name="testNumberOfJavaUtilEntities" classname="padl.analysis.packagebuilder.test.Test1" time="0.021"/>
            <testcase name="testNumberOfJavaLangEntities" classname="padl.analysis.packagebuilder.test.Test1" time="0.0"/>
            <testcase name="testNumberOfDataEntities" classname="padl.analysis.packagebuilder.test.Test1" time="0.0"/>
            <testcase name="testNumberOfPackages" classname="padl.analysis.packagebuilder.test.Test1" time="0.0"/>
          </testsuite>
        </testsuite>
      </testsuite>
      <testsuite name="TestSuite with 82 tests [example: pom.test.specific.TestCache]" time="6.869">
        <testsuite name="pom.test.specific.TestCache" time="0.82">
          <testcase name="testCachingOfCBOValues" classname="pom.test.specific.TestCache" time="0.81"/>
          <testcase name="testCachingOfCBOinValues" classname="pom.test.specific.TestCache" time="0.0"/>
          <testcase name="testCachingOfCBOoutValues" classname="pom.test.specific.TestCache" time="0.0"/>
          <testcase name="testCBOinAndOut" classname="pom.test.specific.TestCache" time="0.01"/>
          <testcase name="testCachingOfReversedCBOValues" classname="pom.test.specific.TestCache" time="0.0"/>
        </testsuite>
        <testsuite name="pom.test.TestClassPrimitives" time="0.251">
          <testcase name="testDescendents" classname="pom.test.TestClassPrimitives" time="0.241"/>
          <testcase name="testAllMethods" classname="pom.test.TestClassPrimitives" time="0.0"/>
          <testcase name="testDeclaredMethods" classname="pom.test.TestClassPrimitives" time="0.0"/>
          <testcase name="testImplementedMethods" classname="pom.test.TestClassPrimitives" time="0.0"/>
          <testcase name="testNewMethods" classname="pom.test.TestClassPrimitives" time="0.0"/>
          <testcase name="testOverloadedMethods" classname="pom.test.TestClassPrimitives" time="0.0"/>
          <testcase name="testInheritedMethods" classname="pom.test.TestClassPrimitives" time="0.0"/>
          <testcase name="testChildren" classname="pom.test.TestClassPrimitives" time="0.01"/>
          <testcase name="testParents" classname="pom.test.TestClassPrimitives" time="0.0"/>
          <testcase name="testAncestor" classname="pom.test.TestClassPrimitives" time="0.0"/>
        </testsuite>
        <testsuite name="pom.test.TestCouplingCohesionMetrics" time="0.531">
          <testcase name="testCohesionAttributes" classname="pom.test.TestCouplingCohesionMetrics" time="0.521"/>
          <testcase name="testConnectivity" classname="pom.test.TestCouplingCohesionMetrics" time="0.01"/>
          <testcase name="testWMCforAClass" classname="pom.test.TestCouplingCohesionMetrics" time="0.0"/>
          <testcase name="testACMIC" classname="pom.test.TestCouplingCohesionMetrics" time="0.0"/>
          <testcase name="testDCAEC" classname="pom.test.TestCouplingCohesionMetrics" time="0.0"/>
          <testcase name="testDCMEC" classname="pom.test.TestCouplingCohesionMetrics" time="0.0"/>
          <testcase name="testCBO" classname="pom.test.TestCouplingCohesionMetrics" time="0.0"/>
          <testcase name="testACAIC" classname="pom.test.TestCouplingCohesionMetrics" time="0.0"/>
          <testcase name="testICH" classname="pom.test.TestCouplingCohesionMetrics" time="0.0"/>
          <testcase name="testLCOM2" classname="pom.test.TestCouplingCohesionMetrics" time="0.0"/>
          <testcase name="testLCOM5" classname="pom.test.TestCouplingCohesionMetrics" time="0.0"/>
        </testsuite>
        <testsuite name="pom.test.TestMethodPrimitives" time="0.08">
          <testcase name="testInvokedMethods" classname="pom.test.TestMethodPrimitives" time="0.03"/>
          <testcase name="testHandledFieldsBy" classname="pom.test.TestMethodPrimitives" time="0.02"/>
          <testcase name="testMI" classname="pom.test.TestMethodPrimitives" time="0.03"/>
        </testsuite>
        <testsuite name="pom.test.TestMetricRepository" time="0.76">
          <testcase name="testUnarymetricList" classname="pom.test.TestMetricRepository" time="0.76"/>
        </testsuite>
        <testsuite name="pom.test.TestOperators" time="0.0">
          <testcase name="testIntersection" classname="pom.test.TestOperators" time="0.0"/>
          <testcase name="testIncludeOrEqual" classname="pom.test.TestOperators" time="0.0"/>
          <testcase name="testDifference" classname="pom.test.TestOperators" time="0.0"/>
          <testcase name="testDifferent" classname="pom.test.TestOperators" time="0.0"/>
          <testcase name="testUnion" classname="pom.test.TestOperators" time="0.0"/>
          <testcase name="testSize" classname="pom.test.TestOperators" time="0.0"/>
          <testcase name="testEquals" classname="pom.test.TestOperators" time="0.0"/>
          <testcase name="testBelongTo" classname="pom.test.TestOperators" time="0.0"/>
          <testcase name="testInclude" classname="pom.test.TestOperators" time="0.0"/>
        </testsuite>
        <testsuite name="pom.test.TestUnaryMetrics" time="0.782">
          <testcase name="testSIX" classname="pom.test.TestUnaryMetrics" time="0.782"/>
          <testcase name="testNMO" classname="pom.test.TestUnaryMetrics" time="0.0"/>
          <testcase name="testNMA" classname="pom.test.TestUnaryMetrics" time="0.0"/>
          <testcase name="testCLD" classname="pom.test.TestUnaryMetrics" time="0.0"/>
          <testcase name="testAID" classname="pom.test.TestUnaryMetrics" time="0.0"/>
        </testsuite>
        <testsuite name="pom.test.specific.TestAID" time="0.53">
          <testcase name="testAncestorImplement01" classname="pom.test.specific.TestAID" time="0.53"/>
          <testcase name="testAncestorExtend01" classname="pom.test.specific.TestAID" time="0.0"/>
          <testcase name="testRef" classname="pom.test.specific.TestAID" time="0.0"/>
          <testcase name="testAncestorExtendImplement01" classname="pom.test.specific.TestAID" time="0.0"/>
        </testsuite>
        <testsuite name="pom.test.specific.TestCBO" time="0.532">
          <testcase name="testAboutFunctOut" classname="pom.test.specific.TestCBO" time="0.532"/>
          <testcase name="testAboutFunct" classname="pom.test.specific.TestCBO" time="0.0"/>
          <testcase name="testAboutFunctIn" classname="pom.test.specific.TestCBO" time="0.0"/>
          <testcase name="testAboutSetVarOut" classname="pom.test.specific.TestCBO" time="0.0"/>
          <testcase name="testAboutSetVarIn" classname="pom.test.specific.TestCBO" time="0.0"/>
          <testcase name="testAboutSetVar" classname="pom.test.specific.TestCBO" time="0.0"/>
          <testcase name="testAboutGetVar" classname="pom.test.specific.TestCBO" time="0.0"/>
          <testcase name="testRefInterface" classname="pom.test.specific.TestCBO" time="0.0"/>
          <testcase name="testRefClass" classname="pom.test.specific.TestCBO" time="0.0"/>
        </testsuite>
        <testsuite name="pom.test.specific.TestDIT" time="0.51">
          <testcase name="testRefInterface" classname="pom.test.specific.TestDIT" time="0.51"/>
          <testcase name="testInheritanceOnInterface02" classname="pom.test.specific.TestDIT" time="0.0"/>
          <testcase name="testInheritanceOnInterface01" classname="pom.test.specific.TestDIT" time="0.0"/>
          <testcase name="testInheritanceOnClass" classname="pom.test.specific.TestDIT" time="0.0"/>
          <testcase name="testRefClass" classname="pom.test.specific.TestDIT" time="0.0"/>
        </testsuite>
        <testsuite name="pom.test.specific.TestNMI" time="0.532">
          <testcase name="testConstructor" classname="pom.test.specific.TestNMI" time="0.532"/>
          <testcase name="testDiffSignature" classname="pom.test.specific.TestNMI" time="0.0"/>
          <testcase name="testSameMethods" classname="pom.test.specific.TestNMI" time="0.0"/>
          <testcase name="testDifMethods" classname="pom.test.specific.TestNMI" time="0.0"/>
        </testsuite>
        <testsuite name="pom.test.specific.TestNOC" time="0.53">
          <testcase name="testRefInterface" classname="pom.test.specific.TestNOC" time="0.53"/>
          <testcase name="test02" classname="pom.test.specific.TestNOC" time="0.0"/>
          <testcase name="testRefClass" classname="pom.test.specific.TestNOC" time="0.0"/>
          <testcase name="test01" classname="pom.test.specific.TestNOC" time="0.0"/>
        </testsuite>
        <testsuite name="pom.test.specific.TestUnaryCBO" time="0.0">
          <testcase name="testNoCoupling" classname="pom.test.specific.TestUnaryCBO" time="0.0"/>
          <testcase name="testNotUsedField" classname="pom.test.specific.TestUnaryCBO" time="0.0"/>
          <testcase name="testInheritence" classname="pom.test.specific.TestUnaryCBO" time="0.0"/>
          <testcase name="testUsedFieldByMethod" classname="pom.test.specific.TestUnaryCBO" time="0.0"/>
        </testsuite>
        <testsuite name="pom.test.specific.TestWMC" time="0.501">
          <testcase name="testRefInterface" classname="pom.test.specific.TestWMC" time="0.501"/>
          <testcase name="test02" classname="pom.test.specific.TestWMC" time="0.0"/>
          <testcase name="testRefClass" classname="pom.test.specific.TestWMC" time="0.0"/>
          <testcase name="test01" classname="pom.test.specific.TestWMC" time="0.0"/>
        </testsuite>
        <testsuite name="pom.test.specific.TestWMC1" time="0.5">
          <testcase name="testRefInterface" classname="pom.test.specific.TestWMC1" time="0.5"/>
          <testcase name="test02" classname="pom.test.specific.TestWMC1" time="0.0"/>
          <testcase name="testRefClass" classname="pom.test.specific.TestWMC1" time="0.0"/>
          <testcase name="test01" classname="pom.test.specific.TestWMC1" time="0.0"/>
        </testsuite>
      </testsuite>
      <testsuite name="TestSuite with 13 tests [example: ptidej.solver.test.java.fingerprint.Composition]" time="0.111">
        <testsuite name="ptidej.solver.test.java.fingerprint.Composition" time="0.091">
          <testcase name="testSolution1" classname="ptidej.solver.test.java.fingerprint.Composition" time="0.091"/>
          <testcase name="testSolution2" classname="ptidej.solver.test.java.fingerprint.Composition" time="0.0"/>
          <testcase name="testSolutionPercentage" classname="ptidej.solver.test.java.fingerprint.Composition" time="0.0"/>
          <testcase name="testNumberOfSolutions" classname="ptidej.solver.test.java.fingerprint.Composition" time="0.0"/>
        </testsuite>
        <testsuite name="ptidej.solver.test.java.fingerprint.Composition2" time="0.0">
          <testcase name="testSolutionPercentage" classname="ptidej.solver.test.java.fingerprint.Composition2" time="0.0"/>
          <testcase name="testNumberOfSolutions" classname="ptidej.solver.test.java.fingerprint.Composition2" time="0.0"/>
        </testsuite>
        <testsuite name="ptidej.solver.test.java.fingerprint.Composition3" time="0.01">
          <testcase name="testSolutionPercentage" classname="ptidej.solver.test.java.fingerprint.Composition3" time="0.01"/>
          <testcase name="testNumberOfSolutions" classname="ptidej.solver.test.java.fingerprint.Composition3" time="0.0"/>
          <testcase name="testSolution" classname="ptidej.solver.test.java.fingerprint.Composition3" time="0.0"/>
        </testsuite>
        <testsuite name="ptidej.solver.test.java.fingerprint.Composition4" time="0.01">
          <testcase name="testSolution1" classname="ptidej.solver.test.java.fingerprint.Composition4" time="0.01"/>
          <testcase name="testSolution2" classname="ptidej.solver.test.java.fingerprint.Composition4" time="0.0"/>
          <testcase name="testSolutionPercentage" classname="ptidej.solver.test.java.fingerprint.Composition4" time="0.0"/>
          <testcase name="testNumberOfSolutions" classname="ptidej.solver.test.java.fingerprint.Composition4" time="0.0"/>
        </testsuite>
      </testsuite>
      <testsuite name="TestSuite with 27 tests [example: ptidej.micropatterns.test.TestDesignator]" time="0.111">
        <testsuite name="ptidej.micropatterns.test.TestDesignator" time="0.041">
          <testcase name="testDesignator" classname="ptidej.micropatterns.test.TestDesignator" time="0.041"/>
        </testsuite>
        <testsuite name="ptidej.micropatterns.test.TestTaxonormy" time="0.01">
          <testcase name="testTaxonormy" classname="ptidej.micropatterns.test.TestTaxonormy" time="0.01"/>
        </testsuite>
        <testsuite name="ptidej.micropatterns.test.TestJoiner" time="0.0">
          <testcase name="testJoiner" classname="ptidej.micropatterns.test.TestJoiner" time="0.0"/>
        </testsuite>
        <testsuite name="ptidej.micropatterns.test.TestPool" time="0.0">
          <testcase name="testPool" classname="ptidej.micropatterns.test.TestPool" time="0.0"/>
        </testsuite>
        <testsuite name="ptidej.micropatterns.test.TestFunctionPointer" time="0.0">
          <testcase name="testFonctionPointer" classname="ptidej.micropatterns.test.TestFunctionPointer" time="0.0"/>
        </testsuite>
        <testsuite name="ptidej.micropatterns.test.TestFunctionObject" time="0.01">
          <testcase name="testFonctionObject" classname="ptidej.micropatterns.test.TestFunctionObject" time="0.01"/>
        </testsuite>
        <testsuite name="ptidej.micropatterns.test.TestCobolLike" time="0.0">
          <testcase name="testCobolLike" classname="ptidej.micropatterns.test.TestCobolLike" time="0.0"/>
        </testsuite>
        <testsuite name="ptidej.micropatterns.test.TestStateless" time="0.0">
          <testcase name="testStateless" classname="ptidej.micropatterns.test.TestStateless" time="0.0"/>
        </testsuite>
        <testsuite name="ptidej.micropatterns.test.TestCommonState" time="0.01">
          <testcase name="testCommonState" classname="ptidej.micropatterns.test.TestCommonState" time="0.01"/>
        </testsuite>
        <testsuite name="ptidej.micropatterns.test.TestImmutable" time="0.0">
          <testcase name="testImmutable" classname="ptidej.micropatterns.test.TestImmutable" time="0.0"/>
        </testsuite>
        <testsuite name="ptidej.micropatterns.test.TestRestrictedCreation" time="0.0">
          <testcase name="testRestrictedCreation" classname="ptidej.micropatterns.test.TestRestrictedCreation" time="0.0"/>
        </testsuite>
        <testsuite name="ptidej.micropatterns.test.TestSampler" time="0.0">
          <testcase name="testSampler" classname="ptidej.micropatterns.test.TestSampler" time="0.0"/>
        </testsuite>
        <testsuite name="ptidej.micropatterns.test.TestBox" time="0.0">
          <testcase name="testBox" classname="ptidej.micropatterns.test.TestBox" time="0.0"/>
        </testsuite>
        <testsuite name="ptidej.micropatterns.test.TestCanopy" time="0.01">
          <testcase name="testCanopy" classname="ptidej.micropatterns.test.TestCanopy" time="0.01"/>
        </testsuite>
        <testsuite name="ptidej.micropatterns.test.TestCompoundBox" time="0.0">
          <testcase name="testCompoundBox" classname="ptidej.micropatterns.test.TestCompoundBox" time="0.0"/>
        </testsuite>
        <testsuite name="ptidej.micropatterns.test.TestRecord" time="0.0">
          <testcase name="testRecord" classname="ptidej.micropatterns.test.TestRecord" time="0.0"/>
        </testsuite>
        <testsuite name="ptidej.micropatterns.test.TestDataManager" time="0.01">
          <testcase name="testDataManager" classname="ptidej.micropatterns.test.TestDataManager" time="0.01"/>
        </testsuite>
        <testsuite name="ptidej.micropatterns.test.TestSink" time="0.0">
          <testcase name="testSink" classname="ptidej.micropatterns.test.TestSink" time="0.0"/>
        </testsuite>
        <testsuite name="ptidej.micropatterns.test.TestOutline" time="0.0">
          <testcase name="testOutline" classname="ptidej.micropatterns.test.TestOutline" time="0.0"/>
        </testsuite>
        <testsuite name="ptidej.micropatterns.test.TestTrait" time="0.01">
          <testcase name="testTrait" classname="ptidej.micropatterns.test.TestTrait" time="0.01"/>
        </testsuite>
        <testsuite name="ptidej.micropatterns.test.TestStateMachine" time="0.0">
          <testcase name="testStateMachine" classname="ptidej.micropatterns.test.TestStateMachine" time="0.0"/>
        </testsuite>
        <testsuite name="ptidej.micropatterns.test.TestPureType" time="0.0">
          <testcase name="testPureType" classname="ptidej.micropatterns.test.TestPureType" time="0.0"/>
        </testsuite>
        <testsuite name="ptidej.micropatterns.test.TestAugmentedType" time="0.0">
          <testcase name="testAugmentedType" classname="ptidej.micropatterns.test.TestAugmentedType" time="0.0"/>
        </testsuite>
        <testsuite name="ptidej.micropatterns.test.TestPseudoClass" time="0.0">
          <testcase name="testPseudoClass" classname="ptidej.micropatterns.test.TestPseudoClass" time="0.0"/>
        </testsuite>
        <testsuite name="ptidej.micropatterns.test.TestImplementor" time="0.01">
          <testcase name="testImplementor" classname="ptidej.micropatterns.test.TestImplementor" time="0.01"/>
        </testsuite>
        <testsuite name="ptidej.micropatterns.test.TestOverrider" time="0.0">
          <testcase name="testOverrider" classname="ptidej.micropatterns.test.TestOverrider" time="0.0"/>
        </testsuite>
        <testsuite name="ptidej.micropatterns.test.TestExtender" time="0.0">
          <testcase name="testExtender" classname="ptidej.micropatterns.test.TestExtender" time="0.0"/>
        </testsuite>
      </testsuite>
      <testsuite name="TestSuite with 17 tests [example: modec.solver.constraint.test.TestCaller]" time="1.218">
        <testsuite name="modec.solver.constraint.test.TestCaller" time="0.678">
          <testcase name="testSolution1" classname="modec.solver.constraint.test.TestCaller" time="0.15"/>
          <testcase name="testSolution2" classname="modec.solver.constraint.test.TestCaller" time="0.07"/>
          <testcase name="testSolutions" classname="modec.solver.constraint.test.TestCaller" time="0.082"/>
          <testcase name="testSolution0" classname="modec.solver.constraint.test.TestCaller" time="0.088"/>
          <testcase name="testSolution3" classname="modec.solver.constraint.test.TestCaller" time="0.096"/>
          <testcase name="testSolution4" classname="modec.solver.constraint.test.TestCaller" time="0.084"/>
          <testcase name="testSolution5" classname="modec.solver.constraint.test.TestCaller" time="0.058"/>
          <testcase name="testSolution6" classname="modec.solver.constraint.test.TestCaller" time="0.05"/>
        </testsuite>
        <testsuite name="modec.solver.constraint.test.TestMessageFollowsImmediately" time="0.54">
          <testcase name="testSolution1" classname="modec.solver.constraint.test.TestMessageFollowsImmediately" time="0.09"/>
          <testcase name="testSolution2" classname="modec.solver.constraint.test.TestMessageFollowsImmediately" time="0.052"/>
          <testcase name="testSolution7" classname="modec.solver.constraint.test.TestMessageFollowsImmediately" time="0.051"/>
          <testcase name="testSolutions" classname="modec.solver.constraint.test.TestMessageFollowsImmediately" time="0.051"/>
          <testcase name="testSolution0" classname="modec.solver.constraint.test.TestMessageFollowsImmediately" time="0.125"/>
          <testcase name="testSolution3" classname="modec.solver.constraint.test.TestMessageFollowsImmediately" time="0.039"/>
          <testcase name="testSolution4" classname="modec.solver.constraint.test.TestMessageFollowsImmediately" time="0.06"/>
          <testcase name="testSolution5" classname="modec.solver.constraint.test.TestMessageFollowsImmediately" time="0.032"/>
          <testcase name="testSolution6" classname="modec.solver.constraint.test.TestMessageFollowsImmediately" time="0.04"/>
        </testsuite>
      </testsuite>
      <testsuite name="TestSuite with 141 tests [example: ptidej.solver.domain.test.Manager]" time="5.01">
        <testsuite name="ptidej.solver.domain.test.Manager" time="0.05">
          <testcase name="testLoader" classname="ptidej.solver.domain.test.Manager" time="0.05"/>
        </testsuite>
        <testsuite name="TestSuite with 140 tests [example: ptidej.solver.test.claire.defect.TestSuite@11b532d0]" time="4.96">
          <testsuite name="TestSuite with 11 tests [example: ptidej.solver.test.claire.defect.AssociationDistance]" time="0.242">
            <testsuite name="ptidej.solver.test.claire.defect.AssociationDistance" time="0.142">
              <testcase name="testSolution1" classname="ptidej.solver.test.claire.defect.AssociationDistance" time="0.142"/>
              <testcase name="testSolution2" classname="ptidej.solver.test.claire.defect.AssociationDistance" time="0.0"/>
              <testcase name="testNumberOfSolutions" classname="ptidej.solver.test.claire.defect.AssociationDistance" time="0.0"/>
              <testcase name="testSolution3" classname="ptidej.solver.test.claire.defect.AssociationDistance" time="0.0"/>
              <testcase name="testSolution4" classname="ptidej.solver.test.claire.defect.AssociationDistance" time="0.0"/>
            </testsuite>
            <testsuite name="ptidej.solver.test.claire.defect.InheritanceTreeDepth" time="0.1">
              <testcase name="testSolution1" classname="ptidej.solver.test.claire.defect.InheritanceTreeDepth" time="0.1"/>
              <testcase name="testSolution2" classname="ptidej.solver.test.claire.defect.InheritanceTreeDepth" time="0.0"/>
              <testcase name="testSolutionPercentage" classname="ptidej.solver.test.claire.defect.InheritanceTreeDepth" time="0.0"/>
              <testcase name="testNumberOfSolutions" classname="ptidej.solver.test.claire.defect.InheritanceTreeDepth" time="0.0"/>
              <testcase name="testSolution3" classname="ptidej.solver.test.claire.defect.InheritanceTreeDepth" time="0.0"/>
              <testcase name="testSolution4" classname="ptidej.solver.test.claire.defect.InheritanceTreeDepth" time="0.0"/>
            </testsuite>
          </testsuite>
          <testsuite name="TestSuite with 23 tests [example: ptidej.solver.test.claire.approximate.BadComposition]" time="1.101">
            <testsuite name="ptidej.solver.test.claire.approximate.BadComposition" time="0.1">
              <testcase name="testNumberOfSolutions" classname="ptidej.solver.test.claire.approximate.BadComposition" time="0.1"/>
            </testsuite>
            <testsuite name="ptidej.solver.test.claire.approximate.BadInheritance" time="0.24">
              <testcase name="testCustomSolutions4" classname="ptidej.solver.test.claire.approximate.BadInheritance" time="0.23"/>
              <testcase name="testAC4Solution5" classname="ptidej.solver.test.claire.approximate.BadInheritance" time="0.0"/>
              <testcase name="testCustomSolutions3" classname="ptidej.solver.test.claire.approximate.BadInheritance" time="0.0"/>
              <testcase name="testCustomSolutions2" classname="ptidej.solver.test.claire.approximate.BadInheritance" time="0.0"/>
              <testcase name="testCustomSolutions1" classname="ptidej.solver.test.claire.approximate.BadInheritance" time="0.01"/>
              <testcase name="testAC4Solution6" classname="ptidej.solver.test.claire.approximate.BadInheritance" time="0.0"/>
              <testcase name="testAC4Solution1" classname="ptidej.solver.test.claire.approximate.BadInheritance" time="0.0"/>
              <testcase name="testAC4Solution2" classname="ptidej.solver.test.claire.approximate.BadInheritance" time="0.0"/>
              <testcase name="testAC4Solution3" classname="ptidej.solver.test.claire.approximate.BadInheritance" time="0.0"/>
              <testcase name="testAC4Solution4" classname="ptidej.solver.test.claire.approximate.BadInheritance" time="0.0"/>
              <testcase name="testCustomSolutions5" classname="ptidej.solver.test.claire.approximate.BadInheritance" time="0.0"/>
              <testcase name="testCustomSolutions6" classname="ptidej.solver.test.claire.approximate.BadInheritance" time="0.0"/>
              <testcase name="testNumberOfAC4Solutions" classname="ptidej.solver.test.claire.approximate.BadInheritance" time="0.0"/>
              <testcase name="testNumberOfCustomSolutions" classname="ptidej.solver.test.claire.approximate.BadInheritance" time="0.0"/>
            </testsuite>
            <testsuite name="ptidej.solver.test.claire.approximate.Composite" time="0.201">
              <testcase name="testCompositeDesignPattern2" classname="ptidej.solver.test.claire.approximate.Composite" time="0.091"/>
              <testcase name="testCompositeDesignPattern1" classname="ptidej.solver.test.claire.approximate.Composite" time="0.11"/>
            </testsuite>
            <testsuite name="ptidej.solver.test.claire.approximate.Facade" time="0.18">
              <testcase name="testFacadeDesignPattern1" classname="ptidej.solver.test.claire.approximate.Facade" time="0.09"/>
              <testcase name="testFacadeDesignPattern2" classname="ptidej.solver.test.claire.approximate.Facade" time="0.09"/>
            </testsuite>
            <testsuite name="ptidej.solver.test.claire.approximate.FactoryMethod" time="0.18">
              <testcase name="testFactoryMethodDesignPattern1" classname="ptidej.solver.test.claire.approximate.FactoryMethod" time="0.09"/>
              <testcase name="testFactoryMethodDesignPattern2" classname="ptidej.solver.test.claire.approximate.FactoryMethod" time="0.09"/>
            </testsuite>
            <testsuite name="ptidej.solver.test.claire.approximate.Mediator" time="0.2">
              <testcase name="testMediatorDesignPattern2" classname="ptidej.solver.test.claire.approximate.Mediator" time="0.09"/>
              <testcase name="testMediatorDesignPattern1" classname="ptidej.solver.test.claire.approximate.Mediator" time="0.11"/>
            </testsuite>
          </testsuite>
          <testsuite name="TestSuite with 12 tests [example: ptidej.solver.test.claire.approximate.combinatorial.BadComposition1]" time="0.341">
            <testsuite name="ptidej.solver.test.claire.approximate.combinatorial.BadComposition1" time="0.1">
              <testcase name="testSolution1" classname="ptidej.solver.test.claire.approximate.combinatorial.BadComposition1" time="0.1"/>
              <testcase name="testSolution2" classname="ptidej.solver.test.claire.approximate.combinatorial.BadComposition1" time="0.0"/>
              <testcase name="testSolutionPercentage" classname="ptidej.solver.test.claire.approximate.combinatorial.BadComposition1" time="0.0"/>
              <testcase name="testNumberOfSolutions" classname="ptidej.solver.test.claire.approximate.combinatorial.BadComposition1" time="0.0"/>
            </testsuite>
            <testsuite name="ptidej.solver.test.claire.approximate.combinatorial.BadComposition2" time="0.12">
              <testcase name="testSolution1" classname="ptidej.solver.test.claire.approximate.combinatorial.BadComposition2" time="0.12"/>
              <testcase name="testSolution2" classname="ptidej.solver.test.claire.approximate.combinatorial.BadComposition2" time="0.0"/>
              <testcase name="testSolutionPercentage" classname="ptidej.solver.test.claire.approximate.combinatorial.BadComposition2" time="0.0"/>
              <testcase name="testNumberOfSolutions" classname="ptidej.solver.test.claire.approximate.combinatorial.BadComposition2" time="0.0"/>
            </testsuite>
            <testsuite name="ptidej.solver.test.claire.approximate.combinatorial.BadComposition3" time="0.121">
              <testcase name="testSolution1" classname="ptidej.solver.test.claire.approximate.combinatorial.BadComposition3" time="0.121"/>
              <testcase name="testSolution2" classname="ptidej.solver.test.claire.approximate.combinatorial.BadComposition3" time="0.0"/>
              <testcase name="testSolutionPercentage" classname="ptidej.solver.test.claire.approximate.combinatorial.BadComposition3" time="0.0"/>
              <testcase name="testNumberOfSolutions" classname="ptidej.solver.test.claire.approximate.combinatorial.BadComposition3" time="0.0"/>
            </testsuite>
          </testsuite>
          <testsuite name="TestSuite with 10 tests [example: ptidej.solver.test.claire.example.Composite1]" time="0.721">
            <testsuite name="ptidej.solver.test.claire.example.Composite1" time="0.191">
              <testcase name="testNumberOfSolutions" classname="ptidej.solver.test.claire.example.Composite1" time="0.191"/>
              <testcase name="testSolutions" classname="ptidej.solver.test.claire.example.Composite1" time="0.0"/>
            </testsuite>
            <testsuite name="ptidej.solver.test.claire.example.Composite2" time="0.11">
              <testcase name="testNumberOfSolutions" classname="ptidej.solver.test.claire.example.Composite2" time="0.11"/>
              <testcase name="testSolutions" classname="ptidej.solver.test.claire.example.Composite2" time="0.0"/>
            </testsuite>
            <testsuite name="ptidej.solver.test.claire.example.Composite3" time="0.13">
              <testcase name="testNumberOfSolutions" classname="ptidej.solver.test.claire.example.Composite3" time="0.13"/>
              <testcase name="testSolutions" classname="ptidej.solver.test.claire.example.Composite3" time="0.0"/>
            </testsuite>
            <testsuite name="ptidej.solver.test.claire.example.Composite4" time="0.14">
              <testcase name="testNumberOfSolutions" classname="ptidej.solver.test.claire.example.Composite4" time="0.14"/>
              <testcase name="testSolutions" classname="ptidej.solver.test.claire.example.Composite4" time="0.0"/>
            </testsuite>
            <testsuite name="ptidej.solver.test.claire.example.Composite5" time="0.15">
              <testcase name="testNumberOfSolutions" classname="ptidej.solver.test.claire.example.Composite5" time="0.15"/>
              <testcase name="testSolutions" classname="ptidej.solver.test.claire.example.Composite5" time="0.0"/>
            </testsuite>
          </testsuite>
          <testsuite name="TestSuite with 16 tests [example: ptidej.solver.test.claire.roundtrip.CompleteRoundtrip]" time="1.674">
            <testsuite name="ptidej.solver.test.claire.roundtrip.CompleteRoundtrip" time="0.821">
              <testcase name="testFactoryMethodDesignPattern1" classname="ptidej.solver.test.claire.roundtrip.CompleteRoundtrip" time="0.12"/>
              <testcase name="testFactoryMethodDesignPattern2" classname="ptidej.solver.test.claire.roundtrip.CompleteRoundtrip" time="0.11"/>
              <testcase name="testCompositeDesignPattern2" classname="ptidej.solver.test.claire.roundtrip.CompleteRoundtrip" time="0.101"/>
              <testcase name="testCompositeDesignPattern1" classname="ptidej.solver.test.claire.roundtrip.CompleteRoundtrip" time="0.09"/>
              <testcase name="testFacadeDesignPattern1" classname="ptidej.solver.test.claire.roundtrip.CompleteRoundtrip" time="0.1"/>
              <testcase name="testFacadeDesignPattern2" classname="ptidej.solver.test.claire.roundtrip.CompleteRoundtrip" time="0.09"/>
              <testcase name="testMediatorDesignPattern2" classname="ptidej.solver.test.claire.roundtrip.CompleteRoundtrip" time="0.11"/>
              <testcase name="testMediatorDesignPattern1" classname="ptidej.solver.test.claire.roundtrip.CompleteRoundtrip" time="0.1"/>
            </testsuite>
            <testsuite name="ptidej.solver.test.claire.roundtrip.HalfRoundtrip" time="0.853">
              <testcase name="testFactoryMethodDesignPattern1" classname="ptidej.solver.test.claire.roundtrip.HalfRoundtrip" time="0.1"/>
              <testcase name="testFactoryMethodDesignPattern2" classname="ptidej.solver.test.claire.roundtrip.HalfRoundtrip" time="0.09"/>
              <testcase name="testCompositeDesignPattern2" classname="ptidej.solver.test.claire.roundtrip.HalfRoundtrip" time="0.165"/>
              <testcase name="testCompositeDesignPattern1" classname="ptidej.solver.test.claire.roundtrip.HalfRoundtrip" time="0.097"/>
              <testcase name="testFacadeDesignPattern1" classname="ptidej.solver.test.claire.roundtrip.HalfRoundtrip" time="0.101"/>
              <testcase name="testFacadeDesignPattern2" classname="ptidej.solver.test.claire.roundtrip.HalfRoundtrip" time="0.11"/>
              <testcase name="testMediatorDesignPattern2" classname="ptidej.solver.test.claire.roundtrip.HalfRoundtrip" time="0.09"/>
              <testcase name="testMediatorDesignPattern1" classname="ptidej.solver.test.claire.roundtrip.HalfRoundtrip" time="0.1"/>
            </testsuite>
          </testsuite>
          <testsuite name="TestSuite with 68 tests [example: ptidej.solver.test.claire.simple.Composition]" time="0.881">
            <testsuite name="ptidej.solver.test.claire.simple.Composition" time="0.1">
              <testcase name="testSolution1" classname="ptidej.solver.test.claire.simple.Composition" time="0.1"/>
              <testcase name="testSolution2" classname="ptidej.solver.test.claire.simple.Composition" time="0.0"/>
              <testcase name="testSolutionPercentage" classname="ptidej.solver.test.claire.simple.Composition" time="0.0"/>
              <testcase name="testNumberOfSolutions" classname="ptidej.solver.test.claire.simple.Composition" time="0.0"/>
            </testsuite>
            <testsuite name="ptidej.solver.test.claire.simple.Creation" time="0.1">
              <testcase name="testSolution1" classname="ptidej.solver.test.claire.simple.Creation" time="0.1"/>
              <testcase name="testSolution2" classname="ptidej.solver.test.claire.simple.Creation" time="0.0"/>
              <testcase name="testSolutionPercentage" classname="ptidej.solver.test.claire.simple.Creation" time="0.0"/>
              <testcase name="testNumberOfSolutions" classname="ptidej.solver.test.claire.simple.Creation" time="0.0"/>
            </testsuite>
            <testsuite name="ptidej.solver.test.claire.simple.GoodInheritance" time="0.11">
              <testcase name="testSolution1" classname="ptidej.solver.test.claire.simple.GoodInheritance" time="0.11"/>
              <testcase name="testSolution2" classname="ptidej.solver.test.claire.simple.GoodInheritance" time="0.0"/>
              <testcase name="testSolutionPercentage" classname="ptidej.solver.test.claire.simple.GoodInheritance" time="0.0"/>
              <testcase name="testNumberOfSolutions" classname="ptidej.solver.test.claire.simple.GoodInheritance" time="0.0"/>
              <testcase name="testSolution7" classname="ptidej.solver.test.claire.simple.GoodInheritance" time="0.0"/>
              <testcase name="testSolution11" classname="ptidej.solver.test.claire.simple.GoodInheritance" time="0.0"/>
              <testcase name="testSolution10" classname="ptidej.solver.test.claire.simple.GoodInheritance" time="0.0"/>
              <testcase name="testSolution12" classname="ptidej.solver.test.claire.simple.GoodInheritance" time="0.0"/>
              <testcase name="testSolution8" classname="ptidej.solver.test.claire.simple.GoodInheritance" time="0.0"/>
              <testcase name="testSolution13" classname="ptidej.solver.test.claire.simple.GoodInheritance" time="0.0"/>
              <testcase name="testSolution9" classname="ptidej.solver.test.claire.simple.GoodInheritance" time="0.0"/>
              <testcase name="testSolution3" classname="ptidej.solver.test.claire.simple.GoodInheritance" time="0.0"/>
              <testcase name="testSolution4" classname="ptidej.solver.test.claire.simple.GoodInheritance" time="0.0"/>
              <testcase name="testSolution5" classname="ptidej.solver.test.claire.simple.GoodInheritance" time="0.0"/>
              <testcase name="testSolution6" classname="ptidej.solver.test.claire.simple.GoodInheritance" time="0.0"/>
            </testsuite>
            <testsuite name="ptidej.solver.test.claire.simple.Ignorance" time="0.1">
              <testcase name="testSolution1" classname="ptidej.solver.test.claire.simple.Ignorance" time="0.1"/>
              <testcase name="testSolution2" classname="ptidej.solver.test.claire.simple.Ignorance" time="0.0"/>
              <testcase name="testSolutionPercentage" classname="ptidej.solver.test.claire.simple.Ignorance" time="0.0"/>
              <testcase name="testNumberOfSolutions" classname="ptidej.solver.test.claire.simple.Ignorance" time="0.0"/>
              <testcase name="testSolution3" classname="ptidej.solver.test.claire.simple.Ignorance" time="0.0"/>
              <testcase name="testSolution4" classname="ptidej.solver.test.claire.simple.Ignorance" time="0.0"/>
            </testsuite>
            <testsuite name="ptidej.solver.test.claire.simple.Inheritance" time="0.15">
              <testcase name="testSolution1" classname="ptidej.solver.test.claire.simple.Inheritance" time="0.14"/>
              <testcase name="testSolution2" classname="ptidej.solver.test.claire.simple.Inheritance" time="0.0"/>
              <testcase name="testSolutionPercentage" classname="ptidej.solver.test.claire.simple.Inheritance" time="0.0"/>
              <testcase name="testNumberOfSolutions" classname="ptidej.solver.test.claire.simple.Inheritance" time="0.0"/>
              <testcase name="testSolution7" classname="ptidej.solver.test.claire.simple.Inheritance" time="0.0"/>
              <testcase name="testSolution11" classname="ptidej.solver.test.claire.simple.Inheritance" time="0.0"/>
              <testcase name="testSolution10" classname="ptidej.solver.test.claire.simple.Inheritance" time="0.0"/>
              <testcase name="testSolution12" classname="ptidej.solver.test.claire.simple.Inheritance" time="0.0"/>
              <testcase name="testSolution8" classname="ptidej.solver.test.claire.simple.Inheritance" time="0.0"/>
              <testcase name="testSolution13" classname="ptidej.solver.test.claire.simple.Inheritance" time="0.0"/>
              <testcase name="testSolution9" classname="ptidej.solver.test.claire.simple.Inheritance" time="0.0"/>
              <testcase name="testSolution3" classname="ptidej.solver.test.claire.simple.Inheritance" time="0.0"/>
              <testcase name="testSolution4" classname="ptidej.solver.test.claire.simple.Inheritance" time="0.0"/>
              <testcase name="testSolution5" classname="ptidej.solver.test.claire.simple.Inheritance" time="0.01"/>
              <testcase name="testSolution6" classname="ptidej.solver.test.claire.simple.Inheritance" time="0.0"/>
            </testsuite>
            <testsuite name="ptidej.solver.test.claire.simple.InheritancePath" time="0.13">
              <testcase name="testSolution1" classname="ptidej.solver.test.claire.simple.InheritancePath" time="0.12"/>
              <testcase name="testSolution2" classname="ptidej.solver.test.claire.simple.InheritancePath" time="0.0"/>
              <testcase name="testSolutionPercentage" classname="ptidej.solver.test.claire.simple.InheritancePath" time="0.01"/>
              <testcase name="testNumberOfSolutions" classname="ptidej.solver.test.claire.simple.InheritancePath" time="0.0"/>
              <testcase name="testSolution7" classname="ptidej.solver.test.claire.simple.InheritancePath" time="0.0"/>
              <testcase name="testSolution10" classname="ptidej.solver.test.claire.simple.InheritancePath" time="0.0"/>
              <testcase name="testSolution8" classname="ptidej.solver.test.claire.simple.InheritancePath" time="0.0"/>
              <testcase name="testSolution9" classname="ptidej.solver.test.claire.simple.InheritancePath" time="0.0"/>
              <testcase name="testSolution3" classname="ptidej.solver.test.claire.simple.InheritancePath" time="0.0"/>
              <testcase name="testSolution4" classname="ptidej.solver.test.claire.simple.InheritancePath" time="0.0"/>
              <testcase name="testSolution5" classname="ptidej.solver.test.claire.simple.InheritancePath" time="0.0"/>
              <testcase name="testSolution6" classname="ptidej.solver.test.claire.simple.InheritancePath" time="0.0"/>
            </testsuite>
            <testsuite name="ptidej.solver.test.claire.simple.Use" time="0.091">
              <testcase name="testSolution1" classname="ptidej.solver.test.claire.simple.Use" time="0.091"/>
              <testcase name="testSolution2" classname="ptidej.solver.test.claire.simple.Use" time="0.0"/>
              <testcase name="testSolutionPercentage" classname="ptidej.solver.test.claire.simple.Use" time="0.0"/>
              <testcase name="testNumberOfSolutions" classname="ptidej.solver.test.claire.simple.Use" time="0.0"/>
            </testsuite>
            <testsuite name="ptidej.solver.test.claire.simple.StrictInheritance" time="0.1">
              <testcase name="testSolution1" classname="ptidej.solver.test.claire.simple.StrictInheritance" time="0.1"/>
              <testcase name="testSolution2" classname="ptidej.solver.test.claire.simple.StrictInheritance" time="0.0"/>
              <testcase name="testSolutionPercentage" classname="ptidej.solver.test.claire.simple.StrictInheritance" time="0.0"/>
              <testcase name="testNumberOfSolutions" classname="ptidej.solver.test.claire.simple.StrictInheritance" time="0.0"/>
              <testcase name="testSolution3" classname="ptidej.solver.test.claire.simple.StrictInheritance" time="0.0"/>
              <testcase name="testSolution4" classname="ptidej.solver.test.claire.simple.StrictInheritance" time="0.0"/>
              <testcase name="testSolution5" classname="ptidej.solver.test.claire.simple.StrictInheritance" time="0.0"/>
              <testcase name="testSolution6" classname="ptidej.solver.test.claire.simple.StrictInheritance" time="0.0"/>
            </testsuite>
          </testsuite>
        </testsuite>
      </testsuite>
      <testsuite name="TestSuite with 16 tests [example: padl.refactoring.test.method.RefactoringMoveMethodTest]" time="8.262">
        <testsuite name="padl.refactoring.test.method.RefactoringMoveMethodTest" time="1.951">
          <testcase name="testMoveMethod" classname="padl.refactoring.test.method.RefactoringMoveMethodTest" time="0.643"/>
          <testcase name="testMoveMethod2" classname="padl.refactoring.test.method.RefactoringMoveMethodTest" time="0.644"/>
          <testcase name="testMoveMethod3" classname="padl.refactoring.test.method.RefactoringMoveMethodTest" time="0.664"/>
        </testsuite>
        <testsuite name="padl.refactoring.test.method.RefactoringPullUpMethodTest" time="0.01">
          <testcase name="testPullUpMethod" classname="padl.refactoring.test.method.RefactoringPullUpMethodTest" time="0.01"/>
        </testsuite>
        <testsuite name="padl.refactoring.test.method.RefactoringPushDownMethodTest" time="0.01">
          <testcase name="testPushDownMethodAcceptOverloading" classname="padl.refactoring.test.method.RefactoringPushDownMethodTest" time="0.01"/>
          <testcase name="testPushDownMethod2" classname="padl.refactoring.test.method.RefactoringPushDownMethodTest" time="0.0"/>
          <testcase name="testPushDownMethod" classname="padl.refactoring.test.method.RefactoringPushDownMethodTest" time="0.0"/>
        </testsuite>
        <testsuite name="padl.refactoring.test.method.RefactoringRenameMethodTest" time="6.291">
          <testcase name="testRenameMethodWithPropagationToHierarchy" classname="padl.refactoring.test.method.RefactoringRenameMethodTest" time="0.682"/>
          <testcase name="testRenameMethodAcceptOverloading" classname="padl.refactoring.test.method.RefactoringRenameMethodTest" time="0.636"/>
          <testcase name="testRenameMethodWithPropagationToHierarchy2" classname="padl.refactoring.test.method.RefactoringRenameMethodTest" time="0.734"/>
          <testcase name="testrenameMethodWithPropagationToInterface" classname="padl.refactoring.test.method.RefactoringRenameMethodTest" time="1.176"/>
          <testcase name="testrenameMethodWithPropagationToInterface2" classname="padl.refactoring.test.method.RefactoringRenameMethodTest" time="0.594"/>
          <testcase name="testRenameMethod2" classname="padl.refactoring.test.method.RefactoringRenameMethodTest" time="0.61"/>
          <testcase name="testRenameMethod" classname="padl.refactoring.test.method.RefactoringRenameMethodTest" time="0.737"/>
          <testcase name="testrenameMethodWithPropagationToHierarchyAcceptOverloading" classname="padl.refactoring.test.method.RefactoringRenameMethodTest" time="0.58"/>
          <testcase name="testrenameMethodWithPropagationToInterfaceAcceptOverloading" classname="padl.refactoring.test.method.RefactoringRenameMethodTest" time="0.542"/>
        </testsuite>
      </testsuite>
      <testsuite name="TestSuite with 37 tests [example: sad.detection.test.generic.BoxPlotTest]" time="168.765">
        <testsuite name="sad.detection.test.generic.BoxPlotTest" time="0.0">
          <testcase name="testCurrentUpperQuartile" classname="sad.detection.test.generic.BoxPlotTest" time="0.0"/>
          <testcase name="testCurrentHigherValue" classname="sad.detection.test.generic.BoxPlotTest" time="0.0"/>
          <testcase name="testCurrentHigherValue2" classname="sad.detection.test.generic.BoxPlotTest" time="0.0"/>
          <testcase name="testCurrentHighValues" classname="sad.detection.test.generic.BoxPlotTest" time="0.0"/>
          <testcase name="testCurrentNormalValues" classname="sad.detection.test.generic.BoxPlotTest" time="0.0"/>
          <testcase name="testCurrentIQR" classname="sad.detection.test.generic.BoxPlotTest" time="0.0"/>
          <testcase name="testCurrentLowerQuartile" classname="sad.detection.test.generic.BoxPlotTest" time="0.0"/>
          <testcase name="testCurrentLowerValue" classname="sad.detection.test.generic.BoxPlotTest" time="0.0"/>
          <testcase name="testCurrentLowValues" classname="sad.detection.test.generic.BoxPlotTest" time="0.0"/>
          <testcase name="testCurrentMaxBound" classname="sad.detection.test.generic.BoxPlotTest" time="0.0"/>
          <testcase name="testCurrentMedian" classname="sad.detection.test.generic.BoxPlotTest" time="0.0"/>
          <testcase name="testCurrentMinBound" classname="sad.detection.test.generic.BoxPlotTest" time="0.0"/>
          <testcase name="testCurrentOutliers" classname="sad.detection.test.generic.BoxPlotTest" time="0.0"/>
          <testcase name="testCurrentOutliers2" classname="sad.detection.test.generic.BoxPlotTest" time="0.0"/>
          <testcase name="testEmptyData" classname="sad.detection.test.generic.BoxPlotTest" time="0.0"/>
        </testsuite>
        <testsuite name="sad.detection.test.xerces.SpaghettiCodeTest" time="14.647">
          <testcase name="testSpaghettiCode" classname="sad.detection.test.xerces.SpaghettiCodeTest" time="14.596"/>
          <testcase name="testLongMethod" classname="sad.detection.test.xerces.SpaghettiCodeTest" time="0.021"/>
          <testcase name="testMethodWithNoParameter" classname="sad.detection.test.xerces.SpaghettiCodeTest" time="0.03"/>
        </testsuite>
        <testsuite name="sad.detection.test.generic.DetectionCodeSmellTest" time="4.399">
          <testcase name="testDetectAllClassGlobalVariable" classname="sad.detection.test.generic.DetectionCodeSmellTest" time="2.538"/>
          <testcase name="testDetectAllMethodsNoParameter" classname="sad.detection.test.generic.DetectionCodeSmellTest" time="0.501"/>
          <testcase name="testDetectAllMultipleInterface" classname="sad.detection.test.generic.DetectionCodeSmellTest" time="0.01"/>
          <testcase name="testDetectAllClassNoInheritance" classname="sad.detection.test.generic.DetectionCodeSmellTest" time="0.01"/>
          <testcase name="testDetectAllClassNoPolymorphism" classname="sad.detection.test.generic.DetectionCodeSmellTest" time="0.01"/>
          <testcase name="testDetectAllClassOneMethod" classname="sad.detection.test.generic.DetectionCodeSmellTest" time="0.02"/>
          <testcase name="testDetectAllControllerClass" classname="sad.detection.test.generic.DetectionCodeSmellTest" time="0.03"/>
          <testcase name="testDetectAllDataClass" classname="sad.detection.test.generic.DetectionCodeSmellTest" time="0.02"/>
          <testcase name="testDetectAllFunctionClass" classname="sad.detection.test.generic.DetectionCodeSmellTest" time="0.01"/>
          <testcase name="testDetectAllLargeClass" classname="sad.detection.test.generic.DetectionCodeSmellTest" time="0.01"/>
          <testcase name="testDetectAllLongMethods" classname="sad.detection.test.generic.DetectionCodeSmellTest" time="0.01"/>
          <testcase name="testDetectAllLowCohesion" classname="sad.detection.test.generic.DetectionCodeSmellTest" time="1.23"/>
        </testsuite>
        <testsuite name="sad.detection.test.swt.DetectionAntipatternSWTTest" time="103.444">
          <testcase name="testDetectFunctionalDecompositions" classname="sad.detection.test.swt.DetectionAntipatternSWTTest" time="1.301"/>
          <testcase name="testDetectBlobs" classname="sad.detection.test.swt.DetectionAntipatternSWTTest" time="102.132"/>
          <testcase name="testDetectSpaghettiCodes" classname="sad.detection.test.swt.DetectionAntipatternSWTTest" time="0.011"/>
          <testcase name="testDetectSwissArmyKnives" classname="sad.detection.test.swt.DetectionAntipatternSWTTest" time="0.0"/>
        </testsuite>
        <testsuite name="sad.detection.test.xerces.BlobTest" time="31.393">
          <testcase name="testBlobDetectionInClassFiles" classname="sad.detection.test.xerces.BlobTest" time="30.682"/>
          <testcase name="testBlobDetectionInJavaFiles" classname="sad.detection.test.xerces.BlobTest" time="0.711"/>
        </testsuite>
        <testsuite name="sad.detection.test.helper.xerces.SpaghettiCodeTest" time="14.882">
          <testcase name="testSpaghettiCode" classname="sad.detection.test.helper.xerces.SpaghettiCodeTest" time="14.882"/>
        </testsuite>
      </testsuite>
      <testsuite name="TestSuite with 11 tests [example: padl.serialiser.test.TestDB4OSerialiserSanity]" time="438.513">
        <testsuite name="padl.serialiser.test.TestDB4OSerialiserSanity" time="2.151">
          <testcase name="testModels" classname="padl.serialiser.test.TestDB4OSerialiserSanity" time="1.311"/>
          <testcase name="testNames" classname="padl.serialiser.test.TestDB4OSerialiserSanity" time="0.22"/>
          <testcase name="testEntities" classname="padl.serialiser.test.TestDB4OSerialiserSanity" time="0.22"/>
          <testcase name="testElements" classname="padl.serialiser.test.TestDB4OSerialiserSanity" time="0.18"/>
          <testcase name="testInheritance" classname="padl.serialiser.test.TestDB4OSerialiserSanity" time="0.22"/>
        </testsuite>
        <testsuite name="padl.serialiser.test.TestDB4OSerialiserJHotDraw51" time="0.081">
          <testcase name="testNames" classname="padl.serialiser.test.TestDB4OSerialiserJHotDraw51" time="0.081"/>
          <testcase name="testEntities" classname="padl.serialiser.test.TestDB4OSerialiserJHotDraw51" time="0.0"/>
          <testcase name="testElements" classname="padl.serialiser.test.TestDB4OSerialiserJHotDraw51" time="0.0"/>
          <testcase name="testInheritance" classname="padl.serialiser.test.TestDB4OSerialiserJHotDraw51" time="0.0"/>
        </testsuite>
        <testsuite name="padl.serialiser.test.TestDB4OSerialiserArgoUML020" time="436.281">
          <testcase name="testNames" classname="padl.serialiser.test.TestDB4OSerialiserArgoUML020" time="436.241">
            <error>java.lang.OutOfMemoryError: Java heap space&#13;
	at com.db4o.foundation.BitMap4.&lt;init&gt;(BitMap4.java:24)&#13;
	at com.db4o.internal.handlers.array.ArrayVersionHelper.readTypeInfo(ArrayVersionHelper.java:73)&#13;
	at com.db4o.internal.handlers.array.ArrayHandler.readInfo(ArrayHandler.java:219)&#13;
	at com.db4o.internal.handlers.array.ArrayHandler.readCreate(ArrayHandler.java:191)&#13;
	at com.db4o.internal.handlers.array.ArrayHandler.read(ArrayHandler.java:354)&#13;
	at com.db4o.internal.Handlers4.readValueType(Handlers4.java:313)&#13;
	at com.db4o.internal.marshall.AbstractReadContext.readAtCurrentSeekPosition(AbstractReadContext.java:48)&#13;
	at com.db4o.internal.marshall.AbstractReadContext$1.run(AbstractReadContext.java:38)&#13;
	at com.db4o.internal.marshall.SlotFormat.doWithSlotIndirection(SlotFormat.java:76)&#13;
	at com.db4o.internal.marshall.SlotFormat.doWithSlotIndirection(SlotFormat.java:66)&#13;
	at com.db4o.internal.marshall.AbstractReadContext.readObject(AbstractReadContext.java:36)&#13;
	at com.db4o.internal.marshall.AbstractReadContext.read(AbstractReadContext.java:28)&#13;
	at com.db4o.internal.FieldMetadata.read(FieldMetadata.java:811)&#13;
	at com.db4o.internal.FieldMetadata.activate(FieldMetadata.java:646)&#13;
	at com.db4o.internal.handlers.StandardReferenceTypeHandler$2.processAspect(StandardReferenceTypeHandler.java:87)&#13;
	at com.db4o.internal.metadata.MarshallingInfoTraverseAspectCommand.processAspect(MarshallingInfoTraverseAspectCommand.java:52)&#13;
	at com.db4o.internal.metadata.StandardAspectTraversalStrategy.traverseAllAspects(StandardAspectTraversalStrategy.java:24)&#13;
	at com.db4o.internal.ClassMetadata.traverseAllAspects(ClassMetadata.java:2087)&#13;
	at com.db4o.internal.handlers.StandardReferenceTypeHandler.traverseAllAspects(StandardReferenceTypeHandler.java:236)&#13;
	at com.db4o.internal.handlers.StandardReferenceTypeHandler.activateAspects(StandardReferenceTypeHandler.java:90)&#13;
	at com.db4o.internal.handlers.StandardReferenceTypeHandler.activate(StandardReferenceTypeHandler.java:112)&#13;
	at com.db4o.internal.Handlers4.activate(Handlers4.java:304)&#13;
	at com.db4o.internal.ClassMetadata.instantiateFields(ClassMetadata.java:1320)&#13;
	at com.db4o.internal.ClassMetadata.activate(ClassMetadata.java:1254)&#13;
	at com.db4o.internal.ClassMetadata.instantiate(ClassMetadata.java:1212)&#13;
	at com.db4o.internal.marshall.UnmarshallingContext.read(UnmarshallingContext.java:70)&#13;
	at com.db4o.internal.ObjectReference.read(ObjectReference.java:304)&#13;
	at com.db4o.internal.ObjectReference.readForActivation(ObjectReference.java:136)&#13;
	at com.db4o.internal.ObjectReference.activateInternal(ObjectReference.java:132)&#13;
	at com.db4o.internal.ObjectContainerBase.processedByImmediateActivation(ObjectContainerBase.java:1850)&#13;
	at com.db4o.internal.ObjectContainerBase.stillToActivate(ObjectContainerBase.java:1826)&#13;
	at com.db4o.internal.marshall.AbstractReadContext.readObject(AbstractReadContext.java:75)&#13;
&#13;
</error>
          </testcase>
          <testcase name="testComparator" classname="padl.serialiser.test.TestDB4OSerialiserArgoUML020" time="0.04">
            <error>java.lang.RuntimeException: java.lang.reflect.InvocationTargetException&#13;
	at padl.kernel.impl.Constituent.accept(Constituent.java:149)&#13;
	at padl.kernel.impl.FirstClassEntity.accept(FirstClassEntity.java:65)&#13;
	at padl.kernel.impl.Package.accept(Package.java:58)&#13;
	at padl.kernel.impl.AbstractLevelModel.walk(AbstractLevelModel.java:427)&#13;
	at padl.util.adapter.IdiomLevelModelAdapter.walk(IdiomLevelModelAdapter.java:215)&#13;
	at padl.serialiser.test.TestDB4OSerialiserArgoUML020.testComparator(TestDB4OSerialiserArgoUML020.java:109)&#13;
	at sun.reflect.NativeMethodAccessorImpl.invoke0(Native Method)&#13;
	at sun.reflect.NativeMethodAccessorImpl.invoke(Unknown Source)&#13;
	at sun.reflect.DelegatingMethodAccessorImpl.invoke(Unknown Source)&#13;
	at java.lang.reflect.Method.invoke(Unknown Source)&#13;
	at junit.framework.TestCase.runTest(TestCase.java:168)&#13;
	at junit.framework.TestCase.runBare(TestCase.java:142)&#13;
	at junit.framework.TestResult$1.protect(TestResult.java:106)&#13;
	at junit.framework.TestResult.runProtected(TestResult.java:124)&#13;
	at junit.framework.TestResult.run(TestResult.java:109)&#13;
	at junit.framework.TestCase.run(TestCase.java:133)&#13;
	at junit.framework.TestSuite.runTest(TestSuite.java:176)&#13;
	at junit.framework.TestSuite.run(TestSuite.java:171)&#13;
	at junit.framework.TestSuite.runTest(TestSuite.java:176)&#13;
	at junit.framework.TestSuite.run(TestSuite.java:171)&#13;
	at junit.framework.TestSuite.runTest(TestSuite.java:176)&#13;
	at junit.framework.TestSuite.run(TestSuite.java:171)&#13;
	at junit.framework.TestSuite.runTest(TestSuite.java:176)&#13;
	at junit.framework.TestSuite.run(TestSuite.java:171)&#13;
	at org.junit.internal.runners.JUnit38ClassRunner.run(JUnit38ClassRunner.java:83)&#13;
	at org.eclipse.jdt.internal.junit4.runner.JUnit4TestReference.run(JUnit4TestReference.java:50)&#13;
	at org.eclipse.jdt.internal.junit.runner.TestExecution.run(TestExecution.java:38)&#13;
	at org.eclipse.jdt.internal.junit.runner.RemoteTestRunner.runTests(RemoteTestRunner.java:467)&#13;
	at org.eclipse.jdt.internal.junit.runner.RemoteTestRunner.runTests(RemoteTestRunner.java:683)&#13;
	at org.eclipse.jdt.internal.junit.runner.RemoteTestRunner.run(RemoteTestRunner.java:390)&#13;
	at org.eclipse.jdt.internal.junit.runner.RemoteTestRunner.main(RemoteTestRunner.java:197)&#13;
Caused by: java.lang.reflect.InvocationTargetException&#13;
	at sun.reflect.NativeMethodAccessorImpl.invoke0(Native Method)&#13;
	at sun.reflect.NativeMethodAccessorImpl.invoke(Unknown Source)&#13;
	at sun.reflect.DelegatingMethodAccessorImpl.invoke(Unknown Source)&#13;
	at java.lang.reflect.Method.invoke(Unknown Source)&#13;
	at padl.kernel.impl.Constituent.accept(Constituent.java:126)&#13;
	... 30 more&#13;
Caused by: java.lang.NullPointerException&#13;
	at padl.test.helper.ModelComparator.getRelatedConstituentInOtherModel(ModelComparator.java:284)&#13;
	at padl.test.helper.ModelComparator.open(ModelComparator.java:327)&#13;
	at padl.test.helper.ModelComparator.open(ModelComparator.java:343)&#13;
	... 35 more&#13;
&#13;
</error>
          </testcase>
        </testsuite>
      </testsuite>
      <testsuite name="TestSuite with 8 tests [example: padl.serialiser.test.TestComposite]" time="746.267">
        <testsuite name="padl.serialiser.test.TestComposite" time="2.177">
          <testcase name="testNames" classname="padl.serialiser.test.TestComposite" time="2.177"/>
          <testcase name="testComparator" classname="padl.serialiser.test.TestComposite" time="0.0"/>
        </testsuite>
        <testsuite name="padl.serialiser.test.TestJHotDraw" time="5.922">
          <testcase name="testNames" classname="padl.serialiser.test.TestJHotDraw" time="4.887"/>
          <testcase name="testComparator" classname="padl.serialiser.test.TestJHotDraw" time="1.035"/>
        </testsuite>
        <testsuite name="padl.serialiser.test.TestArgoUML0198" time="130.147">
          <testcase name="testNames" classname="padl.serialiser.test.TestArgoUML0198" time="128.712"/>
          <testcase name="testComparator" classname="padl.serialiser.test.TestArgoUML0198" time="1.435"/>
        </testsuite>
        <testsuite name="padl.serialiser.test.TestArgoUML020" time="608.021">
          <testcase name="testNames" classname="padl.serialiser.test.TestArgoUML020" time="608.021">
            <error>java.lang.OutOfMemoryError: Java heap space&#13;
&#13;
</error>
          </testcase>
          <testcase name="testComparator" classname="padl.serialiser.test.TestArgoUML020" time="0.0">
            <error>java.lang.NullPointerException&#13;
	at java.io.File.&lt;init&gt;(Unknown Source)&#13;
	at padl.serialiser.test.TestArgoUML020.tearDown(TestArgoUML020.java:90)&#13;
	at junit.framework.TestCase.runBare(TestCase.java:145)&#13;
	at junit.framework.TestResult$1.protect(TestResult.java:106)&#13;
	at junit.framework.TestResult.runProtected(TestResult.java:124)&#13;
	at junit.framework.TestResult.run(TestResult.java:109)&#13;
	at junit.framework.TestCase.run(TestCase.java:133)&#13;
	at junit.framework.TestSuite.runTest(TestSuite.java:176)&#13;
	at junit.framework.TestSuite.run(TestSuite.java:171)&#13;
	at junit.framework.TestSuite.runTest(TestSuite.java:176)&#13;
	at junit.framework.TestSuite.run(TestSuite.java:171)&#13;
	at junit.framework.TestSuite.runTest(TestSuite.java:176)&#13;
	at junit.framework.TestSuite.run(TestSuite.java:171)&#13;
	at junit.framework.TestSuite.runTest(TestSuite.java:176)&#13;
	at junit.framework.TestSuite.run(TestSuite.java:171)&#13;
	at org.junit.internal.runners.JUnit38ClassRunner.run(JUnit38ClassRunner.java:83)&#13;
	at org.eclipse.jdt.internal.junit4.runner.JUnit4TestReference.run(JUnit4TestReference.java:50)&#13;
	at org.eclipse.jdt.internal.junit.runner.TestExecution.run(TestExecution.java:38)&#13;
	at org.eclipse.jdt.internal.junit.runner.RemoteTestRunner.runTests(RemoteTestRunner.java:467)&#13;
	at org.eclipse.jdt.internal.junit.runner.RemoteTestRunner.runTests(RemoteTestRunner.java:683)&#13;
	at org.eclipse.jdt.internal.junit.runner.RemoteTestRunner.run(RemoteTestRunner.java:390)&#13;
	at org.eclipse.jdt.internal.junit.runner.RemoteTestRunner.main(RemoteTestRunner.java:197)&#13;
&#13;
</error>
          </testcase>
        </testsuite>
      </testsuite>
    </testsuite>
  </testsuite>
</testrun>
